Mplus VERSION 8.5 (Mac)
MUTHEN & MUTHEN
02/28/2022   5:47 PM

INPUT INSTRUCTIONS

  TITLE: 03_TIRT_SD3;

  DATA: FILE IS 'df_sd.dat';

  VARIABLE:
  Names ARE
  ID
  S01S02
  S01S03
  S02S03
  S04S05
  S04S06
  S05S06
  S07S08
  S07S09
  S08S09
  S10S11
  S10S12
  S11S12
  S13S14
  S13S15
  S14S15
  S16S17
  S16S18
  S17S18
  S19S20
  S19S21
  S20S21
  S22S23
  S22S24
  S23S24
  S25S26
  S25S27
  S26S27;
  USEVARIABLES ARE S01S02-S26S27;
  CATEGORICAL ARE ALL;
  IDVARIABLE = ID;
  MISSING ARE ALL (-99);


  ANALYSIS:
  ESTIMATOR = ULSMV;
  PARAMETERIZATION = theta;

  MODEL:
  SMac BY
  S01S03*-1 (L_S03_n)
  S02S03*-1 (L_S03_n)
  S04S05*-1 (L_S05_n)
  S05S06*1 (L_S05)
  S07S09*-1 (L_S09_n)
  S08S09*-1 (L_S09_n)
  S10S11*-1 (L_S11_n)
  S11S12*1 (L_S11)
  S13S14*1 (L_S13)
  S13S15*1 (L_S13)
  S16S17*1 (L_S16)
  S16S18*1 (L_S16)
  S19S20*1 (L_S19)
  S19S21*1 (L_S19)
  S22S24*-1 (L_S24_n)
  S23S24*-1 (L_S24_n)
  S25S26*-1 (L_S26_n)
  S26S27*1 (L_S26);

  SNar BY
  S01S02*1 (L_S01)
  S01S03*1 (L_S01)
  S04S05*-1 (L_S04)
  S04S06*-1 (L_S04)
  S07S08*1 (L_S07)
  S07S09*1 (L_S07)
  S10S12*-1 (L_S12_n)
  S11S12*-1 (L_S12_n)
  S13S14*-1 (L_S14_n)
  S14S15*1 (L_S14)
  S16S17*1 (L_S17_n)
  S17S18*-1 (L_S17)
  S19S21*1 (L_S21_n)
  S20S21*1 (L_S21_n)
  S22S23*-1 (L_S23_n)
  S23S24*1 (L_S23)
  S25S27*-1 (L_S27_n)
  S26S27*-1 (L_S27_n);

  SPsy BY
  S01S02*-1 (L_S02_n)
  S02S03*1 (L_S02)
  S04S06*-1 (L_S06_n)
  S05S06*-1 (L_S06_n)
  S07S08*-1 (L_S08_n)
  S08S09*1 (L_S08)
  S10S11*-1 (L_S10)
  S10S12*-1 (L_S10)
  S13S15*-1 (L_S15_n)
  S14S15*-1 (L_S15_n)
  S16S18*-1 (L_S18_n)
  S17S18*-1 (L_S18_n)
  S19S20*-1 (L_S20_n)
  S20S21*1 (L_S20)
  S22S23*1 (L_S22)
  S22S24*1 (L_S22)
  S25S26*-1 (L_S25)
  S25S27*-1 (L_S25);

  ! means for all traits are set to 0
  [SMac@0]; [SNar@0]; [SPsy@0];

  ! variances for all traits are set to 1
  SMac@1; SNar@1; SPsy@1;

  ! starting values for correlations between traits are set to 0
  SMac WITH SNar*0;
  SMac WITH SPsy*0;
  SNar WITH SPsy*0;

  ! declare uniquenesses and set their starting values
  S01S02*2 (eS01eS02);
  S01S03*2 (eS01eS03);
  S02S03*2 (eS02eS03);
  S04S05*2 (eS04eS05);
  S04S06*2 (eS04eS06);
  S05S06*2 (eS05eS06);
  S07S08*2 (eS07eS08);
  S07S09*2 (eS07eS09);
  S08S09*2 (eS08eS09);
  S10S11*2 (eS10eS11);
  S10S12*2 (eS10eS12);
  S11S12*2 (eS11eS12);
  S13S14*2 (eS13eS14);
  S13S15*2 (eS13eS15);
  S14S15*2 (eS14eS15);
  S16S17*2 (eS16eS17);
  S16S18*2 (eS16eS18);
  S17S18*2 (eS17eS18);
  S19S20*2 (eS19eS20);
  S19S21*2 (eS19eS21);
  S20S21*2 (eS20eS21);
  S22S23*2 (eS22eS23);
  S22S24*2 (eS22eS24);
  S23S24*2 (eS23eS24);
  S25S26*2 (eS25eS26);
  S25S27*2 (eS25eS27);
  S26S27*2 (eS26eS27);

  ! declare correlated uniquenesses and set their starting values
  S01S02 WITH S01S03*1 (eS01);
  S01S02 WITH S02S03*-1 (eS02_n);
  S01S03 WITH S02S03*1 (eS03);
  S04S05 WITH S04S06*1 (eS04);
  S04S05 WITH S05S06*-1 (eS05_n);
  S04S06 WITH S05S06*1 (eS06);
  S07S08 WITH S07S09*1 (eS07);
  S07S08 WITH S08S09*-1 (eS08_n);
  S07S09 WITH S08S09*1 (eS09);
  S10S11 WITH S10S12*1 (eS10);
  S10S11 WITH S11S12*-1 (eS11_n);
  S10S12 WITH S11S12*1 (eS12);
  S13S14 WITH S13S15*1 (eS13);
  S13S14 WITH S14S15*-1 (eS14_n);
  S13S15 WITH S14S15*1 (eS15);
  S16S17 WITH S16S18*1 (eS16);
  S16S17 WITH S17S18*-1 (eS17_n);
  S16S18 WITH S17S18*1 (eS18);
  S19S20 WITH S19S21*1 (eS19);
  S19S20 WITH S20S21*-1 (eS20_n);
  S19S21 WITH S20S21*1 (eS21);
  S22S23 WITH S22S24*1 (eS22);
  S22S23 WITH S23S24*-1 (eS23_n);
  S22S24 WITH S23S24*1 (eS24);
  S25S26 WITH S25S27*1 (eS25);
  S25S26 WITH S26S27*-1 (eS26_n);
  S25S27 WITH S26S27*1 (eS27);


  MODEL CONSTRAINT:

  ! factor loadings relating to the same item are equal in absolute magnitude
  L_S02_n = -L_S02;
  L_S05_n = -L_S05;
  L_S08_n = -L_S08;
  L_S11_n = -L_S11;
  L_S14_n = -L_S14;
  L_S17_n = -L_S17;
  L_S20_n = -L_S20;
  L_S23_n = -L_S23;
  L_S26_n = -L_S26;

  ! pair's uniqueness is equal to the sum of 2 utility uniquenesses
  eS01eS02 = eS01 - eS02_n;
  eS01eS03 = eS01 + eS03;
  eS02eS03 = -eS02_n + eS03;
  eS04eS05 = eS04 - eS05_n;
  eS04eS06 = eS04 + eS06;
  eS05eS06 = -eS05_n + eS06;
  eS07eS08 = eS07 - eS08_n;
  eS07eS09 = eS07 + eS09;
  eS08eS09 = -eS08_n + eS09;
  eS10eS11 = eS10 - eS11_n;
  eS10eS12 = eS10 + eS12;
  eS11eS12 = -eS11_n + eS12;
  eS13eS14 = eS13 - eS14_n;
  eS13eS15 = eS13 + eS15;
  eS14eS15 = -eS14_n + eS15;
  eS16eS17 = eS16 - eS17_n;
  eS16eS18 = eS16 + eS18;
  eS17eS18 = -eS17_n + eS18;
  eS19eS20 = eS19 - eS20_n;
  eS19eS21 = eS19 + eS21;
  eS20eS21 = -eS20_n + eS21;
  eS22eS23 = eS22 - eS23_n;
  eS22eS24 = eS22 + eS24;
  eS23eS24 = -eS23_n + eS24;
  eS25eS26 = eS25 - eS26_n;
  eS25eS27 = eS25 + eS27;
  eS26eS27 = -eS26_n + eS27;

  ! fix one uniquness per block for identification
  eS01=1;
  eS04=1;
  eS07=1;
  eS10=1;
  eS13=1;
  eS16=1;
  eS19=1;
  eS22=1;
  eS25=1;


  OUTPUT:
  sampstat standardized;

  SAVEDATA:
  FILE IS 'fscores_sd.dat';
  SAVE = FSCORES;



*** WARNING
  Data set contains cases with missing on all variables.
  These cases were not included in the analysis.
  Number of cases with missing on all variables:  26
   1 WARNING(S) FOUND IN THE INPUT INSTRUCTIONS



03_TIRT_SD3;

SUMMARY OF ANALYSIS

Number of groups                                                 1
Number of observations                                        1143

Number of dependent variables                                   27
Number of independent variables                                  0
Number of continuous latent variables                            3

Observed dependent variables

  Binary and ordered categorical (ordinal)
   S01S02      S01S03      S02S03      S04S05      S04S06      S05S06
   S07S08      S07S09      S08S09      S10S11      S10S12      S11S12
   S13S14      S13S15      S14S15      S16S17      S16S18      S17S18
   S19S20      S19S21      S20S21      S22S23      S22S24      S23S24
   S25S26      S25S27      S26S27

Continuous latent variables
   SMAC        SNAR        SPSY

Variables with special functions

  ID variable           ID

Estimator                                                    ULSMV
Maximum number of iterations                                  1000
Convergence criterion                                    0.500D-04
Maximum number of steepest descent iterations                   20
Maximum number of iterations for H1                           2000
Convergence criterion for H1                             0.100D-03
Parameterization                                             THETA
Link                                                        PROBIT

Input data file(s)
  df_sd.dat

Input data format  FREE


SUMMARY OF DATA

     Number of missing data patterns            46


COVARIANCE COVERAGE OF DATA

Minimum covariance coverage value   0.100


     PROPORTION OF DATA PRESENT


           Covariance Coverage
              S01S02        S01S03        S02S03        S04S05        S04S06
              ________      ________      ________      ________      ________
 S01S02         0.984
 S01S03         0.981         0.983
 S02S03         0.981         0.981         0.983
 S04S05         0.979         0.977         0.977         0.988
 S04S06         0.976         0.976         0.975         0.983         0.983
 S05S06         0.976         0.976         0.976         0.983         0.983
 S07S08         0.979         0.978         0.979         0.982         0.977
 S07S09         0.976         0.976         0.976         0.978         0.976
 S08S09         0.975         0.976         0.975         0.977         0.976
 S10S11         0.980         0.979         0.980         0.983         0.978
 S10S12         0.978         0.980         0.979         0.980         0.978
 S11S12         0.977         0.979         0.978         0.979         0.977
 S13S14         0.982         0.982         0.982         0.983         0.980
 S13S15         0.982         0.981         0.980         0.984         0.982
 S14S15         0.980         0.981         0.979         0.982         0.980
 S16S17         0.979         0.979         0.980         0.983         0.979
 S16S18         0.976         0.977         0.976         0.978         0.976
 S17S18         0.975         0.976         0.976         0.977         0.976
 S19S20         0.977         0.977         0.978         0.982         0.977
 S19S21         0.976         0.977         0.976         0.980         0.978
 S20S21         0.977         0.978         0.977         0.979         0.977
 S22S23         0.976         0.976         0.976         0.978         0.975
 S22S24         0.975         0.975         0.973         0.976         0.974
 S23S24         0.974         0.975         0.974         0.976         0.975
 S25S26         0.981         0.980         0.979         0.983         0.980
 S25S27         0.979         0.979         0.978         0.982         0.979
 S26S27         0.978         0.978         0.979         0.982         0.978


           Covariance Coverage
              S05S06        S07S08        S07S09        S08S09        S10S11
              ________      ________      ________      ________      ________
 S05S06         0.986
 S07S08         0.979         0.990
 S07S09         0.978         0.983         0.984
 S08S09         0.976         0.983         0.983         0.983
 S10S11         0.980         0.983         0.978         0.977         0.990
 S10S12         0.979         0.980         0.978         0.977         0.985
 S11S12         0.978         0.979         0.977         0.976         0.985
 S13S14         0.983         0.984         0.981         0.979         0.987
 S13S15         0.983         0.983         0.981         0.979         0.984
 S14S15         0.982         0.981         0.980         0.978         0.983
 S16S17         0.981         0.983         0.979         0.978         0.984
 S16S18         0.976         0.979         0.976         0.976         0.979
 S17S18         0.977         0.977         0.976         0.975         0.977
 S19S20         0.979         0.983         0.977         0.976         0.983
 S19S21         0.979         0.978         0.977         0.976         0.978
 S20S21         0.978         0.980         0.978         0.977         0.980
 S22S23         0.976         0.981         0.976         0.975         0.983
 S22S24         0.975         0.977         0.975         0.974         0.978
 S23S24         0.976         0.977         0.976         0.975         0.979
 S25S26         0.981         0.983         0.980         0.979         0.984
 S25S27         0.980         0.982         0.979         0.978         0.983
 S26S27         0.980         0.983         0.978         0.977         0.983


           Covariance Coverage
              S10S12        S11S12        S13S14        S13S15        S14S15
              ________      ________      ________      ________      ________
 S10S12         0.986
 S11S12         0.985         0.985
 S13S14         0.983         0.983         0.991
 S13S15         0.983         0.983         0.987         0.990
 S14S15         0.983         0.982         0.987         0.987         0.987
 S16S17         0.981         0.980         0.985         0.983         0.982
 S16S18         0.979         0.978         0.981         0.980         0.979
 S17S18         0.978         0.977         0.980         0.980         0.979
 S19S20         0.979         0.978         0.983         0.981         0.979
 S19S21         0.979         0.978         0.980         0.981         0.979
 S20S21         0.980         0.979         0.982         0.982         0.981
 S22S23         0.978         0.978         0.983         0.980         0.979
 S22S24         0.977         0.976         0.980         0.978         0.978
 S23S24         0.978         0.978         0.979         0.979         0.978
 S25S26         0.983         0.982         0.985         0.985         0.983
 S25S27         0.982         0.981         0.983         0.984         0.983
 S26S27         0.981         0.980         0.984         0.983         0.982


           Covariance Coverage
              S16S17        S16S18        S17S18        S19S20        S19S21
              ________      ________      ________      ________      ________
 S16S17         0.989
 S16S18         0.982         0.983
 S17S18         0.982         0.982         0.983
 S19S20         0.983         0.978         0.977         0.988
 S19S21         0.980         0.977         0.977         0.982         0.983
 S20S21         0.981         0.978         0.977         0.982         0.982
 S22S23         0.981         0.975         0.974         0.980         0.976
 S22S24         0.976         0.975         0.973         0.976         0.975
 S23S24         0.977         0.975         0.974         0.976         0.976
 S25S26         0.983         0.981         0.979         0.983         0.981
 S25S27         0.983         0.979         0.978         0.981         0.980
 S26S27         0.983         0.978         0.977         0.982         0.979


           Covariance Coverage
              S20S21        S22S23        S22S24        S23S24        S25S26
              ________      ________      ________      ________      ________
 S20S21         0.984
 S22S23         0.977         0.986
 S22S24         0.976         0.980         0.982
 S23S24         0.977         0.980         0.980         0.982
 S25S26         0.983         0.980         0.979         0.979         0.990
 S25S27         0.982         0.980         0.978         0.978         0.987
 S26S27         0.981         0.981         0.977         0.977         0.987


           Covariance Coverage
              S25S27        S26S27
              ________      ________
 S25S27         0.988
 S26S27         0.987         0.989


UNIVARIATE PROPORTIONS AND COUNTS FOR CATEGORICAL VARIABLES

    S01S02
      Category 1    0.527          593.000
      Category 2    0.473          532.000
    S01S03
      Category 1    0.130          146.000
      Category 2    0.870          977.000
    S02S03
      Category 1    0.144          162.000
      Category 2    0.856          962.000
    S04S05
      Category 1    0.238          269.000
      Category 2    0.762          860.000
    S04S06
      Category 1    0.359          403.000
      Category 2    0.641          721.000
    S05S06
      Category 1    0.734          827.000
      Category 2    0.266          300.000
    S07S08
      Category 1    0.257          291.000
      Category 2    0.743          840.000
    S07S09
      Category 1    0.180          202.000
      Category 2    0.820          923.000
    S08S09
      Category 1    0.308          346.000
      Category 2    0.692          777.000
    S10S11
      Category 1    0.247          280.000
      Category 2    0.753          852.000
    S10S12
      Category 1    0.560          631.000
      Category 2    0.440          496.000
    S11S12
      Category 1    0.738          831.000
      Category 2    0.262          295.000
    S13S14
      Category 1    0.233          264.000
      Category 2    0.767          869.000
    S13S15
      Category 1    0.127          144.000
      Category 2    0.873          987.000
    S14S15
      Category 1    0.279          315.000
      Category 2    0.721          813.000
    S16S17
      Category 1    0.755          853.000
      Category 2    0.245          277.000
    S16S18
      Category 1    0.762          856.000
      Category 2    0.238          268.000
    S17S18
      Category 1    0.573          643.000
      Category 2    0.427          480.000
    S19S20
      Category 1    0.310          350.000
      Category 2    0.690          779.000
    S19S21
      Category 1    0.100          112.000
      Category 2    0.900         1012.000
    S20S21
      Category 1    0.173          195.000
      Category 2    0.827          930.000
    S22S23
      Category 1    0.411          463.000
      Category 2    0.589          664.000
    S22S24
      Category 1    0.410          460.000
      Category 2    0.590          662.000
    S23S24
      Category 1    0.537          603.000
      Category 2    0.463          519.000
    S25S26
      Category 1    0.298          337.000
      Category 2    0.702          795.000
    S25S27
      Category 1    0.165          186.000
      Category 2    0.835          943.000
    S26S27
      Category 1    0.283          320.000
      Category 2    0.717          810.000


SAMPLE STATISTICS


     ESTIMATED SAMPLE STATISTICS


           MEANS/INTERCEPTS/THRESHOLDS
              S01S02$1      S01S03$1      S02S03$1      S04S05$1      S04S06$1
              ________      ________      ________      ________      ________
                0.068        -1.126        -1.062        -0.712        -0.362


           MEANS/INTERCEPTS/THRESHOLDS
              S05S06$1      S07S08$1      S07S09$1      S08S09$1      S10S11$1
              ________      ________      ________      ________      ________
                0.624        -0.652        -0.917        -0.501        -0.683


           MEANS/INTERCEPTS/THRESHOLDS
              S10S12$1      S11S12$1      S13S14$1      S13S15$1      S14S15$1
              ________      ________      ________      ________      ________
                0.151         0.637        -0.729        -1.139        -0.585


           MEANS/INTERCEPTS/THRESHOLDS
              S16S17$1      S16S18$1      S17S18$1      S19S20$1      S19S21$1
              ________      ________      ________      ________      ________
                0.690         0.711         0.183        -0.496        -1.284


           MEANS/INTERCEPTS/THRESHOLDS
              S20S21$1      S22S23$1      S22S24$1      S23S24$1      S25S26$1
              ________      ________      ________      ________      ________
               -0.941        -0.225        -0.228         0.094        -0.531


           MEANS/INTERCEPTS/THRESHOLDS
              S25S27$1      S26S27$1
              ________      ________
               -0.975        -0.573


           CORRELATION MATRIX (WITH VARIANCES ON THE DIAGONAL)
              S01S02        S01S03        S02S03        S04S05        S04S06
              ________      ________      ________      ________      ________
 S01S02
 S01S03         0.423
 S02S03        -0.629         0.440
 S04S05         0.021         0.154         0.021
 S04S06        -0.007         0.057         0.095         0.693
 S05S06         0.081        -0.068         0.043        -0.453         0.339
 S07S08        -0.021         0.391         0.314         0.133        -0.057
 S07S09        -0.075         0.329         0.315        -0.003        -0.051
 S08S09         0.090         0.017         0.051        -0.129        -0.110
 S10S11        -0.077         0.257         0.317         0.223        -0.087
 S10S12         0.132        -0.062        -0.245         0.053         0.049
 S11S12         0.177        -0.272        -0.445        -0.060         0.123
 S13S14        -0.182         0.259         0.447         0.250         0.199
 S13S15        -0.142         0.279         0.449         0.169         0.107
 S14S15         0.083         0.078        -0.021         0.016        -0.096
 S16S17         0.078        -0.204        -0.158        -0.003        -0.047
 S16S18        -0.025        -0.273        -0.141         0.007         0.188
 S17S18        -0.144        -0.093         0.017         0.287         0.338
 S19S20         0.097         0.207         0.159        -0.012        -0.122
 S19S21         0.148         0.434         0.198         0.105         0.127
 S20S21        -0.050         0.229         0.149         0.235         0.247
 S22S23        -0.019         0.095         0.064         0.397         0.297
 S22S24        -0.067         0.024         0.043         0.327         0.314
 S23S24         0.030        -0.035        -0.017        -0.150        -0.048
 S25S26        -0.117         0.266         0.480         0.082        -0.011
 S25S27        -0.089         0.279         0.371        -0.071        -0.093
 S26S27         0.110         0.020        -0.077        -0.229        -0.182


           CORRELATION MATRIX (WITH VARIANCES ON THE DIAGONAL)
              S05S06        S07S08        S07S09        S08S09        S10S11
              ________      ________      ________      ________      ________
 S07S08        -0.180
 S07S09        -0.053         0.846
 S08S09         0.018        -0.226         0.328
 S10S11        -0.324         0.287         0.254         0.145
 S10S12         0.085        -0.110        -0.018         0.056         0.158
 S11S12         0.366        -0.221        -0.115        -0.024        -0.654
 S13S14        -0.101         0.364         0.273        -0.116         0.296
 S13S15         0.007         0.340         0.395         0.108         0.309
 S14S15         0.007         0.092         0.149         0.251         0.134
 S16S17         0.144        -0.201        -0.122         0.064        -0.077
 S16S18         0.297        -0.286        -0.067         0.020        -0.176
 S17S18         0.040        -0.067         0.077        -0.033         0.056
 S19S20        -0.078         0.225         0.153        -0.012         0.281
 S19S21        -0.090         0.313         0.366         0.068         0.270
 S20S21        -0.041         0.164         0.247         0.163         0.199
 S22S23        -0.131         0.113         0.094         0.087         0.215
 S22S24         0.020        -0.050        -0.020         0.045         0.049
 S23S24         0.259        -0.088        -0.113        -0.054        -0.175
 S25S26        -0.071         0.354         0.337         0.002         0.419
 S25S27        -0.100         0.312         0.394         0.171         0.269
 S26S27         0.011        -0.003         0.058         0.215        -0.020


           CORRELATION MATRIX (WITH VARIANCES ON THE DIAGONAL)
              S10S12        S11S12        S13S14        S13S15        S14S15
              ________      ________      ________      ________      ________
 S11S12         0.644
 S13S14        -0.275        -0.357
 S13S15        -0.171        -0.259         0.698
 S14S15         0.075         0.014        -0.386         0.393
 S16S17         0.077         0.185        -0.050        -0.232        -0.158
 S16S18         0.155         0.282        -0.077        -0.242        -0.157
 S17S18         0.111         0.039         0.043        -0.015        -0.034
 S19S20        -0.048        -0.150         0.197         0.259         0.122
 S19S21         0.026        -0.060         0.258         0.244         0.185
 S20S21         0.042        -0.055         0.118         0.170         0.094
 S22S23         0.174        -0.004         0.059         0.094         0.175
 S22S24         0.235         0.093         0.030         0.025        -0.024
 S23S24         0.062         0.209        -0.018        -0.021        -0.100
 S25S26        -0.221        -0.331         0.345         0.390         0.120
 S25S27        -0.248        -0.184         0.137         0.333         0.253
 S26S27         0.011         0.086        -0.120        -0.006         0.181


           CORRELATION MATRIX (WITH VARIANCES ON THE DIAGONAL)
              S16S17        S16S18        S17S18        S19S20        S19S21
              ________      ________      ________      ________      ________
 S16S18         0.746
 S17S18        -0.196         0.507
 S19S20         0.079         0.018        -0.191
 S19S21        -0.071        -0.157        -0.005         0.582
 S20S21        -0.198        -0.070         0.235        -0.398         0.514
 S22S23        -0.072         0.029         0.253        -0.044         0.141
 S22S24         0.055         0.261         0.263        -0.058         0.038
 S23S24         0.197         0.226        -0.010         0.066        -0.093
 S25S26        -0.138        -0.182        -0.014         0.137         0.165
 S25S27        -0.150        -0.184        -0.063         0.173         0.246
 S26S27         0.021        -0.053        -0.126         0.136         0.167


           CORRELATION MATRIX (WITH VARIANCES ON THE DIAGONAL)
              S20S21        S22S23        S22S24        S23S24        S25S26
              ________      ________      ________      ________      ________
 S22S23         0.203
 S22S24         0.153         0.636
 S23S24        -0.121        -0.534         0.316
 S25S26         0.227         0.168        -0.001        -0.171
 S25S27         0.094         0.001        -0.082        -0.014         0.682
 S26S27        -0.083        -0.198        -0.145         0.180        -0.323


           CORRELATION MATRIX (WITH VARIANCES ON THE DIAGONAL)
              S25S27        S26S27
              ________      ________
 S26S27         0.473


     THIS ANALYSIS MAY HAVE MULTIPLE SOLUTIONS.  EXPLORE THIS USING RANDOM STARTS,
     FOR EXAMPLE, STARTS = 20.  USE A LARGE ENOUGH NUMBER OF STARTS SO THAT THE
     BEST FIT FUNCTION VALUE IS REPLICATED SEVERAL TIMES.


THE MODEL ESTIMATION TERMINATED NORMALLY

     WARNING:  THE RESIDUAL COVARIANCE MATRIX (THETA) IS NOT POSITIVE DEFINITE.
     THIS COULD INDICATE A NEGATIVE VARIANCE/RESIDUAL VARIANCE FOR AN OBSERVED
     VARIABLE, A CORRELATION GREATER OR EQUAL TO ONE BETWEEN TWO OBSERVED
     VARIABLES, OR A LINEAR DEPENDENCY AMONG MORE THAN TWO OBSERVED VARIABLES.
     CHECK THE RESULTS SECTION FOR MORE INFORMATION.
     PROBLEM INVOLVING VARIABLE S02S03.


     WARNING:  THE LATENT VARIABLE COVARIANCE MATRIX (PSI) IS NOT POSITIVE
     DEFINITE.  THIS COULD INDICATE A NEGATIVE VARIANCE/RESIDUAL VARIANCE FOR A
     LATENT VARIABLE, A CORRELATION GREATER OR EQUAL TO ONE BETWEEN TWO LATENT
     VARIABLES, OR A LINEAR DEPENDENCY AMONG MORE THAN TWO LATENT VARIABLES.
     CHECK THE TECH4 OUTPUT FOR MORE INFORMATION.
     PROBLEM INVOLVING VARIABLE SPSY.


     THE MODEL CONTAINS A NON-ZERO CORRELATION BETWEEN DEPENDENT VARIABLES.
     SUCH CORRELATIONS ARE IGNORED IN THE COMPUTATION OF THE FACTOR SCORES.
     THE MODEL COVARIANCE MATRIX IS NOT POSITIVE DEFINITE.
     FACTOR SCORES WILL NOT BE COMPUTED. CHECK YOUR MODEL.



MODEL FIT INFORMATION

Number of Free Parameters                       75

Chi-Square Test of Model Fit

          Value                            822.589*
          Degrees of Freedom                   303
          P-Value                           0.0000

*   The chi-square value for MLM, MLMV, MLR, ULSMV, WLSM and WLSMV cannot be used
    for chi-square difference testing in the regular way.  MLM, MLR and WLSM
    chi-square difference testing is described on the Mplus website.  MLMV, WLSMV,
    and ULSMV difference testing is done using the DIFFTEST option.

RMSEA (Root Mean Square Error Of Approximation)

          Estimate                           0.039
          90 Percent C.I.                    0.036  0.042
          Probability RMSEA <= .05           1.000

CFI/TLI

          CFI                                0.852
          TLI                                0.828

Chi-Square Test of Model Fit for the Baseline Model

          Value                           3859.092
          Degrees of Freedom                   351
          P-Value                           0.0000

SRMR (Standardized Root Mean Square Residual)

          Value                              0.077

Optimum Function Value for Weighted Least-Squares Estimator

          Value                     0.12153234D+01



MODEL RESULTS

                                                    Two-Tailed
                    Estimate       S.E.  Est./S.E.    P-Value

 SMAC     BY
    S01S03            -0.763      0.116     -6.559      0.000
    S02S03            -0.763      0.116     -6.559      0.000
    S04S05            -1.464      0.302     -4.853      0.000
    S05S06             1.464      0.302      4.853      0.000
    S07S09            -0.456      0.101     -4.523      0.000
    S08S09            -0.456      0.101     -4.523      0.000
    S10S11            -0.939      0.198     -4.751      0.000
    S11S12             0.939      0.198      4.751      0.000
    S13S14            -1.027      0.146     -7.042      0.000
    S13S15            -1.027      0.146     -7.042      0.000
    S16S17             0.748      0.117      6.404      0.000
    S16S18             0.748      0.117      6.404      0.000
    S19S20            -0.974      0.168     -5.802      0.000
    S19S21            -0.974      0.168     -5.802      0.000
    S22S24             0.931      0.192      4.845      0.000
    S23S24             0.931      0.192      4.845      0.000
    S25S26            -0.849      0.171     -4.953      0.000
    S26S27             0.849      0.171      4.953      0.000

 SNAR     BY
    S01S02            -0.023      0.093     -0.253      0.800
    S01S03            -0.023      0.093     -0.253      0.800
    S04S05            -1.283      0.276     -4.657      0.000
    S04S06            -1.283      0.276     -4.657      0.000
    S07S08             0.381      0.106      3.585      0.000
    S07S09             0.381      0.106      3.585      0.000
    S10S12            -0.710      0.191     -3.721      0.000
    S11S12            -0.710      0.191     -3.721      0.000
    S13S14            -0.242      0.091     -2.665      0.008
    S14S15             0.242      0.091      2.665      0.008
    S16S17             0.435      0.094      4.629      0.000
    S17S18            -0.435      0.094     -4.629      0.000
    S19S21            -0.298      0.134     -2.227      0.026
    S20S21            -0.298      0.134     -2.227      0.026
    S22S23            -0.674      0.181     -3.725      0.000
    S23S24             0.674      0.181      3.725      0.000
    S25S27             0.904      0.160      5.668      0.000
    S26S27             0.904      0.160      5.668      0.000

 SPSY     BY
    S01S02             0.191      0.094      2.020      0.043
    S02S03            -0.191      0.094     -2.020      0.043
    S04S06            -1.167      0.271     -4.304      0.000
    S05S06            -1.167      0.271     -4.304      0.000
    S07S08            -0.407      0.094     -4.351      0.000
    S08S09             0.407      0.094      4.351      0.000
    S10S11            -0.180      0.173     -1.041      0.298
    S10S12            -0.180      0.173     -1.041      0.298
    S13S15            -0.036      0.091     -0.402      0.688
    S14S15            -0.036      0.091     -0.402      0.688
    S16S18            -0.400      0.096     -4.157      0.000
    S17S18            -0.400      0.096     -4.157      0.000
    S19S20             0.678      0.141      4.819      0.000
    S20S21            -0.678      0.141     -4.819      0.000
    S22S23            -1.004      0.189     -5.309      0.000
    S22S24            -1.004      0.189     -5.309      0.000
    S25S26            -0.111      0.151     -0.734      0.463
    S25S27            -0.111      0.151     -0.734      0.463

 SMAC     WITH
    SNAR              -0.885      0.047    -18.890      0.000
    SPSY               0.953      0.027     34.887      0.000

 SNAR     WITH
    SPSY              -0.614      0.125     -4.920      0.000

 S01S02   WITH
    S01S03             1.000      0.000    999.000    999.000
    S02S03            -1.242      0.245     -5.065      0.000

 S01S03   WITH
    S02S03             0.187      0.136      1.373      0.170

 S04S05   WITH
    S04S06             1.000      0.000    999.000    999.000
    S05S06            -1.400      0.319     -4.392      0.000

 S04S06   WITH
    S05S06             0.493      0.177      2.794      0.005

 S07S08   WITH
    S07S09             1.000      0.000    999.000    999.000
    S08S09            -0.307      0.079     -3.876      0.000

 S07S09   WITH
    S08S09             0.348      0.092      3.784      0.000

 S10S11   WITH
    S10S12             1.000      0.000    999.000    999.000
    S11S12            -2.151      0.685     -3.140      0.002

 S10S12   WITH
    S11S12             3.666      1.058      3.465      0.001

 S13S14   WITH
    S13S15             1.000      0.000    999.000    999.000
    S14S15            -0.897      0.226     -3.967      0.000

 S13S15   WITH
    S14S15             0.598      0.193      3.096      0.002

 S16S17   WITH
    S16S18             1.000      0.000    999.000    999.000
    S17S18            -0.099      0.053     -1.867      0.062

 S16S18   WITH
    S17S18             0.372      0.070      5.312      0.000

 S19S20   WITH
    S19S21             1.000      0.000    999.000    999.000
    S20S21            -0.629      0.163     -3.850      0.000

 S19S21   WITH
    S20S21             0.673      0.196      3.439      0.001

 S22S23   WITH
    S22S24             1.000      0.000    999.000    999.000
    S23S24            -1.040      0.203     -5.136      0.000

 S22S24   WITH
    S23S24             0.771      0.155      4.960      0.000

 S25S26   WITH
    S25S27             1.000      0.000    999.000    999.000
    S26S27            -0.584      0.170     -3.437      0.001

 S25S27   WITH
    S26S27             1.016      0.244      4.160      0.000

 Means
    SMAC               0.000      0.000    999.000    999.000
    SNAR               0.000      0.000    999.000    999.000
    SPSY               0.000      0.000    999.000    999.000

 Thresholds
    S01S02$1           0.103      0.057      1.804      0.071
    S01S03$1          -1.485      0.109    -13.611      0.000
    S02S03$1          -1.619      0.152    -10.662      0.000
    S04S05$1          -1.205      0.114    -10.553      0.000
    S04S06$1          -0.591      0.077     -7.665      0.000
    S05S06$1           0.914      0.108      8.472      0.000
    S07S08$1          -0.877      0.068    -12.935      0.000
    S07S09$1          -1.300      0.089    -14.587      0.000
    S08S09$1          -0.412      0.051     -8.147      0.000
    S10S11$1          -1.430      0.181     -7.921      0.000
    S10S12$1           0.339      0.092      3.679      0.000
    S11S12$1           1.845      0.253      7.289      0.000
    S13S14$1          -1.168      0.107    -10.897      0.000
    S13S15$1          -1.880      0.165    -11.385      0.000
    S14S15$1          -0.732      0.099     -7.413      0.000
    S16S17$1           0.778      0.051     15.109      0.000
    S16S18$1           0.877      0.057     15.375      0.000
    S17S18$1           0.142      0.032      4.434      0.000
    S19S20$1          -0.661      0.063    -10.525      0.000
    S19S21$1          -1.902      0.145    -13.090      0.000
    S20S21$1          -1.191      0.136     -8.740      0.000
    S22S23$1          -0.368      0.065     -5.694      0.000
    S22S24$1          -0.311      0.054     -5.802      0.000
    S23S24$1           0.134      0.054      2.470      0.014
    S25S26$1          -0.839      0.084     -9.948      0.000
    S25S27$1          -1.680      0.141    -11.894      0.000
    S26S27$1          -0.765      0.096     -7.964      0.000

 Variances
    SMAC               1.000      0.000    999.000    999.000
    SNAR               1.000      0.000    999.000    999.000
    SPSY               1.000      0.000    999.000    999.000

 Residual Variances
    S01S02             2.242      0.245      9.143      0.000
    S01S03             1.187      0.136      8.723      0.000
    S02S03             1.429      0.303      4.723      0.000
    S04S05             2.400      0.319      7.530      0.000
    S04S06             1.493      0.177      8.459      0.000
    S05S06             1.893      0.413      4.581      0.000
    S07S08             1.307      0.079     16.517      0.000
    S07S09             1.348      0.092     14.653      0.000
    S08S09             0.655      0.131      5.007      0.000
    S10S11             3.151      0.685      4.600      0.000
    S10S12             4.666      1.058      4.410      0.000
    S11S12             5.817      1.636      3.557      0.000
    S13S14             1.897      0.226      8.388      0.000
    S13S15             1.598      0.193      8.276      0.000
    S14S15             1.495      0.367      4.073      0.000
    S16S17             1.099      0.053     20.650      0.000
    S16S18             1.372      0.070     19.601      0.000
    S17S18             0.471      0.090      5.224      0.000
    S19S20             1.629      0.163      9.966      0.000
    S19S21             1.673      0.196      8.551      0.000
    S20S21             1.302      0.301      4.326      0.000
    S22S23             2.040      0.203     10.073      0.000
    S22S24             1.771      0.155     11.391      0.000
    S23S24             1.812      0.301      6.023      0.000
    S25S26             1.584      0.170      9.325      0.000
    S25S27             2.016      0.244      8.254      0.000
    S26S27             1.600      0.356      4.490      0.000


STANDARDIZED MODEL RESULTS


STDYX Standardization

                                                    Two-Tailed
                    Estimate       S.E.  Est./S.E.    P-Value

 SMAC     BY
    S01S03            -0.579      0.074     -7.835      0.000
    S02S03            -0.500      0.066     -7.552      0.000
    S04S05            -0.865      0.152     -5.709      0.000
    S05S06             1.000      0.178      5.619      0.000
    S07S09            -0.322      0.067     -4.832      0.000
    S08S09            -0.556      0.118     -4.694      0.000
    S10S11            -0.448      0.087     -5.141      0.000
    S11S12             0.324      0.065      5.026      0.000
    S13S14            -0.640      0.061    -10.468      0.000
    S13S15            -0.622      0.059    -10.592      0.000
    S16S17             0.663      0.095      6.943      0.000
    S16S18             0.606      0.088      6.890      0.000
    S19S20            -0.730      0.113     -6.488      0.000
    S19S21            -0.657      0.095     -6.884      0.000
    S22S24             0.682      0.134      5.069      0.000
    S23S24             0.655      0.123      5.311      0.000
    S25S26            -0.537      0.093     -5.749      0.000
    S26S27             0.636      0.118      5.383      0.000

 SNAR     BY
    S01S02            -0.016      0.061     -0.253      0.800
    S01S03            -0.018      0.070     -0.253      0.800
    S04S05            -0.758      0.137     -5.552      0.000
    S04S06            -0.786      0.139     -5.661      0.000
    S07S08             0.283      0.074      3.807      0.000
    S07S09             0.269      0.070      3.818      0.000
    S10S12            -0.316      0.071     -4.452      0.000
    S11S12            -0.245      0.055     -4.472      0.000
    S13S14            -0.151      0.055     -2.755      0.006
    S14S15             0.194      0.068      2.866      0.004
    S16S17             0.386      0.082      4.725      0.000
    S17S18            -0.558      0.110     -5.086      0.000
    S19S21            -0.201      0.090     -2.244      0.025
    S20S21            -0.235      0.104     -2.270      0.023
    S22S23            -0.412      0.103     -3.992      0.000
    S23S24             0.474      0.120      3.936      0.000
    S25S27             0.525      0.073      7.217      0.000
    S26S27             0.678      0.101      6.688      0.000

 SPSY     BY
    S01S02             0.126      0.062      2.050      0.040
    S02S03            -0.125      0.061     -2.062      0.039
    S04S06            -0.715      0.145     -4.946      0.000
    S05S06            -0.797      0.167     -4.777      0.000
    S07S08            -0.303      0.066     -4.587      0.000
    S08S09             0.496      0.112      4.421      0.000
    S10S11            -0.086      0.080     -1.077      0.281
    S10S12            -0.080      0.075     -1.077      0.282
    S13S15            -0.022      0.055     -0.404      0.687
    S14S15            -0.029      0.072     -0.403      0.687
    S16S18            -0.325      0.077     -4.221      0.000
    S17S18            -0.514      0.116     -4.413      0.000
    S19S20             0.508      0.100      5.057      0.000
    S20S21            -0.535      0.096     -5.590      0.000
    S22S23            -0.614      0.100     -6.134      0.000
    S22S24            -0.735      0.127     -5.775      0.000
    S25S26            -0.070      0.095     -0.735      0.462
    S25S27            -0.064      0.088     -0.733      0.464

 SMAC     WITH
    SNAR              -0.885      0.047    -18.890      0.000
    SPSY               0.953      0.027     34.887      0.000

 SNAR     WITH
    SPSY              -0.614      0.125     -4.920      0.000

 S01S02   WITH
    S01S03             0.613      0.053     11.558      0.000
    S02S03            -0.694      0.046    -14.969      0.000

 S01S03   WITH
    S02S03             0.143      0.088      1.633      0.103

 S04S05   WITH
    S04S06             0.528      0.054      9.734      0.000
    S05S06            -0.657      0.050    -13.261      0.000

 S04S06   WITH
    S05S06             0.293      0.070      4.212      0.000

 S07S08   WITH
    S07S09             0.753      0.037     20.332      0.000
    S08S09            -0.332      0.057     -5.864      0.000

 S07S09   WITH
    S08S09             0.371      0.060      6.196      0.000

 S10S11   WITH
    S10S12             0.261      0.054      4.815      0.000
    S11S12            -0.502      0.051     -9.769      0.000

 S10S12   WITH
    S11S12             0.704      0.039     17.856      0.000

 S13S14   WITH
    S13S15             0.574      0.060      9.525      0.000
    S14S15            -0.533      0.053    -10.091      0.000

 S13S15   WITH
    S14S15             0.387      0.066      5.868      0.000

 S16S17   WITH
    S16S18             0.814      0.029     27.697      0.000
    S17S18            -0.138      0.063     -2.188      0.029

 S16S18   WITH
    S17S18             0.462      0.047      9.767      0.000

 S19S20   WITH
    S19S21             0.606      0.055     10.985      0.000
    S20S21            -0.432      0.059     -7.380      0.000

 S19S21   WITH
    S20S21             0.456      0.066      6.943      0.000

 S22S23   WITH
    S22S24             0.526      0.041     12.763      0.000
    S23S24            -0.541      0.044    -12.199      0.000

 S22S24   WITH
    S23S24             0.431      0.045      9.467      0.000

 S25S26   WITH
    S25S27             0.560      0.055     10.231      0.000
    S26S27            -0.367      0.060     -6.115      0.000

 S25S27   WITH
    S26S27             0.566      0.052     10.889      0.000

 Means
    SMAC               0.000      0.000    999.000    999.000
    SNAR               0.000      0.000    999.000    999.000
    SPSY               0.000      0.000    999.000    999.000

 Thresholds
    S01S02$1           0.068      0.037      1.819      0.069
    S01S03$1          -1.126      0.047    -23.743      0.000
    S02S03$1          -1.062      0.046    -23.010      0.000
    S04S05$1          -0.712      0.041    -17.386      0.000
    S04S06$1          -0.362      0.038     -9.465      0.000
    S05S06$1           0.624      0.040     15.570      0.000
    S07S08$1          -0.652      0.040    -16.176      0.000
    S07S09$1          -0.917      0.044    -20.996      0.000
    S08S09$1          -0.501      0.039    -12.800      0.000
    S10S11$1          -0.683      0.041    -16.823      0.000
    S10S12$1           0.151      0.037      4.020      0.000
    S11S12$1           0.637      0.040     15.834      0.000
    S13S14$1          -0.729      0.041    -17.752      0.000
    S13S15$1          -1.139      0.048    -23.964      0.000
    S14S15$1          -0.585      0.040    -14.725      0.000
    S16S17$1           0.690      0.041     16.953      0.000
    S16S18$1           0.711      0.041     17.337      0.000
    S17S18$1           0.183      0.038      4.862      0.000
    S19S20$1          -0.496      0.039    -12.708      0.000
    S19S21$1          -1.284      0.051    -25.149      0.000
    S20S21$1          -0.941      0.044    -21.365      0.000
    S22S23$1          -0.225      0.038     -5.982      0.000
    S22S24$1          -0.228      0.038     -6.025      0.000
    S23S24$1           0.094      0.037      2.507      0.012
    S25S26$1          -0.531      0.039    -13.537      0.000
    S25S27$1          -0.975      0.045    -21.905      0.000
    S26S27$1          -0.573      0.040    -14.481      0.000

 Variances
    SMAC               1.000      0.000    999.000    999.000
    SNAR               1.000      0.000    999.000    999.000
    SPSY               1.000      0.000    999.000    999.000

 Residual Variances
    S01S02             0.981      0.013     77.220      0.000
    S01S03             0.683      0.055     12.447      0.000
    S02S03             0.615      0.055     11.184      0.000
    S04S05             0.838      0.037     22.883      0.000
    S04S06             0.561      0.072      7.740      0.000
    S05S06             0.883      0.038     23.258      0.000
    S07S08             0.722      0.044     16.281      0.000
    S07S09             0.671      0.047     14.157      0.000
    S08S09             0.970      0.016     59.314      0.000
    S10S11             0.718      0.047     15.411      0.000
    S10S12             0.925      0.027     34.649      0.000
    S11S12             0.694      0.046     14.983      0.000
    S13S14             0.738      0.044     16.880      0.000
    S13S15             0.586      0.053     11.015      0.000
    S14S15             0.955      0.021     44.545      0.000
    S16S17             0.865      0.031     28.245      0.000
    S16S18             0.902      0.027     33.663      0.000
    S17S18             0.776      0.048     16.148      0.000
    S19S20             0.916      0.026     34.944      0.000
    S19S21             0.762      0.046     16.440      0.000
    S20S21             0.813      0.046     17.815      0.000
    S22S23             0.764      0.045     16.962      0.000
    S22S24             0.950      0.024     38.979      0.000
    S23S24             0.896      0.027     33.568      0.000
    S25S26             0.635      0.048     13.357      0.000
    S25S27             0.679      0.048     14.272      0.000
    S26S27             0.899      0.031     28.950      0.000


STDY Standardization

                                                    Two-Tailed
                    Estimate       S.E.  Est./S.E.    P-Value

 SMAC     BY
    S01S03            -0.579      0.074     -7.835      0.000
    S02S03            -0.500      0.066     -7.552      0.000
    S04S05            -0.865      0.152     -5.709      0.000
    S05S06             1.000      0.178      5.619      0.000
    S07S09            -0.322      0.067     -4.832      0.000
    S08S09            -0.556      0.118     -4.694      0.000
    S10S11            -0.448      0.087     -5.141      0.000
    S11S12             0.324      0.065      5.026      0.000
    S13S14            -0.640      0.061    -10.468      0.000
    S13S15            -0.622      0.059    -10.592      0.000
    S16S17             0.663      0.095      6.943      0.000
    S16S18             0.606      0.088      6.890      0.000
    S19S20            -0.730      0.113     -6.488      0.000
    S19S21            -0.657      0.095     -6.884      0.000
    S22S24             0.682      0.134      5.069      0.000
    S23S24             0.655      0.123      5.311      0.000
    S25S26            -0.537      0.093     -5.749      0.000
    S26S27             0.636      0.118      5.383      0.000

 SNAR     BY
    S01S02            -0.016      0.061     -0.253      0.800
    S01S03            -0.018      0.070     -0.253      0.800
    S04S05            -0.758      0.137     -5.552      0.000
    S04S06            -0.786      0.139     -5.661      0.000
    S07S08             0.283      0.074      3.807      0.000
    S07S09             0.269      0.070      3.818      0.000
    S10S12            -0.316      0.071     -4.452      0.000
    S11S12            -0.245      0.055     -4.472      0.000
    S13S14            -0.151      0.055     -2.755      0.006
    S14S15             0.194      0.068      2.866      0.004
    S16S17             0.386      0.082      4.725      0.000
    S17S18            -0.558      0.110     -5.086      0.000
    S19S21            -0.201      0.090     -2.244      0.025
    S20S21            -0.235      0.104     -2.270      0.023
    S22S23            -0.412      0.103     -3.992      0.000
    S23S24             0.474      0.120      3.936      0.000
    S25S27             0.525      0.073      7.217      0.000
    S26S27             0.678      0.101      6.688      0.000

 SPSY     BY
    S01S02             0.126      0.062      2.050      0.040
    S02S03            -0.125      0.061     -2.062      0.039
    S04S06            -0.715      0.145     -4.946      0.000
    S05S06            -0.797      0.167     -4.777      0.000
    S07S08            -0.303      0.066     -4.587      0.000
    S08S09             0.496      0.112      4.421      0.000
    S10S11            -0.086      0.080     -1.077      0.281
    S10S12            -0.080      0.075     -1.077      0.282
    S13S15            -0.022      0.055     -0.404      0.687
    S14S15            -0.029      0.072     -0.403      0.687
    S16S18            -0.325      0.077     -4.221      0.000
    S17S18            -0.514      0.116     -4.413      0.000
    S19S20             0.508      0.100      5.057      0.000
    S20S21            -0.535      0.096     -5.590      0.000
    S22S23            -0.614      0.100     -6.134      0.000
    S22S24            -0.735      0.127     -5.775      0.000
    S25S26            -0.070      0.095     -0.735      0.462
    S25S27            -0.064      0.088     -0.733      0.464

 SMAC     WITH
    SNAR              -0.885      0.047    -18.890      0.000
    SPSY               0.953      0.027     34.887      0.000

 SNAR     WITH
    SPSY              -0.614      0.125     -4.920      0.000

 S01S02   WITH
    S01S03             0.613      0.053     11.558      0.000
    S02S03            -0.694      0.046    -14.969      0.000

 S01S03   WITH
    S02S03             0.143      0.088      1.633      0.103

 S04S05   WITH
    S04S06             0.528      0.054      9.734      0.000
    S05S06            -0.657      0.050    -13.261      0.000

 S04S06   WITH
    S05S06             0.293      0.070      4.212      0.000

 S07S08   WITH
    S07S09             0.753      0.037     20.332      0.000
    S08S09            -0.332      0.057     -5.864      0.000

 S07S09   WITH
    S08S09             0.371      0.060      6.196      0.000

 S10S11   WITH
    S10S12             0.261      0.054      4.815      0.000
    S11S12            -0.502      0.051     -9.769      0.000

 S10S12   WITH
    S11S12             0.704      0.039     17.856      0.000

 S13S14   WITH
    S13S15             0.574      0.060      9.525      0.000
    S14S15            -0.533      0.053    -10.091      0.000

 S13S15   WITH
    S14S15             0.387      0.066      5.868      0.000

 S16S17   WITH
    S16S18             0.814      0.029     27.697      0.000
    S17S18            -0.138      0.063     -2.188      0.029

 S16S18   WITH
    S17S18             0.462      0.047      9.767      0.000

 S19S20   WITH
    S19S21             0.606      0.055     10.985      0.000
    S20S21            -0.432      0.059     -7.380      0.000

 S19S21   WITH
    S20S21             0.456      0.066      6.943      0.000

 S22S23   WITH
    S22S24             0.526      0.041     12.763      0.000
    S23S24            -0.541      0.044    -12.199      0.000

 S22S24   WITH
    S23S24             0.431      0.045      9.467      0.000

 S25S26   WITH
    S25S27             0.560      0.055     10.231      0.000
    S26S27            -0.367      0.060     -6.115      0.000

 S25S27   WITH
    S26S27             0.566      0.052     10.889      0.000

 Means
    SMAC               0.000      0.000    999.000    999.000
    SNAR               0.000      0.000    999.000    999.000
    SPSY               0.000      0.000    999.000    999.000

 Thresholds
    S01S02$1           0.068      0.037      1.819      0.069
    S01S03$1          -1.126      0.047    -23.743      0.000
    S02S03$1          -1.062      0.046    -23.010      0.000
    S04S05$1          -0.712      0.041    -17.386      0.000
    S04S06$1          -0.362      0.038     -9.465      0.000
    S05S06$1           0.624      0.040     15.570      0.000
    S07S08$1          -0.652      0.040    -16.176      0.000
    S07S09$1          -0.917      0.044    -20.996      0.000
    S08S09$1          -0.501      0.039    -12.800      0.000
    S10S11$1          -0.683      0.041    -16.823      0.000
    S10S12$1           0.151      0.037      4.020      0.000
    S11S12$1           0.637      0.040     15.834      0.000
    S13S14$1          -0.729      0.041    -17.752      0.000
    S13S15$1          -1.139      0.048    -23.964      0.000
    S14S15$1          -0.585      0.040    -14.725      0.000
    S16S17$1           0.690      0.041     16.953      0.000
    S16S18$1           0.711      0.041     17.337      0.000
    S17S18$1           0.183      0.038      4.862      0.000
    S19S20$1          -0.496      0.039    -12.708      0.000
    S19S21$1          -1.284      0.051    -25.149      0.000
    S20S21$1          -0.941      0.044    -21.365      0.000
    S22S23$1          -0.225      0.038     -5.982      0.000
    S22S24$1          -0.228      0.038     -6.025      0.000
    S23S24$1           0.094      0.037      2.507      0.012
    S25S26$1          -0.531      0.039    -13.537      0.000
    S25S27$1          -0.975      0.045    -21.905      0.000
    S26S27$1          -0.573      0.040    -14.481      0.000

 Variances
    SMAC               1.000      0.000    999.000    999.000
    SNAR               1.000      0.000    999.000    999.000
    SPSY               1.000      0.000    999.000    999.000

 Residual Variances
    S01S02             0.981      0.013     77.220      0.000
    S01S03             0.683      0.055     12.447      0.000
    S02S03             0.615      0.055     11.184      0.000
    S04S05             0.838      0.037     22.883      0.000
    S04S06             0.561      0.072      7.740      0.000
    S05S06             0.883      0.038     23.258      0.000
    S07S08             0.722      0.044     16.281      0.000
    S07S09             0.671      0.047     14.157      0.000
    S08S09             0.970      0.016     59.314      0.000
    S10S11             0.718      0.047     15.411      0.000
    S10S12             0.925      0.027     34.649      0.000
    S11S12             0.694      0.046     14.983      0.000
    S13S14             0.738      0.044     16.880      0.000
    S13S15             0.586      0.053     11.015      0.000
    S14S15             0.955      0.021     44.545      0.000
    S16S17             0.865      0.031     28.245      0.000
    S16S18             0.902      0.027     33.663      0.000
    S17S18             0.776      0.048     16.148      0.000
    S19S20             0.916      0.026     34.944      0.000
    S19S21             0.762      0.046     16.440      0.000
    S20S21             0.813      0.046     17.815      0.000
    S22S23             0.764      0.045     16.962      0.000
    S22S24             0.950      0.024     38.979      0.000
    S23S24             0.896      0.027     33.568      0.000
    S25S26             0.635      0.048     13.357      0.000
    S25S27             0.679      0.048     14.272      0.000
    S26S27             0.899      0.031     28.950      0.000


STD Standardization

                                                    Two-Tailed
                    Estimate       S.E.  Est./S.E.    P-Value

 SMAC     BY
    S01S03            -0.763      0.116     -6.559      0.000
    S02S03            -0.763      0.116     -6.559      0.000
    S04S05            -1.464      0.302     -4.853      0.000
    S05S06             1.464      0.302      4.853      0.000
    S07S09            -0.456      0.101     -4.523      0.000
    S08S09            -0.456      0.101     -4.523      0.000
    S10S11            -0.939      0.198     -4.751      0.000
    S11S12             0.939      0.198      4.751      0.000
    S13S14            -1.027      0.146     -7.042      0.000
    S13S15            -1.027      0.146     -7.042      0.000
    S16S17             0.748      0.117      6.404      0.000
    S16S18             0.748      0.117      6.404      0.000
    S19S20            -0.974      0.168     -5.802      0.000
    S19S21            -0.974      0.168     -5.802      0.000
    S22S24             0.931      0.192      4.845      0.000
    S23S24             0.931      0.192      4.845      0.000
    S25S26            -0.849      0.171     -4.953      0.000
    S26S27             0.849      0.171      4.953      0.000

 SNAR     BY
    S01S02            -0.023      0.093     -0.253      0.800
    S01S03            -0.023      0.093     -0.253      0.800
    S04S05            -1.283      0.276     -4.657      0.000
    S04S06            -1.283      0.276     -4.657      0.000
    S07S08             0.381      0.106      3.585      0.000
    S07S09             0.381      0.106      3.585      0.000
    S10S12            -0.710      0.191     -3.721      0.000
    S11S12            -0.710      0.191     -3.721      0.000
    S13S14            -0.242      0.091     -2.665      0.008
    S14S15             0.242      0.091      2.665      0.008
    S16S17             0.435      0.094      4.629      0.000
    S17S18            -0.435      0.094     -4.629      0.000
    S19S21            -0.298      0.134     -2.227      0.026
    S20S21            -0.298      0.134     -2.227      0.026
    S22S23            -0.674      0.181     -3.725      0.000
    S23S24             0.674      0.181      3.725      0.000
    S25S27             0.904      0.160      5.668      0.000
    S26S27             0.904      0.160      5.668      0.000

 SPSY     BY
    S01S02             0.191      0.094      2.020      0.043
    S02S03            -0.191      0.094     -2.020      0.043
    S04S06            -1.167      0.271     -4.304      0.000
    S05S06            -1.167      0.271     -4.304      0.000
    S07S08            -0.407      0.094     -4.351      0.000
    S08S09             0.407      0.094      4.351      0.000
    S10S11            -0.180      0.173     -1.041      0.298
    S10S12            -0.180      0.173     -1.041      0.298
    S13S15            -0.036      0.091     -0.402      0.688
    S14S15            -0.036      0.091     -0.402      0.688
    S16S18            -0.400      0.096     -4.157      0.000
    S17S18            -0.400      0.096     -4.157      0.000
    S19S20             0.678      0.141      4.819      0.000
    S20S21            -0.678      0.141     -4.819      0.000
    S22S23            -1.004      0.189     -5.309      0.000
    S22S24            -1.004      0.189     -5.309      0.000
    S25S26            -0.111      0.151     -0.734      0.463
    S25S27            -0.111      0.151     -0.734      0.463

 SMAC     WITH
    SNAR              -0.885      0.047    -18.890      0.000
    SPSY               0.953      0.027     34.887      0.000

 SNAR     WITH
    SPSY              -0.614      0.125     -4.920      0.000

 S01S02   WITH
    S01S03             1.000      0.000    999.000    999.000
    S02S03            -1.242      0.245     -5.065      0.000

 S01S03   WITH
    S02S03             0.187      0.136      1.373      0.170

 S04S05   WITH
    S04S06             1.000      0.000    999.000    999.000
    S05S06            -1.400      0.319     -4.392      0.000

 S04S06   WITH
    S05S06             0.493      0.177      2.794      0.005

 S07S08   WITH
    S07S09             1.000      0.000    999.000    999.000
    S08S09            -0.307      0.079     -3.876      0.000

 S07S09   WITH
    S08S09             0.348      0.092      3.784      0.000

 S10S11   WITH
    S10S12             1.000      0.000    999.000    999.000
    S11S12            -2.151      0.685     -3.140      0.002

 S10S12   WITH
    S11S12             3.666      1.058      3.465      0.001

 S13S14   WITH
    S13S15             1.000      0.000    999.000    999.000
    S14S15            -0.897      0.226     -3.967      0.000

 S13S15   WITH
    S14S15             0.598      0.193      3.096      0.002

 S16S17   WITH
    S16S18             1.000      0.000    999.000    999.000
    S17S18            -0.099      0.053     -1.867      0.062

 S16S18   WITH
    S17S18             0.372      0.070      5.312      0.000

 S19S20   WITH
    S19S21             1.000      0.000    999.000    999.000
    S20S21            -0.629      0.163     -3.850      0.000

 S19S21   WITH
    S20S21             0.673      0.196      3.439      0.001

 S22S23   WITH
    S22S24             1.000      0.000    999.000    999.000
    S23S24            -1.040      0.203     -5.136      0.000

 S22S24   WITH
    S23S24             0.771      0.155      4.960      0.000

 S25S26   WITH
    S25S27             1.000      0.000    999.000    999.000
    S26S27            -0.584      0.170     -3.437      0.001

 S25S27   WITH
    S26S27             1.016      0.244      4.160      0.000

 Means
    SMAC               0.000      0.000    999.000    999.000
    SNAR               0.000      0.000    999.000    999.000
    SPSY               0.000      0.000    999.000    999.000

 Thresholds
    S01S02$1           0.103      0.057      1.804      0.071
    S01S03$1          -1.485      0.109    -13.611      0.000
    S02S03$1          -1.619      0.152    -10.662      0.000
    S04S05$1          -1.205      0.114    -10.553      0.000
    S04S06$1          -0.591      0.077     -7.665      0.000
    S05S06$1           0.914      0.108      8.472      0.000
    S07S08$1          -0.877      0.068    -12.935      0.000
    S07S09$1          -1.300      0.089    -14.587      0.000
    S08S09$1          -0.412      0.051     -8.147      0.000
    S10S11$1          -1.430      0.181     -7.921      0.000
    S10S12$1           0.339      0.092      3.679      0.000
    S11S12$1           1.845      0.253      7.289      0.000
    S13S14$1          -1.168      0.107    -10.897      0.000
    S13S15$1          -1.880      0.165    -11.385      0.000
    S14S15$1          -0.732      0.099     -7.413      0.000
    S16S17$1           0.778      0.051     15.109      0.000
    S16S18$1           0.877      0.057     15.375      0.000
    S17S18$1           0.142      0.032      4.434      0.000
    S19S20$1          -0.661      0.063    -10.525      0.000
    S19S21$1          -1.902      0.145    -13.090      0.000
    S20S21$1          -1.191      0.136     -8.740      0.000
    S22S23$1          -0.368      0.065     -5.694      0.000
    S22S24$1          -0.311      0.054     -5.802      0.000
    S23S24$1           0.134      0.054      2.470      0.014
    S25S26$1          -0.839      0.084     -9.948      0.000
    S25S27$1          -1.680      0.141    -11.894      0.000
    S26S27$1          -0.765      0.096     -7.964      0.000

 Variances
    SMAC               1.000      0.000    999.000    999.000
    SNAR               1.000      0.000    999.000    999.000
    SPSY               1.000      0.000    999.000    999.000

 Residual Variances
    S01S02             2.242      0.245      9.143      0.000
    S01S03             1.187      0.136      8.723      0.000
    S02S03             1.429      0.303      4.723      0.000
    S04S05             2.400      0.319      7.530      0.000
    S04S06             1.493      0.177      8.459      0.000
    S05S06             1.893      0.413      4.581      0.000
    S07S08             1.307      0.079     16.517      0.000
    S07S09             1.348      0.092     14.653      0.000
    S08S09             0.655      0.131      5.007      0.000
    S10S11             3.151      0.685      4.600      0.000
    S10S12             4.666      1.058      4.410      0.000
    S11S12             5.817      1.636      3.557      0.000
    S13S14             1.897      0.226      8.388      0.000
    S13S15             1.598      0.193      8.276      0.000
    S14S15             1.495      0.367      4.073      0.000
    S16S17             1.099      0.053     20.650      0.000
    S16S18             1.372      0.070     19.601      0.000
    S17S18             0.471      0.090      5.224      0.000
    S19S20             1.629      0.163      9.966      0.000
    S19S21             1.673      0.196      8.551      0.000
    S20S21             1.302      0.301      4.326      0.000
    S22S23             2.040      0.203     10.073      0.000
    S22S24             1.771      0.155     11.391      0.000
    S23S24             1.812      0.301      6.023      0.000
    S25S26             1.584      0.170      9.325      0.000
    S25S27             2.016      0.244      8.254      0.000
    S26S27             1.600      0.356      4.490      0.000


R-SQUARE

    Observed                                        Two-Tailed     Scale
    Variable        Estimate       S.E.  Est./S.E.    P-Value     Factors

    S01S02             0.019      0.013      1.463      0.144      0.662
    S01S03             0.317      0.055      5.776      0.000      0.759
    S02S03             0.385      0.055      7.011      0.000      0.656
    S04S05             0.162      0.037      4.416      0.000      0.591
    S04S06             0.439      0.072      6.064      0.000      0.613
    S05S06             0.117      0.038      3.068      0.002      0.683
    S07S08             0.278      0.044      6.257      0.000      0.744
    S07S09             0.329      0.047      6.950      0.000      0.705
    S08S09             0.030      0.016      1.805      0.071      1.217
    S10S11             0.282      0.047      6.050      0.000      0.477
    S10S12             0.075      0.027      2.820      0.005      0.445
    S11S12             0.306      0.046      6.614      0.000      0.345
    S13S14             0.262      0.044      5.979      0.000      0.624
    S13S15             0.414      0.053      7.767      0.000      0.606
    S14S15             0.045      0.021      2.114      0.034      0.799
    S16S17             0.135      0.031      4.425      0.000      0.887
    S16S18             0.098      0.027      3.650      0.000      0.811
    S17S18             0.224      0.048      4.650      0.000      1.284
    S19S20             0.084      0.026      3.216      0.001      0.750
    S19S21             0.238      0.046      5.144      0.000      0.675
    S20S21             0.187      0.046      4.105      0.000      0.790
    S22S23             0.236      0.045      5.248      0.000      0.612
    S22S24             0.050      0.024      2.056      0.040      0.732
    S23S24             0.104      0.027      3.884      0.000      0.703
    S25S26             0.365      0.048      7.685      0.000      0.633
    S25S27             0.321      0.048      6.747      0.000      0.580
    S26S27             0.101      0.031      3.237      0.001      0.750


QUALITY OF NUMERICAL RESULTS

     Condition Number for the Information Matrix              0.138E-03
       (ratio of smallest to largest eigenvalue)


SAVEDATA INFORMATION

     Factor scores were not computed.
     No data were saved.


     Beginning Time:  17:47:27
        Ending Time:  17:47:28
       Elapsed Time:  00:00:01



MUTHEN & MUTHEN
3463 Stoner Ave.
Los Angeles, CA  90066

Tel: (310) 391-9971
Fax: (310) 391-8971
Web: www.StatModel.com
Support: Support@StatModel.com

Copyright (c) 1998-2020 Muthen & Muthen
