Mplus VERSION 8.5 (Mac)
MUTHEN & MUTHEN
12/23/2021   7:01 PM

INPUT INSTRUCTIONS

  TITLE: 06_SD3_two-latent-vars

  DATA:    FILE IS 'datTIRT_sd.dat';

  VARIABLE:
  Names ARE
  ID
  critA
  critB
  age
  gender
  i1i2
  i1i3
  i2i3
  i4i5
  i4i6
  i5i6
  i7i8
  i7i9
  i8i9
  i10i11
  i10i12
  i11i12
  i13i14
  i13i15
  i14i15
  i16i17
  i16i18
  i17i18
  i19i20
  i19i21
  i20i21
  i22i23
  i22i24
  i23i24
  i25i26
  i25i27
  i26i27;
  USEVARIABLES ARE i1i2-i26i27;
  USEOBSERVATIONS = critB EQ 0;
  CATEGORICAL ARE ALL;
  IDVARIABLE = ID;
  MISSING ARE ALL (-99);

  ANALYSIS:
  ESTIMATOR = ulsmv;
  PARAMETERIZATION = theta;

  MODEL:

  Nar  BY
  i1i2*1  (L1)
  i1i3*1  (L1)

  i4i5*-1  (L4)
  i4i6*-1  (L4)

  i7i8*1  (L7)
  i7i9*1  (L7)

  i10i12*-1  (L12_n)
  i11i12*-1  (L12_n)

  i13i14*-1  (L14_n)
  i14i15*1  (L14)

  i16i17*1  (L17_n)
  i17i18*-1  (L17)

  i19i21*1  (L21_n)
  i20i21*1  (L21_n)

  i22i23*-1  (L23_n)
  i23i24*1  (L23)

  i25i27*-1  (L27_n)
  i26i27*-1  (L27_n);

  PuM  BY
  i1i2*-1  (L2_n)
  i1i3*-1  (L3_n)
  i2i3*0  (L2u3)   !PuM items - both positive

  i4i5*-1  (L5_n)
  i4i6*-1  (L6_n)
  i5i6*0  (L5u6)   !PuM items - both positive

  i7i8*-1  (L8_n)
  i7i9*-1  (L9_n)
  i8i9*0  (L8u9)     !PuM items - both positive

  i10i11*-2  (L10u11)  !PuM items - i10 negative, i11 postive
  i10i12*-1  (L10)
  i11i12*1  (L11)

  i13i14*1  (L13)
  i13i15*0  (L13u15) !PuM items - both positive
  i14i15*-1  (L15_n)

  i16i17*1  (L16)
  i16i18*0  (L16u18) !PuM items - both positive
  i17i18*-1  (L18_n)

  i19i20*0  (L19u20) !PuM items - both positive
  i19i21*1  (L19)
  i20i21*1  (L20)

  i22i23*1  (L22)
  i22i24*0  (L22u24) !PuM items - both positive
  i23i24*-1  (L24_n)

  i25i26*-2  (L25u26) !PuM items - i25 negative, i26 postive
  i25i27*-1  (L25)
  i26i27*1  (L26);

  ! means are set to 0
  [Nar@0];
  [PuM@0];

  ! variances for all traits are set to 1
  Nar@1;
  PuM@1;

  ! starting values for correlations between traits
  Nar WITH  PuM*0;

  ! declare uniquenesses and set their starting values
  i1i2*2 (e1e2);
  i1i3*2 (e1e3);
  i2i3*2 (e2e3);
  i4i5*2 (e4e5);
  i4i6*2 (e4e6);
  i5i6*2 (e5e6);
  i7i8*2 (e7e8);
  i7i9*2 (e7e9);
  i8i9*2 (e8e9);
  i10i11*2 (e10e11);
  i10i12*2 (e10e12);
  i11i12*2 (e11e12);
  i13i14*2 (e13e14);
  i13i15*2 (e13e15);
  i14i15*2 (e14e15);
  i16i17*2 (e16e17);
  i16i18*2 (e16e18);
  i17i18*2 (e17e18);
  i19i20*2 (e19e20);
  i19i21*2 (e19e21);
  i20i21*2 (e20e21);
  i22i23*2 (e22e23);
  i22i24*2 (e22e24);
  i23i24*2 (e23e24);
  i25i26*2 (e25e26);
  i25i27*2 (e25e27);
  i26i27*2 (e26e27);

  ! declare correlated uniqunesses and set their starting values
  i1i2 WITH i1i3*1 (e1);
  i1i2 WITH i2i3*-1 (e2_n);
  i1i3 WITH i2i3*1 (e3);

  i4i5 WITH i4i6*1 (e4);
  i4i5 WITH i5i6*-1 (e5_n);
  i4i6 WITH i5i6*1 (e6);

  i7i8 WITH i7i9*1 (e7);
  i7i8 WITH i8i9*-1 (e8_n);
  i7i9 WITH i8i9*1 (e9);

  i10i11 WITH i10i12*1 (e10);
  i10i11 WITH i11i12*-1 (e11_n);
  i10i12 WITH i11i12*1 (e12);

  i13i14 WITH i13i15*1 (e13);
  i13i14 WITH i14i15*-1 (e14_n);
  i13i15 WITH i14i15*1 (e15);

  i16i17 WITH i16i18*1 (e16);
  i16i17 WITH i17i18*-1 (e17_n);
  i16i18 WITH i17i18*1 (e18);

  i19i20 WITH i19i21*1 (e19);
  i19i20 WITH i20i21*-1 (e20_n);
  i19i21 WITH i20i21*1 (e21);

  i22i23 WITH i22i24*1 (e22);
  i22i23 WITH i23i24*-1 (e23_n);
  i22i24 WITH i23i24*1 (e24);

  i25i26 WITH i25i27*1 (e25);
  i25i26 WITH i26i27*-1 (e26_n);
  i25i27 WITH i26i27*1 (e27);


  MODEL CONSTRAINT:

  !factor loadings relating to the same item are equal in absolute value
  L23 = -L23_n;

  ! PuM loadings
  L2u3 = L2_n - L3_n;
  L5u6 = L5_n - L6_n;
  L8u9 = L8_n - L9_n;
  L10u11 = L10 - L11;
  L13u15 = L15_n - L13;
  L16u18 = L18_n - L16;
  L19u20 = L19 - L20;
  L22u24 = L24_n - L22;
  L25u26 = L25 - L26;



  ! pair's uniqueness is equal to sum of 2 utility uniqunesses
  e1e2 = e1 - e2_n;
  e1e3 = e1 + e3;
  e2e3 = -e2_n + e3;
  e4e5 = e4 - e5_n;
  e4e6 = e4 + e6;
  e5e6 = -e5_n + e6;
  e7e8 = e7 - e8_n;
  e7e9 = e7 + e9;
  e8e9 = -e8_n + e9;
  e10e11 = e10 - e11_n;
  e10e12 = e10 + e12;
  e11e12 = -e11_n + e12;
  e13e14 = e13 - e14_n;
  e13e15 = e13 + e15;
  e14e15 = -e14_n + e15;
  e16e17 = e16 - e17_n;
  e16e18 = e16 + e18;
  e17e18 = -e17_n + e18;
  e19e20 = e19 - e20_n;
  e19e21 = e19 + e21;
  e20e21 = -e20_n + e21;
  e22e23 = e22 - e23_n;
  e22e24 = e22 + e24;
  e23e24 = -e23_n + e24;
  e25e26 = e25 - e26_n;
  e25e27 = e25 + e27;
  e26e27 = -e26_n + e27;

  ! fix one uniqueness per block for identification
  e1=1;
  e2_n=-1;
  e3=1;

  e4=1;
  e7=1;
  e10=1;
  e13=1;
  e16=1;
  e19=1;
  e22=1;
  e25=1;

  OUTPUT:
  sampstat standardized;

  SAVEDATA:
  FILE IS 'fscores_sd_critB.dat';
  SAVE = FSCORES;



INPUT READING TERMINATED NORMALLY



06_SD3_two-latent-vars

SUMMARY OF ANALYSIS

Number of groups                                                 1
Number of observations                                         977

Number of dependent variables                                   27
Number of independent variables                                  0
Number of continuous latent variables                            2

Observed dependent variables

  Binary and ordered categorical (ordinal)
   I1I2        I1I3        I2I3        I4I5        I4I6        I5I6
   I7I8        I7I9        I8I9        I10I11      I10I12      I11I12
   I13I14      I13I15      I14I15      I16I17      I16I18      I17I18
   I19I20      I19I21      I20I21      I22I23      I22I24      I23I24
   I25I26      I25I27      I26I27

Continuous latent variables
   NAR         PUM

Variables with special functions

  ID variable           ID

Estimator                                                    ULSMV
Maximum number of iterations                                  1000
Convergence criterion                                    0.500D-04
Maximum number of steepest descent iterations                   20
Maximum number of iterations for H1                           2000
Convergence criterion for H1                             0.100D-03
Parameterization                                             THETA
Link                                                        PROBIT

Input data file(s)
  datTIRT_sd.dat

Input data format  FREE


SUMMARY OF DATA

     Number of missing data patterns            22


COVARIANCE COVERAGE OF DATA

Minimum covariance coverage value   0.100


     PROPORTION OF DATA PRESENT


           Covariance Coverage
              I1I2          I1I3          I2I3          I4I5          I4I6
              ________      ________      ________      ________      ________
 I1I2           0.996
 I1I3           0.996         0.997
 I2I3           0.996         0.996         0.996
 I4I5           0.992         0.993         0.992         0.996
 I4I6           0.991         0.992         0.991         0.995         0.995
 I5I6           0.992         0.993         0.992         0.995         0.995
 I7I8           0.994         0.995         0.994         0.994         0.993
 I7I9           0.994         0.995         0.994         0.994         0.993
 I8I9           0.993         0.994         0.993         0.993         0.992
 I10I11         0.993         0.994         0.993         0.993         0.992
 I10I12         0.994         0.995         0.994         0.994         0.993
 I11I12         0.993         0.994         0.993         0.993         0.992
 I13I14         0.995         0.996         0.995         0.995         0.994
 I13I15         0.995         0.996         0.995         0.995         0.994
 I14I15         0.995         0.996         0.995         0.995         0.994
 I16I17         0.992         0.993         0.992         0.993         0.992
 I16I18         0.991         0.992         0.991         0.991         0.990
 I17I18         0.990         0.991         0.990         0.991         0.990
 I19I20         0.992         0.993         0.992         0.993         0.992
 I19I21         0.993         0.994         0.993         0.994         0.993
 I20I21         0.993         0.994         0.993         0.993         0.992
 I22I23         0.992         0.993         0.992         0.992         0.991
 I22I24         0.993         0.994         0.993         0.993         0.992
 I23I24         0.992         0.993         0.992         0.992         0.991
 I25I26         0.993         0.994         0.993         0.993         0.992
 I25I27         0.993         0.994         0.993         0.993         0.992
 I26I27         0.992         0.993         0.992         0.992         0.991


           Covariance Coverage
              I5I6          I7I8          I7I9          I8I9          I10I11
              ________      ________      ________      ________      ________
 I5I6           0.996
 I7I8           0.994         0.998
 I7I9           0.994         0.997         0.998
 I8I9           0.993         0.997         0.997         0.997
 I10I11         0.993         0.995         0.995         0.994         0.997
 I10I12         0.994         0.996         0.996         0.995         0.997
 I11I12         0.993         0.995         0.995         0.994         0.997
 I13I14         0.995         0.997         0.997         0.996         0.996
 I13I15         0.995         0.997         0.997         0.996         0.996
 I14I15         0.995         0.997         0.997         0.996         0.996
 I16I17         0.993         0.994         0.994         0.993         0.993
 I16I18         0.991         0.993         0.993         0.992         0.992
 I17I18         0.991         0.992         0.992         0.991         0.991
 I19I20         0.993         0.994         0.994         0.993         0.993
 I19I21         0.994         0.995         0.995         0.994         0.994
 I20I21         0.993         0.995         0.995         0.994         0.994
 I22I23         0.992         0.994         0.994         0.993         0.994
 I22I24         0.993         0.995         0.995         0.994         0.994
 I23I24         0.992         0.994         0.994         0.993         0.994
 I25I26         0.993         0.995         0.995         0.994         0.994
 I25I27         0.993         0.995         0.995         0.994         0.994
 I26I27         0.992         0.994         0.994         0.993         0.993


           Covariance Coverage
              I10I12        I11I12        I13I14        I13I15        I14I15
              ________      ________      ________      ________      ________
 I10I12         0.998
 I11I12         0.997         0.997
 I13I14         0.997         0.996         0.999
 I13I15         0.997         0.996         0.999         0.999
 I14I15         0.997         0.996         0.999         0.999         0.999
 I16I17         0.994         0.993         0.995         0.995         0.995
 I16I18         0.993         0.992         0.994         0.994         0.994
 I17I18         0.992         0.991         0.993         0.993         0.993
 I19I20         0.994         0.993         0.995         0.995         0.995
 I19I21         0.995         0.994         0.996         0.996         0.996
 I20I21         0.995         0.994         0.996         0.996         0.996
 I22I23         0.994         0.994         0.995         0.995         0.995
 I22I24         0.995         0.994         0.996         0.996         0.996
 I23I24         0.994         0.994         0.995         0.995         0.995
 I25I26         0.995         0.994         0.996         0.996         0.996
 I25I27         0.995         0.994         0.996         0.996         0.996
 I26I27         0.994         0.993         0.995         0.995         0.995


           Covariance Coverage
              I16I17        I16I18        I17I18        I19I20        I19I21
              ________      ________      ________      ________      ________
 I16I17         0.996
 I16I18         0.994         0.995
 I17I18         0.994         0.994         0.994
 I19I20         0.993         0.991         0.991         0.996
 I19I21         0.994         0.992         0.992         0.996         0.997
 I20I21         0.993         0.992         0.991         0.996         0.996
 I22I23         0.992         0.991         0.990         0.992         0.993
 I22I24         0.993         0.992         0.991         0.993         0.994
 I23I24         0.992         0.991         0.990         0.992         0.993
 I25I26         0.993         0.992         0.991         0.994         0.995
 I25I27         0.993         0.992         0.991         0.994         0.995
 I26I27         0.992         0.991         0.990         0.993         0.994


           Covariance Coverage
              I20I21        I22I23        I22I24        I23I24        I25I26
              ________      ________      ________      ________      ________
 I20I21         0.997
 I22I23         0.993         0.996
 I22I24         0.994         0.996         0.997
 I23I24         0.993         0.996         0.996         0.996
 I25I26         0.995         0.993         0.994         0.993         0.997
 I25I27         0.995         0.993         0.994         0.993         0.996
 I26I27         0.994         0.992         0.993         0.992         0.996


           Covariance Coverage
              I25I27        I26I27
              ________      ________
 I25I27         0.997
 I26I27         0.996         0.996


UNIVARIATE PROPORTIONS AND COUNTS FOR CATEGORICAL VARIABLES

    I1I2
      Category 1    0.518          504.000
      Category 2    0.482          469.000
    I1I3
      Category 1    0.103          100.000
      Category 2    0.897          874.000
    I2I3
      Category 1    0.133          129.000
      Category 2    0.867          844.000
    I4I5
      Category 1    0.217          211.000
      Category 2    0.783          762.000
    I4I6
      Category 1    0.374          364.000
      Category 2    0.626          608.000
    I5I6
      Category 1    0.788          767.000
      Category 2    0.212          206.000
    I7I8
      Category 1    0.223          217.000
      Category 2    0.777          758.000
    I7I9
      Category 1    0.176          172.000
      Category 2    0.824          803.000
    I8I9
      Category 1    0.320          312.000
      Category 2    0.680          662.000
    I10I11
      Category 1    0.219          213.000
      Category 2    0.781          761.000
    I10I12
      Category 1    0.595          580.000
      Category 2    0.405          395.000
    I11I12
      Category 1    0.793          772.000
      Category 2    0.207          202.000
    I13I14
      Category 1    0.202          197.000
      Category 2    0.798          779.000
    I13I15
      Category 1    0.107          104.000
      Category 2    0.893          872.000
    I14I15
      Category 1    0.278          271.000
      Category 2    0.722          705.000
    I16I17
      Category 1    0.787          766.000
      Category 2    0.213          207.000
    I16I18
      Category 1    0.813          790.000
      Category 2    0.187          182.000
    I17I18
      Category 1    0.598          581.000
      Category 2    0.402          390.000
    I19I20
      Category 1    0.291          283.000
      Category 2    0.709          690.000
    I19I21
      Category 1    0.080           78.000
      Category 2    0.920          896.000
    I20I21
      Category 1    0.167          163.000
      Category 2    0.833          811.000
    I22I23
      Category 1    0.413          402.000
      Category 2    0.587          571.000
    I22I24
      Category 1    0.430          419.000
      Category 2    0.570          555.000
    I23I24
      Category 1    0.561          546.000
      Category 2    0.439          427.000
    I25I26
      Category 1    0.265          258.000
      Category 2    0.735          716.000
    I25I27
      Category 1    0.147          143.000
      Category 2    0.853          831.000
    I26I27
      Category 1    0.291          283.000
      Category 2    0.709          690.000


SAMPLE STATISTICS


     ESTIMATED SAMPLE STATISTICS


           MEANS/INTERCEPTS/THRESHOLDS
              I1I2$1        I1I3$1        I2I3$1        I4I5$1        I4I6$1
              ________      ________      ________      ________      ________
                0.045        -1.266        -1.114        -0.783        -0.320


           MEANS/INTERCEPTS/THRESHOLDS
              I5I6$1        I7I8$1        I7I9$1        I8I9$1        I10I11$1
              ________      ________      ________      ________      ________
                0.800        -0.764        -0.929        -0.467        -0.777


           MEANS/INTERCEPTS/THRESHOLDS
              I10I12$1      I11I12$1      I13I14$1      I13I15$1      I14I15$1
              ________      ________      ________      ________      ________
                0.240         0.816        -0.835        -1.245        -0.590


           MEANS/INTERCEPTS/THRESHOLDS
              I16I17$1      I16I18$1      I17I18$1      I19I20$1      I19I21$1
              ________      ________      ________      ________      ________
                0.797         0.888         0.249        -0.551        -1.405


           MEANS/INTERCEPTS/THRESHOLDS
              I20I21$1      I22I23$1      I22I24$1      I23I24$1      I25I26$1
              ________      ________      ________      ________      ________
               -0.965        -0.219        -0.176         0.154        -0.628


           MEANS/INTERCEPTS/THRESHOLDS
              I25I27$1      I26I27$1
              ________      ________
               -1.050        -0.551


           CORRELATION MATRIX (WITH VARIANCES ON THE DIAGONAL)
              I1I2          I1I3          I2I3          I4I5          I4I6
              ________      ________      ________      ________      ________
 I1I2
 I1I3           0.405
 I2I3          -0.659         0.422
 I4I5          -0.065         0.068        -0.032
 I4I6          -0.032         0.044         0.084         0.752
 I5I6           0.123         0.104         0.091        -0.442         0.262
 I7I8          -0.099         0.345         0.305         0.010        -0.075
 I7I9          -0.072         0.337         0.280        -0.046        -0.119
 I8I9           0.096         0.000         0.068        -0.137        -0.170
 I10I11        -0.193         0.180         0.371         0.113        -0.092
 I10I12         0.160        -0.023        -0.297         0.104        -0.023
 I11I12         0.260        -0.205        -0.554         0.036         0.062
 I13I14        -0.291         0.215         0.478         0.150         0.213
 I13I15        -0.245         0.242         0.456         0.100         0.074
 I14I15         0.066         0.058        -0.050        -0.027        -0.158
 I16I17         0.054        -0.143        -0.180         0.022        -0.087
 I16I18        -0.006        -0.163        -0.166         0.115         0.123
 I17I18        -0.127        -0.058        -0.028         0.358         0.310
 I19I20         0.054         0.217         0.140        -0.119        -0.117
 I19I21         0.145         0.418         0.139        -0.018         0.076
 I20I21        -0.066         0.173         0.136         0.237         0.224
 I22I23        -0.056         0.084         0.046         0.403         0.310
 I22I24        -0.071         0.015         0.081         0.389         0.313
 I23I24         0.018        -0.088        -0.004        -0.155        -0.100
 I25I26        -0.221         0.219         0.564         0.012         0.014
 I25I27        -0.152         0.263         0.417        -0.144        -0.111
 I26I27         0.117         0.015        -0.092        -0.262        -0.254


           CORRELATION MATRIX (WITH VARIANCES ON THE DIAGONAL)
              I5I6          I7I8          I7I9          I8I9          I10I11
              ________      ________      ________      ________      ________
 I7I8          -0.092
 I7I9          -0.089         0.885
 I8I9          -0.080        -0.223         0.260
 I10I11        -0.309         0.171         0.260         0.168
 I10I12        -0.107        -0.089        -0.073         0.000         0.241
 I11I12         0.188        -0.137        -0.172        -0.121        -0.657
 I13I14        -0.067         0.310         0.257        -0.106         0.231
 I13I15        -0.018         0.336         0.350         0.086         0.301
 I14I15        -0.068         0.077         0.105         0.216         0.142
 I16I17         0.072        -0.250        -0.146         0.080        -0.079
 I16I18         0.080        -0.261        -0.095        -0.051        -0.081
 I17I18        -0.117        -0.006         0.062        -0.117         0.130
 I19I20        -0.032         0.144         0.154         0.021         0.221
 I19I21        -0.039         0.238         0.350         0.077         0.195
 I20I21        -0.064         0.167         0.205         0.124         0.151
 I22I23        -0.183         0.086         0.098         0.095         0.240
 I22I24        -0.078        -0.041        -0.052         0.028         0.104
 I23I24         0.164        -0.087        -0.155        -0.079        -0.184
 I25I26         0.009         0.296         0.345         0.008         0.337
 I25I27        -0.140         0.283         0.372         0.112         0.232
 I26I27        -0.062        -0.010         0.021         0.187        -0.006


           CORRELATION MATRIX (WITH VARIANCES ON THE DIAGONAL)
              I10I12        I11I12        I13I14        I13I15        I14I15
              ________      ________      ________      ________      ________
 I11I12         0.573
 I13I14        -0.287        -0.344
 I13I15        -0.262        -0.353         0.720
 I14I15         0.060        -0.034        -0.452         0.302
 I16I17        -0.017         0.026        -0.050        -0.253        -0.167
 I16I18        -0.013        -0.007        -0.001        -0.294        -0.181
 I17I18         0.043        -0.130         0.107        -0.046        -0.038
 I19I20        -0.061        -0.142         0.126         0.225         0.103
 I19I21         0.005         0.000         0.143         0.154         0.162
 I20I21         0.041        -0.033         0.059         0.116         0.057
 I22I23         0.166        -0.055         0.039         0.072         0.171
 I22I24         0.172        -0.013         0.080         0.031        -0.033
 I23I24         0.004         0.161        -0.010        -0.020        -0.094
 I25I26        -0.219        -0.318         0.305         0.357         0.101
 I25I27        -0.288        -0.191         0.065         0.244         0.230
 I26I27        -0.030         0.039        -0.165        -0.048         0.185


           CORRELATION MATRIX (WITH VARIANCES ON THE DIAGONAL)
              I16I17        I16I18        I17I18        I19I20        I19I21
              ________      ________      ________      ________      ________
 I16I18         0.747
 I17I18        -0.251         0.455
 I19I20         0.119         0.068        -0.201
 I19I21        -0.098        -0.082         0.004         0.578
 I20I21        -0.259        -0.079         0.243        -0.462         0.457
 I22I23        -0.138         0.042         0.277        -0.092         0.102
 I22I24         0.022         0.201         0.241        -0.076         0.025
 I23I24         0.197         0.107        -0.112         0.083        -0.101
 I25I26        -0.138        -0.103         0.049         0.044         0.107
 I25I27        -0.112        -0.159        -0.099         0.201         0.242
 I26I27         0.008        -0.133        -0.201         0.187         0.196


           CORRELATION MATRIX (WITH VARIANCES ON THE DIAGONAL)
              I20I21        I22I23        I22I24        I23I24        I25I26
              ________      ________      ________      ________      ________
 I22I23         0.202
 I22I24         0.163         0.650
 I23I24        -0.170        -0.583         0.240
 I25I26         0.230         0.138        -0.017        -0.192
 I25I27         0.035        -0.043        -0.129        -0.040         0.662
 I26I27        -0.115        -0.190        -0.165         0.154        -0.339


           CORRELATION MATRIX (WITH VARIANCES ON THE DIAGONAL)
              I25I27        I26I27
              ________      ________
 I26I27         0.481


     THIS ANALYSIS MAY HAVE MULTIPLE SOLUTIONS.  EXPLORE THIS USING RANDOM STARTS,
     FOR EXAMPLE, STARTS = 20.  USE A LARGE ENOUGH NUMBER OF STARTS SO THAT THE
     BEST FIT FUNCTION VALUE IS REPLICATED SEVERAL TIMES.


THE MODEL ESTIMATION TERMINATED NORMALLY

     WARNING:  THE RESIDUAL COVARIANCE MATRIX (THETA) IS NOT POSITIVE DEFINITE.
     THIS COULD INDICATE A NEGATIVE VARIANCE/RESIDUAL VARIANCE FOR AN OBSERVED
     VARIABLE, A CORRELATION GREATER OR EQUAL TO ONE BETWEEN TWO OBSERVED
     VARIABLES, OR A LINEAR DEPENDENCY AMONG MORE THAN TWO OBSERVED VARIABLES.
     CHECK THE RESULTS SECTION FOR MORE INFORMATION.
     PROBLEM INVOLVING VARIABLE I2I3.


     THE MODEL CONTAINS A NON-ZERO CORRELATION BETWEEN DEPENDENT VARIABLES.
     SUCH CORRELATIONS ARE IGNORED IN THE COMPUTATION OF THE FACTOR SCORES.



MODEL FIT INFORMATION

Number of Free Parameters                       73

Chi-Square Test of Model Fit

          Value                           1203.205*
          Degrees of Freedom                   305
          P-Value                           0.0000

*   The chi-square value for MLM, MLMV, MLR, ULSMV, WLSM and WLSMV cannot be used
    for chi-square difference testing in the regular way.  MLM, MLR and WLSM
    chi-square difference testing is described on the Mplus website.  MLMV, WLSMV,
    and ULSMV difference testing is done using the DIFFTEST option.

RMSEA (Root Mean Square Error Of Approximation)

          Estimate                           0.055
          90 Percent C.I.                    0.052  0.058
          Probability RMSEA <= .05           0.007

CFI/TLI

          CFI                                0.645
          TLI                                0.592

Chi-Square Test of Model Fit for the Baseline Model

          Value                           2882.439
          Degrees of Freedom                   351
          P-Value                           0.0000

SRMR (Standardized Root Mean Square Residual)

          Value                              0.115

Optimum Function Value for Weighted Least-Squares Estimator

          Value                     0.26920222D+01



MODEL RESULTS

                                                    Two-Tailed
                    Estimate       S.E.  Est./S.E.    P-Value

 NAR      BY
    I1I2               0.062      0.111      0.558      0.577
    I1I3               0.062      0.111      0.558      0.577
    I4I5              -1.796      0.504     -3.565      0.000
    I4I6              -1.796      0.504     -3.565      0.000
    I7I8               0.039      0.131      0.298      0.765
    I7I9               0.039      0.131      0.298      0.765
    I10I12            -0.104      0.159     -0.656      0.512
    I11I12            -0.104      0.159     -0.656      0.512
    I13I14            -0.798      0.173     -4.615      0.000
    I14I15             0.419      0.146      2.878      0.004
    I16I17             0.160      0.104      1.544      0.123
    I17I18            -0.823      0.164     -5.027      0.000
    I19I21            -0.319      0.120     -2.668      0.008
    I20I21            -0.319      0.120     -2.668      0.008
    I22I23            -0.451      0.076     -5.950      0.000
    I23I24             0.451      0.076      5.950      0.000
    I25I27             0.771      0.170      4.524      0.000
    I26I27             0.771      0.170      4.524      0.000

 PUM      BY
    I1I2              -0.356      0.107     -3.315      0.001
    I1I3              -0.087      0.113     -0.768      0.442
    I2I3              -0.269      0.049     -5.498      0.000
    I4I5               1.432      0.455      3.148      0.002
    I4I6               1.254      0.433      2.893      0.004
    I5I6               0.178      0.061      2.922      0.003
    I7I8              -0.837      0.151     -5.550      0.000
    I7I9              -0.719      0.147     -4.903      0.000
    I8I9              -0.118      0.044     -2.691      0.007
    I10I11            -0.875      0.153     -5.707      0.000
    I10I12             0.388      0.161      2.404      0.016
    I11I12             1.263      0.225      5.607      0.000
    I13I14            -0.123      0.140     -0.878      0.380
    I13I15            -0.707      0.116     -6.069      0.000
    I14I15            -0.829      0.178     -4.655      0.000
    I16I17             0.213      0.085      2.500      0.012
    I16I18             0.336      0.089      3.791      0.000
    I17I18             0.549      0.132      4.158      0.000
    I19I20            -0.264      0.080     -3.305      0.001
    I19I21            -0.324      0.115     -2.818      0.005
    I20I21            -0.060      0.105     -0.564      0.573
    I22I23             0.016      0.037      0.420      0.674
    I22I24            -0.023      0.061     -0.375      0.707
    I23I24            -0.007      0.061     -0.120      0.904
    I25I26            -0.892      0.140     -6.352      0.000
    I25I27            -1.523      0.240     -6.352      0.000
    I26I27            -0.630      0.167     -3.764      0.000

 NAR      WITH
    PUM                0.741      0.063     11.685      0.000

 I1I2     WITH
    I1I3               1.000      0.000    999.000    999.000
    I2I3              -1.000      0.000    999.000    999.000

 I1I3     WITH
    I2I3               1.000      0.000    999.000    999.000

 I4I5     WITH
    I4I6               1.000      0.000    999.000    999.000
    I5I6              -0.942      0.337     -2.791      0.005

 I4I6     WITH
    I5I6               0.535      0.226      2.369      0.018

 I7I8     WITH
    I7I9               1.000      0.000    999.000    999.000
    I8I9              -0.311      0.092     -3.380      0.001

 I7I9     WITH
    I8I9               0.118      0.055      2.132      0.033

 I10I11   WITH
    I10I12             1.000      0.000    999.000    999.000
    I11I12            -2.168      0.625     -3.471      0.001

 I10I12   WITH
    I11I12             2.485      0.717      3.466      0.001

 I13I14   WITH
    I13I15             1.000      0.000    999.000    999.000
    I14I15            -1.626      0.593     -2.740      0.006

 I13I15   WITH
    I14I15             0.166      0.136      1.217      0.224

 I16I17   WITH
    I16I18             1.000      0.000    999.000    999.000
    I17I18            -0.218      0.088     -2.470      0.014

 I16I18   WITH
    I17I18             0.656      0.154      4.256      0.000

 I19I20   WITH
    I19I21             1.000      0.000    999.000    999.000
    I20I21            -0.687      0.185     -3.719      0.000

 I19I21   WITH
    I20I21             0.491      0.182      2.698      0.007

 I22I23   WITH
    I22I24             1.000      0.000    999.000    999.000
    I23I24            -0.786      0.134     -5.875      0.000

 I22I24   WITH
    I23I24             0.383      0.095      4.012      0.000

 I25I26   WITH
    I25I27             1.000      0.000    999.000    999.000
    I26I27            -0.714      0.230     -3.107      0.002

 I25I27   WITH
    I26I27             0.804      0.243      3.308      0.001

 Means
    NAR                0.000      0.000    999.000    999.000
    PUM                0.000      0.000    999.000    999.000

 Thresholds
    I1I2$1             0.065      0.058      1.122      0.262
    I1I3$1            -1.793      0.077    -23.310      0.000
    I2I3$1            -1.604      0.074    -21.535      0.000
    I4I5$1            -1.445      0.225     -6.433      0.000
    I4I6$1            -0.554      0.105     -5.274      0.000
    I5I6$1             0.983      0.178      5.510      0.000
    I7I8$1            -1.070      0.090    -11.900      0.000
    I7I9$1            -1.173      0.082    -14.370      0.000
    I8I9$1            -0.311      0.046     -6.805      0.000
    I10I11$1          -1.540      0.180     -8.536      0.000
    I10I12$1           0.455      0.089      5.085      0.000
    I11I12$1           2.008      0.259      7.765      0.000
    I13I14$1          -1.545      0.215     -7.183      0.000
    I13I15$1          -1.607      0.133    -12.076      0.000
    I14I15$1          -0.863      0.159     -5.430      0.000
    I16I17$1           0.922      0.063     14.601      0.000
    I16I18$1           1.181      0.086     13.814      0.000
    I17I18$1           0.271      0.055      4.931      0.000
    I19I20$1          -0.730      0.070    -10.431      0.000
    I19I21$1          -1.911      0.159    -12.038      0.000
    I20I21$1          -1.105      0.150     -7.342      0.000
    I22I23$1          -0.309      0.058     -5.304      0.000
    I22I24$1          -0.207      0.048     -4.311      0.000
    I23I24$1           0.180      0.049      3.695      0.000
    I25I26$1          -0.996      0.111     -8.993      0.000
    I25I27$1          -1.812      0.180    -10.073      0.000
    I26I27$1          -0.737      0.110     -6.705      0.000

 Variances
    NAR                1.000      0.000    999.000    999.000
    PUM                1.000      0.000    999.000    999.000

 Residual Variances
    I1I2               2.000      0.000    999.000    999.000
    I1I3               2.000      0.000    999.000    999.000
    I2I3               2.000      0.000    999.000    999.000
    I4I5               1.942      0.337      5.754      0.000
    I4I6               1.535      0.226      6.796      0.000
    I5I6               1.477      0.512      2.885      0.004
    I7I8               1.311      0.092     14.266      0.000
    I7I9               1.118      0.055     20.176      0.000
    I8I9               0.429      0.102      4.216      0.000
    I10I11             3.168      0.625      5.072      0.000
    I10I12             3.485      0.717      4.861      0.000
    I11I12             4.652      1.228      3.790      0.000
    I13I14             2.626      0.593      4.425      0.000
    I13I15             1.166      0.136      8.558      0.000
    I14I15             1.792      0.613      2.922      0.003
    I16I17             1.218      0.088     13.807      0.000
    I16I18             1.656      0.154     10.746      0.000
    I17I18             0.874      0.183      4.762      0.000
    I19I20             1.687      0.185      9.137      0.000
    I19I21             1.491      0.182      8.192      0.000
    I20I21             1.177      0.311      3.783      0.000
    I22I23             1.786      0.134     13.350      0.000
    I22I24             1.383      0.095     14.493      0.000
    I23I24             1.169      0.179      6.520      0.000
    I25I26             1.714      0.230      7.456      0.000
    I25I27             1.804      0.243      7.425      0.000
    I26I27             1.518      0.401      3.788      0.000


STANDARDIZED MODEL RESULTS


STDYX Standardization

                                                    Two-Tailed
                    Estimate       S.E.  Est./S.E.    P-Value

 NAR      BY
    I1I2               0.043      0.077      0.558      0.577
    I1I3               0.044      0.078      0.558      0.577
    I4I5              -0.973      0.155     -6.267      0.000
    I4I6              -1.038      0.162     -6.397      0.000
    I7I8               0.028      0.094      0.299      0.765
    I7I9               0.031      0.104      0.299      0.765
    I10I12            -0.055      0.084     -0.658      0.511
    I11I12            -0.042      0.064     -0.658      0.511
    I13I14            -0.431      0.076     -5.679      0.000
    I14I15             0.287      0.090      3.177      0.001
    I16I17             0.139      0.089      1.550      0.121
    I17I18            -0.757      0.091     -8.276      0.000
    I19I21            -0.235      0.081     -2.883      0.004
    I20I21            -0.279      0.091     -3.052      0.002
    I22I23            -0.320      0.049     -6.537      0.000
    I23I24             0.385      0.059      6.515      0.000
    I25I27             0.447      0.088      5.091      0.000
    I26I27             0.576      0.106      5.455      0.000

 PUM      BY
    I1I2              -0.246      0.072     -3.402      0.001
    I1I3              -0.061      0.080     -0.770      0.441
    I2I3              -0.187      0.033     -5.697      0.000
    I4I5               0.776      0.162      4.794      0.000
    I4I6               0.724      0.173      4.178      0.000
    I5I6               0.145      0.043      3.382      0.001
    I7I8              -0.597      0.087     -6.893      0.000
    I7I9              -0.569      0.097     -5.885      0.000
    I8I9              -0.177      0.057     -3.118      0.002
    I10I11            -0.441      0.054     -8.189      0.000
    I10I12             0.205      0.084      2.438      0.015
    I11I12             0.513      0.071      7.260      0.000
    I13I14            -0.066      0.070     -0.944      0.345
    I13I15            -0.548      0.061     -8.950      0.000
    I14I15            -0.567      0.071     -8.038      0.000
    I16I17             0.184      0.071      2.595      0.009
    I16I18             0.253      0.059      4.286      0.000
    I17I18             0.504      0.096      5.241      0.000
    I19I20            -0.199      0.056     -3.546      0.000
    I19I21            -0.238      0.080     -2.970      0.003
    I20I21            -0.052      0.092     -0.563      0.574
    I22I23             0.011      0.026      0.420      0.674
    I22I24            -0.019      0.052     -0.376      0.707
    I23I24            -0.006      0.052     -0.120      0.904
    I25I26            -0.563      0.049    -11.451      0.000
    I25I27            -0.883      0.090     -9.858      0.000
    I26I27            -0.471      0.109     -4.330      0.000

 NAR      WITH
    PUM                0.741      0.063     11.685      0.000

 I1I2     WITH
    I1I3               0.500      0.000    999.000    999.000
    I2I3              -0.500      0.000    999.000    999.000

 I1I3     WITH
    I2I3               0.500      0.000    999.000    999.000

 I4I5     WITH
    I4I6               0.579      0.084      6.882      0.000
    I5I6              -0.556      0.069     -8.105      0.000

 I4I6     WITH
    I5I6               0.355      0.077      4.591      0.000

 I7I8     WITH
    I7I9               0.826      0.033     24.670      0.000
    I8I9              -0.414      0.072     -5.768      0.000

 I7I9     WITH
    I8I9               0.171      0.069      2.462      0.014

 I10I11   WITH
    I10I12             0.301      0.055      5.427      0.000
    I11I12            -0.565      0.051    -11.031      0.000

 I10I12   WITH
    I11I12             0.617      0.050     12.421      0.000

 I13I14   WITH
    I13I15             0.572      0.074      7.758      0.000
    I14I15            -0.750      0.070    -10.727      0.000

 I13I15   WITH
    I14I15             0.115      0.085      1.354      0.176

 I16I17   WITH
    I16I18             0.704      0.043     16.349      0.000
    I17I18            -0.211      0.068     -3.091      0.002

 I16I18   WITH
    I17I18             0.545      0.059      9.206      0.000

 I19I20   WITH
    I19I21             0.631      0.062     10.170      0.000
    I20I21            -0.487      0.060     -8.127      0.000

 I19I21   WITH
    I20I21             0.371      0.078      4.764      0.000

 I22I23   WITH
    I22I24             0.636      0.036     17.923      0.000
    I23I24            -0.544      0.043    -12.773      0.000

 I22I24   WITH
    I23I24             0.301      0.052      5.821      0.000

 I25I26   WITH
    I25I27             0.569      0.065      8.781      0.000
    I26I27            -0.443      0.071     -6.205      0.000

 I25I27   WITH
    I26I27             0.486      0.068      7.159      0.000

 Means
    NAR                0.000      0.000    999.000    999.000
    PUM                0.000      0.000    999.000    999.000

 Thresholds
    I1I2$1             0.045      0.040      1.122      0.262
    I1I3$1            -1.266      0.054    -23.296      0.000
    I2I3$1            -1.114      0.051    -21.978      0.000
    I4I5$1            -0.783      0.045    -17.401      0.000
    I4I6$1            -0.320      0.041     -7.813      0.000
    I5I6$1             0.800      0.045     17.699      0.000
    I7I8$1            -0.764      0.045    -17.084      0.000
    I7I9$1            -0.929      0.047    -19.720      0.000
    I8I9$1            -0.467      0.042    -11.170      0.000
    I10I11$1          -0.777      0.045    -17.302      0.000
    I10I12$1           0.240      0.041      5.920      0.000
    I11I12$1           0.815      0.045     17.958      0.000
    I13I14$1          -0.835      0.046    -18.297      0.000
    I13I15$1          -1.245      0.054    -23.168      0.000
    I14I15$1          -0.590      0.043    -13.793      0.000
    I16I17$1           0.797      0.045     17.640      0.000
    I16I18$1           0.888      0.047     19.089      0.000
    I17I18$1           0.249      0.041      6.123      0.000
    I19I20$1          -0.551      0.042    -12.970      0.000
    I19I21$1          -1.404      0.058    -24.027      0.000
    I20I21$1          -0.965      0.048    -20.205      0.000
    I22I23$1          -0.219      0.041     -5.414      0.000
    I22I24$1          -0.176      0.040     -4.356      0.000
    I23I24$1           0.154      0.040      3.814      0.000
    I25I26$1          -0.628      0.043    -14.554      0.000
    I25I27$1          -1.050      0.049    -21.283      0.000
    I26I27$1          -0.551      0.042    -12.970      0.000

 Variances
    NAR                1.000      0.000    999.000    999.000
    PUM                1.000      0.000    999.000    999.000

 Residual Variances
    I1I2               0.953      0.020     46.859      0.000
    I1I3               0.998      0.004    227.412      0.000
    I2I3               0.965      0.012     78.775      0.000
    I4I5               0.570      0.086      6.614      0.000
    I4I6               0.513      0.096      5.332      0.000
    I5I6               0.979      0.012     78.570      0.000
    I7I8               0.668      0.053     12.568      0.000
    I7I9               0.701      0.060     11.743      0.000
    I8I9               0.969      0.020     48.117      0.000
    I10I11             0.805      0.048     16.926      0.000
    I10I12             0.972      0.019     51.569      0.000
    I11I12             0.767      0.048     15.832      0.000
    I13I14             0.767      0.056     13.745      0.000
    I13I15             0.700      0.067     10.447      0.000
    I14I15             0.837      0.039     21.251      0.000
    I16I17             0.909      0.036     25.235      0.000
    I16I18             0.936      0.030     31.454      0.000
    I17I18             0.739      0.060     12.266      0.000
    I19I20             0.960      0.022     42.783      0.000
    I19I21             0.805      0.057     14.209      0.000
    I20I21             0.898      0.040     22.270      0.000
    I22I23             0.903      0.031     29.091      0.000
    I22I24             1.000      0.002    498.958      0.000
    I23I24             0.855      0.040     21.265      0.000
    I25I26             0.683      0.055     12.324      0.000
    I25I27             0.606      0.066      9.209      0.000
    I26I27             0.848      0.043     19.569      0.000


STDY Standardization

                                                    Two-Tailed
                    Estimate       S.E.  Est./S.E.    P-Value

 NAR      BY
    I1I2               0.043      0.077      0.558      0.577
    I1I3               0.044      0.078      0.558      0.577
    I4I5              -0.973      0.155     -6.267      0.000
    I4I6              -1.038      0.162     -6.397      0.000
    I7I8               0.028      0.094      0.299      0.765
    I7I9               0.031      0.104      0.299      0.765
    I10I12            -0.055      0.084     -0.658      0.511
    I11I12            -0.042      0.064     -0.658      0.511
    I13I14            -0.431      0.076     -5.679      0.000
    I14I15             0.287      0.090      3.177      0.001
    I16I17             0.139      0.089      1.550      0.121
    I17I18            -0.757      0.091     -8.276      0.000
    I19I21            -0.235      0.081     -2.883      0.004
    I20I21            -0.279      0.091     -3.052      0.002
    I22I23            -0.320      0.049     -6.537      0.000
    I23I24             0.385      0.059      6.515      0.000
    I25I27             0.447      0.088      5.091      0.000
    I26I27             0.576      0.106      5.455      0.000

 PUM      BY
    I1I2              -0.246      0.072     -3.402      0.001
    I1I3              -0.061      0.080     -0.770      0.441
    I2I3              -0.187      0.033     -5.697      0.000
    I4I5               0.776      0.162      4.794      0.000
    I4I6               0.724      0.173      4.178      0.000
    I5I6               0.145      0.043      3.382      0.001
    I7I8              -0.597      0.087     -6.893      0.000
    I7I9              -0.569      0.097     -5.885      0.000
    I8I9              -0.177      0.057     -3.118      0.002
    I10I11            -0.441      0.054     -8.189      0.000
    I10I12             0.205      0.084      2.438      0.015
    I11I12             0.513      0.071      7.260      0.000
    I13I14            -0.066      0.070     -0.944      0.345
    I13I15            -0.548      0.061     -8.950      0.000
    I14I15            -0.567      0.071     -8.038      0.000
    I16I17             0.184      0.071      2.595      0.009
    I16I18             0.253      0.059      4.286      0.000
    I17I18             0.504      0.096      5.241      0.000
    I19I20            -0.199      0.056     -3.546      0.000
    I19I21            -0.238      0.080     -2.970      0.003
    I20I21            -0.052      0.092     -0.563      0.574
    I22I23             0.011      0.026      0.420      0.674
    I22I24            -0.019      0.052     -0.376      0.707
    I23I24            -0.006      0.052     -0.120      0.904
    I25I26            -0.563      0.049    -11.451      0.000
    I25I27            -0.883      0.090     -9.858      0.000
    I26I27            -0.471      0.109     -4.330      0.000

 NAR      WITH
    PUM                0.741      0.063     11.685      0.000

 I1I2     WITH
    I1I3               0.500      0.000    999.000    999.000
    I2I3              -0.500      0.000    999.000    999.000

 I1I3     WITH
    I2I3               0.500      0.000    999.000    999.000

 I4I5     WITH
    I4I6               0.579      0.084      6.882      0.000
    I5I6              -0.556      0.069     -8.105      0.000

 I4I6     WITH
    I5I6               0.355      0.077      4.591      0.000

 I7I8     WITH
    I7I9               0.826      0.033     24.670      0.000
    I8I9              -0.414      0.072     -5.768      0.000

 I7I9     WITH
    I8I9               0.171      0.069      2.462      0.014

 I10I11   WITH
    I10I12             0.301      0.055      5.427      0.000
    I11I12            -0.565      0.051    -11.031      0.000

 I10I12   WITH
    I11I12             0.617      0.050     12.421      0.000

 I13I14   WITH
    I13I15             0.572      0.074      7.758      0.000
    I14I15            -0.750      0.070    -10.727      0.000

 I13I15   WITH
    I14I15             0.115      0.085      1.354      0.176

 I16I17   WITH
    I16I18             0.704      0.043     16.349      0.000
    I17I18            -0.211      0.068     -3.091      0.002

 I16I18   WITH
    I17I18             0.545      0.059      9.206      0.000

 I19I20   WITH
    I19I21             0.631      0.062     10.170      0.000
    I20I21            -0.487      0.060     -8.127      0.000

 I19I21   WITH
    I20I21             0.371      0.078      4.764      0.000

 I22I23   WITH
    I22I24             0.636      0.036     17.923      0.000
    I23I24            -0.544      0.043    -12.773      0.000

 I22I24   WITH
    I23I24             0.301      0.052      5.821      0.000

 I25I26   WITH
    I25I27             0.569      0.065      8.781      0.000
    I26I27            -0.443      0.071     -6.205      0.000

 I25I27   WITH
    I26I27             0.486      0.068      7.159      0.000

 Means
    NAR                0.000      0.000    999.000    999.000
    PUM                0.000      0.000    999.000    999.000

 Thresholds
    I1I2$1             0.045      0.040      1.122      0.262
    I1I3$1            -1.266      0.054    -23.296      0.000
    I2I3$1            -1.114      0.051    -21.978      0.000
    I4I5$1            -0.783      0.045    -17.401      0.000
    I4I6$1            -0.320      0.041     -7.813      0.000
    I5I6$1             0.800      0.045     17.699      0.000
    I7I8$1            -0.764      0.045    -17.084      0.000
    I7I9$1            -0.929      0.047    -19.720      0.000
    I8I9$1            -0.467      0.042    -11.170      0.000
    I10I11$1          -0.777      0.045    -17.302      0.000
    I10I12$1           0.240      0.041      5.920      0.000
    I11I12$1           0.815      0.045     17.958      0.000
    I13I14$1          -0.835      0.046    -18.297      0.000
    I13I15$1          -1.245      0.054    -23.168      0.000
    I14I15$1          -0.590      0.043    -13.793      0.000
    I16I17$1           0.797      0.045     17.640      0.000
    I16I18$1           0.888      0.047     19.089      0.000
    I17I18$1           0.249      0.041      6.123      0.000
    I19I20$1          -0.551      0.042    -12.970      0.000
    I19I21$1          -1.404      0.058    -24.027      0.000
    I20I21$1          -0.965      0.048    -20.205      0.000
    I22I23$1          -0.219      0.041     -5.414      0.000
    I22I24$1          -0.176      0.040     -4.356      0.000
    I23I24$1           0.154      0.040      3.814      0.000
    I25I26$1          -0.628      0.043    -14.554      0.000
    I25I27$1          -1.050      0.049    -21.283      0.000
    I26I27$1          -0.551      0.042    -12.970      0.000

 Variances
    NAR                1.000      0.000    999.000    999.000
    PUM                1.000      0.000    999.000    999.000

 Residual Variances
    I1I2               0.953      0.020     46.859      0.000
    I1I3               0.998      0.004    227.412      0.000
    I2I3               0.965      0.012     78.775      0.000
    I4I5               0.570      0.086      6.614      0.000
    I4I6               0.513      0.096      5.332      0.000
    I5I6               0.979      0.012     78.570      0.000
    I7I8               0.668      0.053     12.568      0.000
    I7I9               0.701      0.060     11.743      0.000
    I8I9               0.969      0.020     48.117      0.000
    I10I11             0.805      0.048     16.926      0.000
    I10I12             0.972      0.019     51.569      0.000
    I11I12             0.767      0.048     15.832      0.000
    I13I14             0.767      0.056     13.745      0.000
    I13I15             0.700      0.067     10.447      0.000
    I14I15             0.837      0.039     21.251      0.000
    I16I17             0.909      0.036     25.235      0.000
    I16I18             0.936      0.030     31.454      0.000
    I17I18             0.739      0.060     12.266      0.000
    I19I20             0.960      0.022     42.783      0.000
    I19I21             0.805      0.057     14.209      0.000
    I20I21             0.898      0.040     22.270      0.000
    I22I23             0.903      0.031     29.091      0.000
    I22I24             1.000      0.002    498.958      0.000
    I23I24             0.855      0.040     21.265      0.000
    I25I26             0.683      0.055     12.324      0.000
    I25I27             0.606      0.066      9.209      0.000
    I26I27             0.848      0.043     19.569      0.000


STD Standardization

                                                    Two-Tailed
                    Estimate       S.E.  Est./S.E.    P-Value

 NAR      BY
    I1I2               0.062      0.111      0.558      0.577
    I1I3               0.062      0.111      0.558      0.577
    I4I5              -1.796      0.504     -3.565      0.000
    I4I6              -1.796      0.504     -3.565      0.000
    I7I8               0.039      0.131      0.298      0.765
    I7I9               0.039      0.131      0.298      0.765
    I10I12            -0.104      0.159     -0.656      0.512
    I11I12            -0.104      0.159     -0.656      0.512
    I13I14            -0.798      0.173     -4.615      0.000
    I14I15             0.419      0.146      2.878      0.004
    I16I17             0.160      0.104      1.544      0.123
    I17I18            -0.823      0.164     -5.027      0.000
    I19I21            -0.319      0.120     -2.668      0.008
    I20I21            -0.319      0.120     -2.668      0.008
    I22I23            -0.451      0.076     -5.950      0.000
    I23I24             0.451      0.076      5.950      0.000
    I25I27             0.771      0.170      4.524      0.000
    I26I27             0.771      0.170      4.524      0.000

 PUM      BY
    I1I2              -0.356      0.107     -3.315      0.001
    I1I3              -0.087      0.113     -0.768      0.442
    I2I3              -0.269      0.049     -5.498      0.000
    I4I5               1.432      0.455      3.148      0.002
    I4I6               1.254      0.433      2.893      0.004
    I5I6               0.178      0.061      2.922      0.003
    I7I8              -0.837      0.151     -5.550      0.000
    I7I9              -0.719      0.147     -4.903      0.000
    I8I9              -0.118      0.044     -2.691      0.007
    I10I11            -0.875      0.153     -5.707      0.000
    I10I12             0.388      0.161      2.404      0.016
    I11I12             1.263      0.225      5.607      0.000
    I13I14            -0.123      0.140     -0.878      0.380
    I13I15            -0.707      0.116     -6.069      0.000
    I14I15            -0.829      0.178     -4.655      0.000
    I16I17             0.213      0.085      2.500      0.012
    I16I18             0.336      0.089      3.791      0.000
    I17I18             0.549      0.132      4.158      0.000
    I19I20            -0.264      0.080     -3.305      0.001
    I19I21            -0.324      0.115     -2.818      0.005
    I20I21            -0.060      0.105     -0.564      0.573
    I22I23             0.016      0.037      0.420      0.674
    I22I24            -0.023      0.061     -0.375      0.707
    I23I24            -0.007      0.061     -0.120      0.904
    I25I26            -0.892      0.140     -6.352      0.000
    I25I27            -1.523      0.240     -6.352      0.000
    I26I27            -0.630      0.167     -3.764      0.000

 NAR      WITH
    PUM                0.741      0.063     11.685      0.000

 I1I2     WITH
    I1I3               1.000      0.000    999.000    999.000
    I2I3              -1.000      0.000    999.000    999.000

 I1I3     WITH
    I2I3               1.000      0.000    999.000    999.000

 I4I5     WITH
    I4I6               1.000      0.000    999.000    999.000
    I5I6              -0.942      0.337     -2.791      0.005

 I4I6     WITH
    I5I6               0.535      0.226      2.369      0.018

 I7I8     WITH
    I7I9               1.000      0.000    999.000    999.000
    I8I9              -0.311      0.092     -3.380      0.001

 I7I9     WITH
    I8I9               0.118      0.055      2.132      0.033

 I10I11   WITH
    I10I12             1.000      0.000    999.000    999.000
    I11I12            -2.168      0.625     -3.471      0.001

 I10I12   WITH
    I11I12             2.485      0.717      3.466      0.001

 I13I14   WITH
    I13I15             1.000      0.000    999.000    999.000
    I14I15            -1.626      0.593     -2.740      0.006

 I13I15   WITH
    I14I15             0.166      0.136      1.217      0.224

 I16I17   WITH
    I16I18             1.000      0.000    999.000    999.000
    I17I18            -0.218      0.088     -2.470      0.014

 I16I18   WITH
    I17I18             0.656      0.154      4.256      0.000

 I19I20   WITH
    I19I21             1.000      0.000    999.000    999.000
    I20I21            -0.687      0.185     -3.719      0.000

 I19I21   WITH
    I20I21             0.491      0.182      2.698      0.007

 I22I23   WITH
    I22I24             1.000      0.000    999.000    999.000
    I23I24            -0.786      0.134     -5.875      0.000

 I22I24   WITH
    I23I24             0.383      0.095      4.012      0.000

 I25I26   WITH
    I25I27             1.000      0.000    999.000    999.000
    I26I27            -0.714      0.230     -3.107      0.002

 I25I27   WITH
    I26I27             0.804      0.243      3.308      0.001

 Means
    NAR                0.000      0.000    999.000    999.000
    PUM                0.000      0.000    999.000    999.000

 Thresholds
    I1I2$1             0.065      0.058      1.122      0.262
    I1I3$1            -1.793      0.077    -23.310      0.000
    I2I3$1            -1.604      0.074    -21.535      0.000
    I4I5$1            -1.445      0.225     -6.433      0.000
    I4I6$1            -0.554      0.105     -5.274      0.000
    I5I6$1             0.983      0.178      5.510      0.000
    I7I8$1            -1.070      0.090    -11.900      0.000
    I7I9$1            -1.173      0.082    -14.370      0.000
    I8I9$1            -0.311      0.046     -6.805      0.000
    I10I11$1          -1.540      0.180     -8.536      0.000
    I10I12$1           0.455      0.089      5.085      0.000
    I11I12$1           2.008      0.259      7.765      0.000
    I13I14$1          -1.545      0.215     -7.183      0.000
    I13I15$1          -1.607      0.133    -12.076      0.000
    I14I15$1          -0.863      0.159     -5.430      0.000
    I16I17$1           0.922      0.063     14.601      0.000
    I16I18$1           1.181      0.086     13.814      0.000
    I17I18$1           0.271      0.055      4.931      0.000
    I19I20$1          -0.730      0.070    -10.431      0.000
    I19I21$1          -1.911      0.159    -12.038      0.000
    I20I21$1          -1.105      0.150     -7.342      0.000
    I22I23$1          -0.309      0.058     -5.304      0.000
    I22I24$1          -0.207      0.048     -4.311      0.000
    I23I24$1           0.180      0.049      3.695      0.000
    I25I26$1          -0.996      0.111     -8.993      0.000
    I25I27$1          -1.812      0.180    -10.073      0.000
    I26I27$1          -0.737      0.110     -6.705      0.000

 Variances
    NAR                1.000      0.000    999.000    999.000
    PUM                1.000      0.000    999.000    999.000

 Residual Variances
    I1I2               2.000      0.000    999.000    999.000
    I1I3               2.000      0.000    999.000    999.000
    I2I3               2.000      0.000    999.000    999.000
    I4I5               1.942      0.337      5.754      0.000
    I4I6               1.535      0.226      6.796      0.000
    I5I6               1.477      0.512      2.885      0.004
    I7I8               1.311      0.092     14.266      0.000
    I7I9               1.118      0.055     20.176      0.000
    I8I9               0.429      0.102      4.216      0.000
    I10I11             3.168      0.625      5.072      0.000
    I10I12             3.485      0.717      4.861      0.000
    I11I12             4.652      1.228      3.790      0.000
    I13I14             2.626      0.593      4.425      0.000
    I13I15             1.166      0.136      8.558      0.000
    I14I15             1.792      0.613      2.922      0.003
    I16I17             1.218      0.088     13.807      0.000
    I16I18             1.656      0.154     10.746      0.000
    I17I18             0.874      0.183      4.762      0.000
    I19I20             1.687      0.185      9.137      0.000
    I19I21             1.491      0.182      8.192      0.000
    I20I21             1.177      0.311      3.783      0.000
    I22I23             1.786      0.134     13.350      0.000
    I22I24             1.383      0.095     14.493      0.000
    I23I24             1.169      0.179      6.520      0.000
    I25I26             1.714      0.230      7.456      0.000
    I25I27             1.804      0.243      7.425      0.000
    I26I27             1.518      0.401      3.788      0.000


R-SQUARE

    Observed                                        Two-Tailed     Scale
    Variable        Estimate       S.E.  Est./S.E.    P-Value     Factors

    I1I2               0.047      0.020      2.290      0.022      0.690
    I1I3               0.002      0.004      0.387      0.699      0.707
    I2I3               0.035      0.012      2.848      0.004      0.695
    I4I5               0.430      0.086      4.983      0.000      0.542
    I4I6               0.487      0.096      5.068      0.000      0.578
    I5I6               0.021      0.012      1.691      0.091      0.814
    I7I8               0.332      0.053      6.260      0.000      0.714
    I7I9               0.299      0.060      5.003      0.000      0.792
    I8I9               0.031      0.020      1.559      0.119      1.503
    I10I11             0.195      0.048      4.095      0.000      0.504
    I10I12             0.028      0.019      1.498      0.134      0.528
    I11I12             0.233      0.048      4.801      0.000      0.406
    I13I14             0.233      0.056      4.174      0.000      0.540
    I13I15             0.300      0.067      4.475      0.000      0.775
    I14I15             0.163      0.039      4.129      0.000      0.684
    I16I17             0.091      0.036      2.520      0.012      0.864
    I16I18             0.064      0.030      2.143      0.032      0.752
    I17I18             0.261      0.060      4.339      0.000      0.919
    I19I20             0.040      0.022      1.773      0.076      0.755
    I19I21             0.195      0.057      3.433      0.001      0.735
    I20I21             0.102      0.040      2.529      0.011      0.873
    I22I23             0.097      0.031      3.143      0.002      0.711
    I22I24             0.000      0.002      0.188      0.851      0.850
    I23I24             0.145      0.040      3.607      0.000      0.855
    I25I26             0.317      0.055      5.726      0.000      0.631
    I25I27             0.394      0.066      5.985      0.000      0.580
    I26I27             0.152      0.043      3.498      0.000      0.748


QUALITY OF NUMERICAL RESULTS

     Condition Number for the Information Matrix              0.261E-03
       (ratio of smallest to largest eigenvalue)


SAMPLE STATISTICS FOR ESTIMATED FACTOR SCORES


     SAMPLE STATISTICS


           Means
              NAR           NAR_SE        PUM           PUM_SE
              ________      ________      ________      ________
                0.028         0.639         0.028         0.625


           Covariances
              NAR           NAR_SE        PUM           PUM_SE
              ________      ________      ________      ________
 NAR            0.601
 NAR_SE        -0.028         0.002
 PUM            0.465        -0.025         0.616
 PUM_SE        -0.034         0.002        -0.047         0.004


           Correlations
              NAR           NAR_SE        PUM           PUM_SE
              ________      ________      ________      ________
 NAR            1.000
 NAR_SE        -0.864         1.000
 PUM            0.764        -0.779         1.000
 PUM_SE        -0.691         0.815        -0.934         1.000


SAVEDATA INFORMATION


  Save file
    fscores_sd_critB.dat

  Order and format of variables

    I1I2           F10.3
    I1I3           F10.3
    I2I3           F10.3
    I4I5           F10.3
    I4I6           F10.3
    I5I6           F10.3
    I7I8           F10.3
    I7I9           F10.3
    I8I9           F10.3
    I10I11         F10.3
    I10I12         F10.3
    I11I12         F10.3
    I13I14         F10.3
    I13I15         F10.3
    I14I15         F10.3
    I16I17         F10.3
    I16I18         F10.3
    I17I18         F10.3
    I19I20         F10.3
    I19I21         F10.3
    I20I21         F10.3
    I22I23         F10.3
    I22I24         F10.3
    I23I24         F10.3
    I25I26         F10.3
    I25I27         F10.3
    I26I27         F10.3
    NAR            F10.3
    NAR_SE         F10.3
    PUM            F10.3
    PUM_SE         F10.3
    ID             I5

  Save file format
    31F10.3 I5

  Save file record length    10000

  Save missing symbol        *


     Beginning Time:  19:01:25
        Ending Time:  19:01:26
       Elapsed Time:  00:00:01



MUTHEN & MUTHEN
3463 Stoner Ave.
Los Angeles, CA  90066

Tel: (310) 391-9971
Fax: (310) 391-8971
Web: www.StatModel.com
Support: Support@StatModel.com

Copyright (c) 1998-2020 Muthen & Muthen
