Mplus VERSION 8.5 (Mac)
MUTHEN & MUTHEN
12/23/2021   7:02 PM

INPUT INSTRUCTIONS

  TITLE: 06_SD3_two-latent-vars

  DATA:    FILE IS 'datTIRT_sd.dat';

  VARIABLE:
  Names ARE
  ID
  critA
  critB
  age
  gender
  i1i2
  i1i3
  i2i3
  i4i5
  i4i6
  i5i6
  i7i8
  i7i9
  i8i9
  i10i11
  i10i12
  i11i12
  i13i14
  i13i15
  i14i15
  i16i17
  i16i18
  i17i18
  i19i20
  i19i21
  i20i21
  i22i23
  i22i24
  i23i24
  i25i26
  i25i27
  i26i27;
  USEVARIABLES ARE i1i2-i26i27;
  CATEGORICAL ARE ALL;
  IDVARIABLE = ID;
  MISSING ARE ALL (-99);

  ANALYSIS:
  ESTIMATOR = ulsmv;
  PARAMETERIZATION = theta;

  MODEL:

  Nar  BY
  i1i2*1  (L1)
  i1i3*1  (L1)

  i4i5*-1  (L4)
  i4i6*-1  (L4)

  i7i8*1  (L7)
  i7i9*1  (L7)

  i10i12*-1  (L12_n)
  i11i12*-1  (L12_n)

  i13i14*-1  (L14_n)
  i14i15*1  (L14)

  i16i17*1  (L17_n)
  i17i18*-1  (L17)

  i19i21*1  (L21_n)
  i20i21*1  (L21_n)

  i22i23*-1  (L23_n)
  i23i24*1  (L23)

  i25i27*-1  (L27_n)
  i26i27*-1  (L27_n);

  PuM  BY
  i1i2*-1  (L2_n)
  i1i3*-1  (L3_n)
  i2i3*0  (L2u3)   !PuM items - both positive

  i4i5*-1  (L5_n)
  i4i6*-1  (L6_n)
  i5i6*0  (L5u6)   !PuM items - both positive

  i7i8*-1  (L8_n)
  i7i9*-1  (L9_n)
  i8i9*0  (L8u9)     !PuM items - both positive

  i10i11*-2  (L10u11)  !PuM items - i10 negative, i11 postive
  i10i12*-1  (L10)
  i11i12*1  (L11)

  i13i14*1  (L13)
  i13i15*0  (L13u15) !PuM items - both positive
  i14i15*-1  (L15_n)

  i16i17*1  (L16)
  i16i18*0  (L16u18) !PuM items - both positive
  i17i18*-1  (L18_n)

  i19i20*0  (L19u20) !PuM items - both positive
  i19i21*1  (L19)
  i20i21*1  (L20)

  i22i23*1  (L22)
  i22i24*0  (L22u24) !PuM items - both positive
  i23i24*-1  (L24_n)

  i25i26*-2  (L25u26) !PuM items - i25 negative, i26 postive
  i25i27*-1  (L25)
  i26i27*1  (L26);

  ! means are set to 0
  [Nar@0];
  [PuM@0];

  ! variances for all traits are set to 1
  Nar@1;
  PuM@1;

  ! starting values for correlations between traits
  Nar WITH  PuM*0;

  ! declare uniquenesses and set their starting values
  i1i2*2 (e1e2);
  i1i3*2 (e1e3);
  i2i3*2 (e2e3);
  i4i5*2 (e4e5);
  i4i6*2 (e4e6);
  i5i6*2 (e5e6);
  i7i8*2 (e7e8);
  i7i9*2 (e7e9);
  i8i9*2 (e8e9);
  i10i11*2 (e10e11);
  i10i12*2 (e10e12);
  i11i12*2 (e11e12);
  i13i14*2 (e13e14);
  i13i15*2 (e13e15);
  i14i15*2 (e14e15);
  i16i17*2 (e16e17);
  i16i18*2 (e16e18);
  i17i18*2 (e17e18);
  i19i20*2 (e19e20);
  i19i21*2 (e19e21);
  i20i21*2 (e20e21);
  i22i23*2 (e22e23);
  i22i24*2 (e22e24);
  i23i24*2 (e23e24);
  i25i26*2 (e25e26);
  i25i27*2 (e25e27);
  i26i27*2 (e26e27);

  ! declare correlated uniqunesses and set their starting values
  i1i2 WITH i1i3*1 (e1);
  i1i2 WITH i2i3*-1 (e2_n);
  i1i3 WITH i2i3*1 (e3);

  i4i5 WITH i4i6*1 (e4);
  i4i5 WITH i5i6*-1 (e5_n);
  i4i6 WITH i5i6*1 (e6);

  i7i8 WITH i7i9*1 (e7);
  i7i8 WITH i8i9*-1 (e8_n);
  i7i9 WITH i8i9*1 (e9);

  i10i11 WITH i10i12*1 (e10);
  i10i11 WITH i11i12*-1 (e11_n);
  i10i12 WITH i11i12*1 (e12);

  i13i14 WITH i13i15*1 (e13);
  i13i14 WITH i14i15*-1 (e14_n);
  i13i15 WITH i14i15*1 (e15);

  i16i17 WITH i16i18*1 (e16);
  i16i17 WITH i17i18*-1 (e17_n);
  i16i18 WITH i17i18*1 (e18);

  i19i20 WITH i19i21*1 (e19);
  i19i20 WITH i20i21*-1 (e20_n);
  i19i21 WITH i20i21*1 (e21);

  i22i23 WITH i22i24*1 (e22);
  i22i23 WITH i23i24*-1 (e23_n);
  i22i24 WITH i23i24*1 (e24);

  i25i26 WITH i25i27*1 (e25);
  i25i26 WITH i26i27*-1 (e26_n);
  i25i27 WITH i26i27*1 (e27);


  MODEL CONSTRAINT:

  !factor loadings relating to the same item are equal in absolute value
  L23 = -L23_n;

  ! PuM loadings
  L2u3 = L2_n - L3_n;
  L5u6 = L5_n - L6_n;
  L8u9 = L8_n - L9_n;
  L10u11 = L10 - L11;
  L13u15 = L15_n - L13;
  L16u18 = L18_n - L16;
  L19u20 = L19 - L20;
  L22u24 = L24_n - L22;
  L25u26 = L25 - L26;



  ! pair's uniqueness is equal to sum of 2 utility uniqunesses
  e1e2 = e1 - e2_n;
  e1e3 = e1 + e3;
  e2e3 = -e2_n + e3;
  e4e5 = e4 - e5_n;
  e4e6 = e4 + e6;
  e5e6 = -e5_n + e6;
  e7e8 = e7 - e8_n;
  e7e9 = e7 + e9;
  e8e9 = -e8_n + e9;
  e10e11 = e10 - e11_n;
  e10e12 = e10 + e12;
  e11e12 = -e11_n + e12;
  e13e14 = e13 - e14_n;
  e13e15 = e13 + e15;
  e14e15 = -e14_n + e15;
  e16e17 = e16 - e17_n;
  e16e18 = e16 + e18;
  e17e18 = -e17_n + e18;
  e19e20 = e19 - e20_n;
  e19e21 = e19 + e21;
  e20e21 = -e20_n + e21;
  e22e23 = e22 - e23_n;
  e22e24 = e22 + e24;
  e23e24 = -e23_n + e24;
  e25e26 = e25 - e26_n;
  e25e27 = e25 + e27;
  e26e27 = -e26_n + e27;

  ! fix one uniqueness per block for identification
  e1=1;
  e2_n=-1;
  e3=1;

  e4=1;
  e7=1;
  e10=1;
  e13=1;
  e16=1;
  e19=1;
  e22=1;
  e25=1;

  OUTPUT:
  sampstat standardized;

  SAVEDATA:
  FILE IS 'fscores_sd_all.dat';
  SAVE = FSCORES;



*** WARNING
  Data set contains cases with missing on all variables.
  These cases were not included in the analysis.
  Number of cases with missing on all variables:  26
   1 WARNING(S) FOUND IN THE INPUT INSTRUCTIONS



06_SD3_two-latent-vars

SUMMARY OF ANALYSIS

Number of groups                                                 1
Number of observations                                        1143

Number of dependent variables                                   27
Number of independent variables                                  0
Number of continuous latent variables                            2

Observed dependent variables

  Binary and ordered categorical (ordinal)
   I1I2        I1I3        I2I3        I4I5        I4I6        I5I6
   I7I8        I7I9        I8I9        I10I11      I10I12      I11I12
   I13I14      I13I15      I14I15      I16I17      I16I18      I17I18
   I19I20      I19I21      I20I21      I22I23      I22I24      I23I24
   I25I26      I25I27      I26I27

Continuous latent variables
   NAR         PUM

Variables with special functions

  ID variable           ID

Estimator                                                    ULSMV
Maximum number of iterations                                  1000
Convergence criterion                                    0.500D-04
Maximum number of steepest descent iterations                   20
Maximum number of iterations for H1                           2000
Convergence criterion for H1                             0.100D-03
Parameterization                                             THETA
Link                                                        PROBIT

Input data file(s)
  datTIRT_sd.dat

Input data format  FREE


SUMMARY OF DATA

     Number of missing data patterns            46


COVARIANCE COVERAGE OF DATA

Minimum covariance coverage value   0.100


     PROPORTION OF DATA PRESENT


           Covariance Coverage
              I1I2          I1I3          I2I3          I4I5          I4I6
              ________      ________      ________      ________      ________
 I1I2           0.984
 I1I3           0.981         0.983
 I2I3           0.981         0.981         0.983
 I4I5           0.979         0.977         0.977         0.988
 I4I6           0.976         0.976         0.975         0.983         0.983
 I5I6           0.976         0.976         0.976         0.983         0.983
 I7I8           0.979         0.978         0.979         0.982         0.977
 I7I9           0.976         0.976         0.976         0.978         0.976
 I8I9           0.975         0.976         0.975         0.977         0.976
 I10I11         0.980         0.979         0.980         0.983         0.978
 I10I12         0.978         0.980         0.979         0.980         0.978
 I11I12         0.977         0.979         0.978         0.979         0.977
 I13I14         0.982         0.982         0.982         0.983         0.980
 I13I15         0.982         0.981         0.980         0.984         0.982
 I14I15         0.980         0.981         0.979         0.982         0.980
 I16I17         0.979         0.979         0.980         0.983         0.979
 I16I18         0.976         0.977         0.976         0.978         0.976
 I17I18         0.975         0.976         0.976         0.977         0.976
 I19I20         0.977         0.977         0.978         0.982         0.977
 I19I21         0.976         0.977         0.976         0.980         0.978
 I20I21         0.977         0.978         0.977         0.979         0.977
 I22I23         0.976         0.976         0.976         0.978         0.975
 I22I24         0.975         0.975         0.973         0.976         0.974
 I23I24         0.974         0.975         0.974         0.976         0.975
 I25I26         0.981         0.980         0.979         0.983         0.980
 I25I27         0.979         0.979         0.978         0.982         0.979
 I26I27         0.978         0.978         0.979         0.982         0.978


           Covariance Coverage
              I5I6          I7I8          I7I9          I8I9          I10I11
              ________      ________      ________      ________      ________
 I5I6           0.986
 I7I8           0.979         0.990
 I7I9           0.978         0.983         0.984
 I8I9           0.976         0.983         0.983         0.983
 I10I11         0.980         0.983         0.978         0.977         0.990
 I10I12         0.979         0.980         0.978         0.977         0.985
 I11I12         0.978         0.979         0.977         0.976         0.985
 I13I14         0.983         0.984         0.981         0.979         0.987
 I13I15         0.983         0.983         0.981         0.979         0.984
 I14I15         0.982         0.981         0.980         0.978         0.983
 I16I17         0.981         0.983         0.979         0.978         0.984
 I16I18         0.976         0.979         0.976         0.976         0.979
 I17I18         0.977         0.977         0.976         0.975         0.977
 I19I20         0.979         0.983         0.977         0.976         0.983
 I19I21         0.979         0.978         0.977         0.976         0.978
 I20I21         0.978         0.980         0.978         0.977         0.980
 I22I23         0.976         0.981         0.976         0.975         0.983
 I22I24         0.975         0.977         0.975         0.974         0.978
 I23I24         0.976         0.977         0.976         0.975         0.979
 I25I26         0.981         0.983         0.980         0.979         0.984
 I25I27         0.980         0.982         0.979         0.978         0.983
 I26I27         0.980         0.983         0.978         0.977         0.983


           Covariance Coverage
              I10I12        I11I12        I13I14        I13I15        I14I15
              ________      ________      ________      ________      ________
 I10I12         0.986
 I11I12         0.985         0.985
 I13I14         0.983         0.983         0.991
 I13I15         0.983         0.983         0.987         0.990
 I14I15         0.983         0.982         0.987         0.987         0.987
 I16I17         0.981         0.980         0.985         0.983         0.982
 I16I18         0.979         0.978         0.981         0.980         0.979
 I17I18         0.978         0.977         0.980         0.980         0.979
 I19I20         0.979         0.978         0.983         0.981         0.979
 I19I21         0.979         0.978         0.980         0.981         0.979
 I20I21         0.980         0.979         0.982         0.982         0.981
 I22I23         0.978         0.978         0.983         0.980         0.979
 I22I24         0.977         0.976         0.980         0.978         0.978
 I23I24         0.978         0.978         0.979         0.979         0.978
 I25I26         0.983         0.982         0.985         0.985         0.983
 I25I27         0.982         0.981         0.983         0.984         0.983
 I26I27         0.981         0.980         0.984         0.983         0.982


           Covariance Coverage
              I16I17        I16I18        I17I18        I19I20        I19I21
              ________      ________      ________      ________      ________
 I16I17         0.989
 I16I18         0.982         0.983
 I17I18         0.982         0.982         0.983
 I19I20         0.983         0.978         0.977         0.988
 I19I21         0.980         0.977         0.977         0.982         0.983
 I20I21         0.981         0.978         0.977         0.982         0.982
 I22I23         0.981         0.975         0.974         0.980         0.976
 I22I24         0.976         0.975         0.973         0.976         0.975
 I23I24         0.977         0.975         0.974         0.976         0.976
 I25I26         0.983         0.981         0.979         0.983         0.981
 I25I27         0.983         0.979         0.978         0.981         0.980
 I26I27         0.983         0.978         0.977         0.982         0.979


           Covariance Coverage
              I20I21        I22I23        I22I24        I23I24        I25I26
              ________      ________      ________      ________      ________
 I20I21         0.984
 I22I23         0.977         0.986
 I22I24         0.976         0.980         0.982
 I23I24         0.977         0.980         0.980         0.982
 I25I26         0.983         0.980         0.979         0.979         0.990
 I25I27         0.982         0.980         0.978         0.978         0.987
 I26I27         0.981         0.981         0.977         0.977         0.987


           Covariance Coverage
              I25I27        I26I27
              ________      ________
 I25I27         0.988
 I26I27         0.987         0.989


UNIVARIATE PROPORTIONS AND COUNTS FOR CATEGORICAL VARIABLES

    I1I2
      Category 1    0.527          593.000
      Category 2    0.473          532.000
    I1I3
      Category 1    0.130          146.000
      Category 2    0.870          977.000
    I2I3
      Category 1    0.144          162.000
      Category 2    0.856          962.000
    I4I5
      Category 1    0.238          269.000
      Category 2    0.762          860.000
    I4I6
      Category 1    0.359          403.000
      Category 2    0.641          721.000
    I5I6
      Category 1    0.734          827.000
      Category 2    0.266          300.000
    I7I8
      Category 1    0.257          291.000
      Category 2    0.743          840.000
    I7I9
      Category 1    0.180          202.000
      Category 2    0.820          923.000
    I8I9
      Category 1    0.308          346.000
      Category 2    0.692          777.000
    I10I11
      Category 1    0.247          280.000
      Category 2    0.753          852.000
    I10I12
      Category 1    0.560          631.000
      Category 2    0.440          496.000
    I11I12
      Category 1    0.738          831.000
      Category 2    0.262          295.000
    I13I14
      Category 1    0.233          264.000
      Category 2    0.767          869.000
    I13I15
      Category 1    0.127          144.000
      Category 2    0.873          987.000
    I14I15
      Category 1    0.279          315.000
      Category 2    0.721          813.000
    I16I17
      Category 1    0.755          853.000
      Category 2    0.245          277.000
    I16I18
      Category 1    0.762          856.000
      Category 2    0.238          268.000
    I17I18
      Category 1    0.573          643.000
      Category 2    0.427          480.000
    I19I20
      Category 1    0.310          350.000
      Category 2    0.690          779.000
    I19I21
      Category 1    0.100          112.000
      Category 2    0.900         1012.000
    I20I21
      Category 1    0.173          195.000
      Category 2    0.827          930.000
    I22I23
      Category 1    0.411          463.000
      Category 2    0.589          664.000
    I22I24
      Category 1    0.410          460.000
      Category 2    0.590          662.000
    I23I24
      Category 1    0.537          603.000
      Category 2    0.463          519.000
    I25I26
      Category 1    0.298          337.000
      Category 2    0.702          795.000
    I25I27
      Category 1    0.165          186.000
      Category 2    0.835          943.000
    I26I27
      Category 1    0.283          320.000
      Category 2    0.717          810.000


SAMPLE STATISTICS


     ESTIMATED SAMPLE STATISTICS


           MEANS/INTERCEPTS/THRESHOLDS
              I1I2$1        I1I3$1        I2I3$1        I4I5$1        I4I6$1
              ________      ________      ________      ________      ________
                0.068        -1.126        -1.062        -0.712        -0.362


           MEANS/INTERCEPTS/THRESHOLDS
              I5I6$1        I7I8$1        I7I9$1        I8I9$1        I10I11$1
              ________      ________      ________      ________      ________
                0.624        -0.652        -0.917        -0.501        -0.683


           MEANS/INTERCEPTS/THRESHOLDS
              I10I12$1      I11I12$1      I13I14$1      I13I15$1      I14I15$1
              ________      ________      ________      ________      ________
                0.151         0.637        -0.729        -1.139        -0.585


           MEANS/INTERCEPTS/THRESHOLDS
              I16I17$1      I16I18$1      I17I18$1      I19I20$1      I19I21$1
              ________      ________      ________      ________      ________
                0.690         0.711         0.183        -0.496        -1.284


           MEANS/INTERCEPTS/THRESHOLDS
              I20I21$1      I22I23$1      I22I24$1      I23I24$1      I25I26$1
              ________      ________      ________      ________      ________
               -0.941        -0.225        -0.228         0.094        -0.531


           MEANS/INTERCEPTS/THRESHOLDS
              I25I27$1      I26I27$1
              ________      ________
               -0.975        -0.573


           CORRELATION MATRIX (WITH VARIANCES ON THE DIAGONAL)
              I1I2          I1I3          I2I3          I4I5          I4I6
              ________      ________      ________      ________      ________
 I1I2
 I1I3           0.423
 I2I3          -0.629         0.440
 I4I5           0.021         0.154         0.021
 I4I6          -0.007         0.057         0.095         0.693
 I5I6           0.081        -0.068         0.043        -0.453         0.339
 I7I8          -0.021         0.391         0.314         0.133        -0.057
 I7I9          -0.075         0.329         0.315        -0.003        -0.051
 I8I9           0.090         0.017         0.051        -0.129        -0.110
 I10I11        -0.077         0.257         0.317         0.223        -0.087
 I10I12         0.132        -0.062        -0.245         0.053         0.049
 I11I12         0.177        -0.272        -0.445        -0.060         0.123
 I13I14        -0.182         0.259         0.447         0.250         0.199
 I13I15        -0.142         0.279         0.449         0.169         0.107
 I14I15         0.083         0.078        -0.021         0.016        -0.096
 I16I17         0.078        -0.204        -0.158        -0.003        -0.047
 I16I18        -0.025        -0.273        -0.141         0.007         0.188
 I17I18        -0.144        -0.093         0.017         0.287         0.338
 I19I20         0.097         0.207         0.159        -0.012        -0.122
 I19I21         0.148         0.434         0.198         0.105         0.127
 I20I21        -0.050         0.229         0.149         0.235         0.247
 I22I23        -0.019         0.095         0.064         0.397         0.297
 I22I24        -0.067         0.024         0.043         0.327         0.314
 I23I24         0.030        -0.035        -0.017        -0.150        -0.048
 I25I26        -0.117         0.266         0.480         0.082        -0.011
 I25I27        -0.089         0.279         0.371        -0.071        -0.093
 I26I27         0.110         0.020        -0.077        -0.229        -0.182


           CORRELATION MATRIX (WITH VARIANCES ON THE DIAGONAL)
              I5I6          I7I8          I7I9          I8I9          I10I11
              ________      ________      ________      ________      ________
 I7I8          -0.180
 I7I9          -0.053         0.846
 I8I9           0.018        -0.226         0.328
 I10I11        -0.324         0.287         0.254         0.145
 I10I12         0.085        -0.110        -0.018         0.056         0.158
 I11I12         0.366        -0.221        -0.115        -0.024        -0.654
 I13I14        -0.101         0.364         0.273        -0.116         0.296
 I13I15         0.007         0.340         0.395         0.108         0.309
 I14I15         0.007         0.092         0.149         0.251         0.134
 I16I17         0.144        -0.201        -0.122         0.064        -0.077
 I16I18         0.297        -0.286        -0.067         0.020        -0.176
 I17I18         0.040        -0.067         0.077        -0.033         0.056
 I19I20        -0.078         0.225         0.153        -0.012         0.281
 I19I21        -0.090         0.313         0.366         0.068         0.270
 I20I21        -0.041         0.164         0.247         0.163         0.199
 I22I23        -0.131         0.113         0.094         0.087         0.215
 I22I24         0.020        -0.050        -0.020         0.045         0.049
 I23I24         0.259        -0.088        -0.113        -0.054        -0.175
 I25I26        -0.071         0.354         0.337         0.002         0.419
 I25I27        -0.100         0.312         0.394         0.171         0.269
 I26I27         0.011        -0.003         0.058         0.215        -0.020


           CORRELATION MATRIX (WITH VARIANCES ON THE DIAGONAL)
              I10I12        I11I12        I13I14        I13I15        I14I15
              ________      ________      ________      ________      ________
 I11I12         0.644
 I13I14        -0.275        -0.357
 I13I15        -0.171        -0.259         0.698
 I14I15         0.075         0.014        -0.386         0.393
 I16I17         0.077         0.185        -0.050        -0.232        -0.158
 I16I18         0.155         0.282        -0.077        -0.242        -0.157
 I17I18         0.111         0.039         0.043        -0.015        -0.034
 I19I20        -0.048        -0.150         0.197         0.259         0.122
 I19I21         0.026        -0.060         0.258         0.244         0.185
 I20I21         0.042        -0.055         0.118         0.170         0.094
 I22I23         0.174        -0.004         0.059         0.094         0.175
 I22I24         0.235         0.093         0.030         0.025        -0.024
 I23I24         0.062         0.209        -0.018        -0.021        -0.100
 I25I26        -0.221        -0.331         0.345         0.390         0.120
 I25I27        -0.248        -0.184         0.137         0.333         0.253
 I26I27         0.011         0.086        -0.120        -0.006         0.181


           CORRELATION MATRIX (WITH VARIANCES ON THE DIAGONAL)
              I16I17        I16I18        I17I18        I19I20        I19I21
              ________      ________      ________      ________      ________
 I16I18         0.746
 I17I18        -0.196         0.507
 I19I20         0.079         0.018        -0.191
 I19I21        -0.071        -0.157        -0.005         0.582
 I20I21        -0.198        -0.070         0.235        -0.398         0.514
 I22I23        -0.072         0.029         0.253        -0.044         0.141
 I22I24         0.055         0.261         0.263        -0.058         0.038
 I23I24         0.197         0.226        -0.010         0.066        -0.093
 I25I26        -0.138        -0.182        -0.014         0.137         0.165
 I25I27        -0.150        -0.184        -0.063         0.173         0.246
 I26I27         0.021        -0.053        -0.126         0.136         0.167


           CORRELATION MATRIX (WITH VARIANCES ON THE DIAGONAL)
              I20I21        I22I23        I22I24        I23I24        I25I26
              ________      ________      ________      ________      ________
 I22I23         0.203
 I22I24         0.153         0.636
 I23I24        -0.121        -0.534         0.316
 I25I26         0.227         0.168        -0.001        -0.171
 I25I27         0.094         0.001        -0.082        -0.014         0.682
 I26I27        -0.083        -0.198        -0.145         0.180        -0.323


           CORRELATION MATRIX (WITH VARIANCES ON THE DIAGONAL)
              I25I27        I26I27
              ________      ________
 I26I27         0.473


     THIS ANALYSIS MAY HAVE MULTIPLE SOLUTIONS.  EXPLORE THIS USING RANDOM STARTS,
     FOR EXAMPLE, STARTS = 20.  USE A LARGE ENOUGH NUMBER OF STARTS SO THAT THE
     BEST FIT FUNCTION VALUE IS REPLICATED SEVERAL TIMES.


THE MODEL ESTIMATION TERMINATED NORMALLY

     WARNING:  THE RESIDUAL COVARIANCE MATRIX (THETA) IS NOT POSITIVE DEFINITE.
     THIS COULD INDICATE A NEGATIVE VARIANCE/RESIDUAL VARIANCE FOR AN OBSERVED
     VARIABLE, A CORRELATION GREATER OR EQUAL TO ONE BETWEEN TWO OBSERVED
     VARIABLES, OR A LINEAR DEPENDENCY AMONG MORE THAN TWO OBSERVED VARIABLES.
     CHECK THE RESULTS SECTION FOR MORE INFORMATION.
     PROBLEM INVOLVING VARIABLE I2I3.


     THE MODEL CONTAINS A NON-ZERO CORRELATION BETWEEN DEPENDENT VARIABLES.
     SUCH CORRELATIONS ARE IGNORED IN THE COMPUTATION OF THE FACTOR SCORES.



MODEL FIT INFORMATION

Number of Free Parameters                       73

Chi-Square Test of Model Fit

          Value                           1444.444*
          Degrees of Freedom                   305
          P-Value                           0.0000

*   The chi-square value for MLM, MLMV, MLR, ULSMV, WLSM and WLSMV cannot be used
    for chi-square difference testing in the regular way.  MLM, MLR and WLSM
    chi-square difference testing is described on the Mplus website.  MLMV, WLSMV,
    and ULSMV difference testing is done using the DIFFTEST option.

RMSEA (Root Mean Square Error Of Approximation)

          Estimate                           0.057
          90 Percent C.I.                    0.054  0.060
          Probability RMSEA <= .05           0.000

CFI/TLI

          CFI                                0.675
          TLI                                0.626

Chi-Square Test of Model Fit for the Baseline Model

          Value                           3859.092
          Degrees of Freedom                   351
          P-Value                           0.0000

SRMR (Standardized Root Mean Square Residual)

          Value                              0.111

Optimum Function Value for Weighted Least-Squares Estimator

          Value                     0.24824308D+01



MODEL RESULTS

                                                    Two-Tailed
                    Estimate       S.E.  Est./S.E.    P-Value

 NAR      BY
    I1I2              -0.038      0.123     -0.307      0.759
    I1I3              -0.038      0.123     -0.307      0.759
    I4I5              -3.377      1.720     -1.963      0.050
    I4I6              -3.377      1.720     -1.963      0.050
    I7I8               0.015      0.142      0.105      0.916
    I7I9               0.015      0.142      0.105      0.916
    I10I12            -0.331      0.235     -1.410      0.159
    I11I12            -0.331      0.235     -1.410      0.159
    I13I14            -1.035      0.183     -5.642      0.000
    I14I15             0.403      0.141      2.851      0.004
    I16I17             0.040      0.108      0.366      0.714
    I17I18            -0.856      0.146     -5.875      0.000
    I19I21            -0.535      0.153     -3.504      0.000
    I20I21            -0.535      0.153     -3.504      0.000
    I22I23            -0.337      0.063     -5.348      0.000
    I23I24             0.337      0.063      5.348      0.000
    I25I27             0.747      0.173      4.322      0.000
    I26I27             0.747      0.173      4.322      0.000

 PUM      BY
    I1I2              -0.442      0.122     -3.624      0.000
    I1I3              -0.182      0.126     -1.447      0.148
    I2I3              -0.260      0.044     -5.931      0.000
    I4I5               2.831      1.537      1.842      0.065
    I4I6               2.565      1.450      1.769      0.077
    I5I6               0.266      0.111      2.389      0.017
    I7I8              -0.861      0.160     -5.367      0.000
    I7I9              -0.752      0.157     -4.780      0.000
    I8I9              -0.109      0.043     -2.566      0.010
    I10I11            -1.133      0.185     -6.119      0.000
    I10I12             0.657      0.245      2.679      0.007
    I11I12             1.790      0.328      5.454      0.000
    I13I14             0.004      0.132      0.032      0.974
    I13I15            -0.824      0.122     -6.723      0.000
    I14I15            -0.819      0.165     -4.952      0.000
    I16I17             0.280      0.101      2.763      0.006
    I16I18             0.485      0.083      5.816      0.000
    I17I18             0.765      0.139      5.520      0.000
    I19I20            -0.389      0.079     -4.915      0.000
    I19I21            -0.299      0.140     -2.139      0.032
    I20I21             0.090      0.141      0.641      0.522
    I22I23            -0.017      0.033     -0.524      0.600
    I22I24             0.011      0.058      0.187      0.852
    I23I24            -0.006      0.057     -0.114      0.909
    I25I26            -0.962      0.132     -7.271      0.000
    I25I27            -1.640      0.234     -6.994      0.000
    I26I27            -0.678      0.172     -3.949      0.000

 NAR      WITH
    PUM                0.850      0.043     19.612      0.000

 I1I2     WITH
    I1I3               1.000      0.000    999.000    999.000
    I2I3              -1.000      0.000    999.000    999.000

 I1I3     WITH
    I2I3               1.000      0.000    999.000    999.000

 I4I5     WITH
    I4I6               1.000      0.000    999.000    999.000
    I5I6              -1.559      1.104     -1.412      0.158

 I4I6     WITH
    I5I6               1.328      0.965      1.376      0.169

 I7I8     WITH
    I7I9               1.000      0.000    999.000    999.000
    I8I9              -0.343      0.092     -3.732      0.000

 I7I9     WITH
    I8I9               0.270      0.078      3.485      0.000

 I10I11   WITH
    I10I12             1.000      0.000    999.000    999.000
    I11I12            -2.607      0.868     -3.002      0.003

 I10I12   WITH
    I11I12             4.522      1.395      3.242      0.001

 I13I14   WITH
    I13I15             1.000      0.000    999.000    999.000
    I14I15            -1.459      0.431     -3.381      0.001

 I13I15   WITH
    I14I15             0.396      0.157      2.520      0.012

 I16I17   WITH
    I16I18             1.000      0.000    999.000    999.000
    I17I18            -0.221      0.077     -2.872      0.004

 I16I18   WITH
    I17I18             0.700      0.136      5.166      0.000

 I19I20   WITH
    I19I21             1.000      0.000    999.000    999.000
    I20I21            -0.747      0.188     -3.970      0.000

 I19I21   WITH
    I20I21             0.621      0.195      3.178      0.001

 I22I23   WITH
    I22I24             1.000      0.000    999.000    999.000
    I23I24            -0.727      0.118     -6.146      0.000

 I22I24   WITH
    I23I24             0.465      0.096      4.830      0.000

 I25I26   WITH
    I25I27             1.000      0.000    999.000    999.000
    I26I27            -0.709      0.203     -3.488      0.000

 I25I27   WITH
    I26I27             0.978      0.253      3.864      0.000

 Means
    NAR                0.000      0.000    999.000    999.000
    PUM                0.000      0.000    999.000    999.000

 Thresholds
    I1I2$1             0.101      0.056      1.818      0.069
    I1I3$1            -1.611      0.068    -23.763      0.000
    I2I3$1            -1.527      0.067    -22.716      0.000
    I4I5$1            -1.704      0.578     -2.948      0.003
    I4I6$1            -0.857      0.299     -2.868      0.004
    I5I6$1             1.074      0.383      2.801      0.005
    I7I8$1            -0.936      0.079    -11.866      0.000
    I7I9$1            -1.236      0.085    -14.589      0.000
    I8I9$1            -0.396      0.049     -8.020      0.000
    I10I11$1          -1.510      0.207     -7.305      0.000
    I10I12$1           0.360      0.100      3.606      0.000
    I11I12$1           1.957      0.291      6.715      0.000
    I13I14$1          -1.368      0.161     -8.523      0.000
    I13I15$1          -1.641      0.138    -11.911      0.000
    I14I15$1          -0.853      0.127     -6.708      0.000
    I16I17$1           0.793      0.055     14.512      0.000
    I16I18$1           0.990      0.073     13.648      0.000
    I17I18$1           0.194      0.044      4.394      0.000
    I19I20$1          -0.683      0.067    -10.224      0.000
    I19I21$1          -1.933      0.157    -12.276      0.000
    I20I21$1          -1.183      0.145     -8.143      0.000
    I22I23$1          -0.307      0.052     -5.856      0.000
    I22I24$1          -0.276      0.047     -5.915      0.000
    I23I24$1           0.107      0.043      2.476      0.013
    I25I26$1          -0.862      0.093     -9.262      0.000
    I25I27$1          -1.729      0.159    -10.857      0.000
    I26I27$1          -0.779      0.103     -7.567      0.000

 Variances
    NAR                1.000      0.000    999.000    999.000
    PUM                1.000      0.000    999.000    999.000

 Residual Variances
    I1I2               2.000      0.000    999.000    999.000
    I1I3               2.000      0.000    999.000    999.000
    I2I3               2.000      0.000    999.000    999.000
    I4I5               2.559      1.104      2.318      0.020
    I4I6               2.328      0.965      2.412      0.016
    I5I6               2.887      2.036      1.418      0.156
    I7I8               1.343      0.092     14.597      0.000
    I7I9               1.270      0.078     16.382      0.000
    I8I9               0.614      0.123      4.978      0.000
    I10I11             3.607      0.868      4.153      0.000
    I10I12             5.522      1.395      3.959      0.000
    I11I12             7.129      2.150      3.316      0.001
    I13I14             2.459      0.431      5.699      0.000
    I13I15             1.396      0.157      8.879      0.000
    I14I15             1.855      0.504      3.682      0.000
    I16I17             1.221      0.077     15.874      0.000
    I16I18             1.700      0.136     12.543      0.000
    I17I18             0.921      0.165      5.590      0.000
    I19I20             1.747      0.188      9.284      0.000
    I19I21             1.621      0.195      8.298      0.000
    I20I21             1.368      0.327      4.187      0.000
    I22I23             1.727      0.118     14.602      0.000
    I22I24             1.465      0.096     15.212      0.000
    I23I24             1.192      0.170      7.001      0.000
    I25I26             1.709      0.203      8.407      0.000
    I25I27             1.978      0.253      7.815      0.000
    I26I27             1.687      0.397      4.251      0.000


STANDARDIZED MODEL RESULTS


STDYX Standardization

                                                    Two-Tailed
                    Estimate       S.E.  Est./S.E.    P-Value

 NAR      BY
    I1I2              -0.025      0.083     -0.307      0.759
    I1I3              -0.026      0.086     -0.307      0.759
    I4I5              -1.410      0.284     -4.975      0.000
    I4I6              -1.428      0.283     -5.049      0.000
    I7I8               0.010      0.099      0.105      0.916
    I7I9               0.011      0.105      0.105      0.916
    I10I12            -0.139      0.097     -1.434      0.152
    I11I12            -0.108      0.075     -1.430      0.153
    I13I14            -0.551      0.077     -7.171      0.000
    I14I15             0.276      0.091      3.043      0.002
    I16I17             0.035      0.094      0.366      0.714
    I17I18            -0.807      0.099     -8.145      0.000
    I19I21            -0.355      0.092     -3.867      0.000
    I20I21            -0.426      0.107     -3.993      0.000
    I22I23            -0.248      0.043     -5.722      0.000
    I23I24             0.295      0.052      5.640      0.000
    I25I27             0.421      0.092      4.602      0.000
    I26I27             0.550      0.115      4.793      0.000

 PUM      BY
    I1I2              -0.296      0.080     -3.710      0.000
    I1I3              -0.127      0.088     -1.454      0.146
    I2I3              -0.180      0.029     -6.131      0.000
    I4I5               1.182      0.290      4.077      0.000
    I4I6               1.085      0.292      3.710      0.000
    I5I6               0.155      0.035      4.441      0.000
    I7I8              -0.600      0.097     -6.212      0.000
    I7I9              -0.558      0.102     -5.457      0.000
    I8I9              -0.138      0.050     -2.751      0.006
    I10I11            -0.512      0.047    -10.992      0.000
    I10I12             0.275      0.098      2.819      0.005
    I11I12             0.583      0.078      7.503      0.000
    I13I14             0.002      0.070      0.032      0.974
    I13I15            -0.572      0.051    -11.114      0.000
    I14I15            -0.562      0.079     -7.147      0.000
    I16I17             0.244      0.085      2.869      0.004
    I16I18             0.348      0.049      7.112      0.000
    I17I18             0.721      0.105      6.850      0.000
    I19I20            -0.282      0.050     -5.686      0.000
    I19I21            -0.198      0.091     -2.179      0.029
    I20I21             0.072      0.111      0.643      0.520
    I22I23            -0.013      0.024     -0.524      0.600
    I22I24             0.009      0.048      0.187      0.852
    I23I24            -0.006      0.050     -0.114      0.909
    I25I26            -0.593      0.043    -13.860      0.000
    I25I27            -0.925      0.090    -10.303      0.000
    I26I27            -0.499      0.115     -4.358      0.000

 NAR      WITH
    PUM                0.850      0.043     19.612      0.000

 I1I2     WITH
    I1I3               0.500      0.000    999.000    999.000
    I2I3              -0.500      0.000    999.000    999.000

 I1I3     WITH
    I2I3               0.500      0.000    999.000    999.000

 I4I5     WITH
    I4I6               0.410      0.170      2.403      0.016
    I5I6              -0.574      0.090     -6.385      0.000

 I4I6     WITH
    I5I6               0.512      0.095      5.372      0.000

 I7I8     WITH
    I7I9               0.766      0.036     21.277      0.000
    I8I9              -0.378      0.064     -5.956      0.000

 I7I9     WITH
    I8I9               0.306      0.062      4.907      0.000

 I10I11   WITH
    I10I12             0.224      0.052      4.281      0.000
    I11I12            -0.514      0.049    -10.511      0.000

 I10I12   WITH
    I11I12             0.721      0.037     19.348      0.000

 I13I14   WITH
    I13I15             0.540      0.064      8.453      0.000
    I14I15            -0.683      0.060    -11.360      0.000

 I13I15   WITH
    I14I15             0.246      0.070      3.526      0.000

 I16I17   WITH
    I16I18             0.694      0.038     18.486      0.000
    I17I18            -0.208      0.057     -3.641      0.000

 I16I18   WITH
    I17I18             0.560      0.048     11.750      0.000

 I19I20   WITH
    I19I21             0.594      0.058     10.282      0.000
    I20I21            -0.483      0.056     -8.615      0.000

 I19I21   WITH
    I20I21             0.417      0.068      6.101      0.000

 I22I23   WITH
    I22I24             0.629      0.033     18.834      0.000
    I23I24            -0.507      0.040    -12.650      0.000

 I22I24   WITH
    I23I24             0.352      0.046      7.666      0.000

 I25I26   WITH
    I25I27             0.544      0.058      9.332      0.000
    I26I27            -0.418      0.060     -6.929      0.000

 I25I27   WITH
    I26I27             0.535      0.055      9.677      0.000

 Means
    NAR                0.000      0.000    999.000    999.000
    PUM                0.000      0.000    999.000    999.000

 Thresholds
    I1I2$1             0.068      0.037      1.819      0.069
    I1I3$1            -1.126      0.047    -23.743      0.000
    I2I3$1            -1.062      0.046    -23.011      0.000
    I4I5$1            -0.712      0.041    -17.386      0.000
    I4I6$1            -0.362      0.038     -9.464      0.000
    I5I6$1             0.624      0.040     15.569      0.000
    I7I8$1            -0.652      0.040    -16.175      0.000
    I7I9$1            -0.917      0.044    -20.996      0.000
    I8I9$1            -0.501      0.039    -12.800      0.000
    I10I11$1          -0.683      0.041    -16.825      0.000
    I10I12$1           0.151      0.037      4.020      0.000
    I11I12$1           0.637      0.040     15.835      0.000
    I13I14$1          -0.729      0.041    -17.753      0.000
    I13I15$1          -1.139      0.048    -23.964      0.000
    I14I15$1          -0.585      0.040    -14.725      0.000
    I16I17$1           0.690      0.041     16.953      0.000
    I16I18$1           0.711      0.041     17.336      0.000
    I17I18$1           0.183      0.038      4.861      0.000
    I19I20$1          -0.496      0.039    -12.709      0.000
    I19I21$1          -1.284      0.051    -25.149      0.000
    I20I21$1          -0.941      0.044    -21.365      0.000
    I22I23$1          -0.225      0.038     -5.982      0.000
    I22I24$1          -0.228      0.038     -6.026      0.000
    I23I24$1           0.094      0.037      2.507      0.012
    I25I26$1          -0.531      0.039    -13.538      0.000
    I25I27$1          -0.975      0.045    -21.904      0.000
    I26I27$1          -0.573      0.040    -14.480      0.000

 Variances
    NAR                1.000      0.000    999.000    999.000
    PUM                1.000      0.000    999.000    999.000

 Residual Variances
    I1I2               0.899      0.025     35.803      0.000
    I1I3               0.977      0.014     71.775      0.000
    I2I3               0.967      0.011     91.043      0.000
    I4I5               0.446      0.119      3.752      0.000
    I4I6               0.416      0.121      3.447      0.001
    I5I6               0.976      0.011     90.813      0.000
    I7I8               0.651      0.046     14.104      0.000
    I7I9               0.699      0.048     14.615      0.000
    I8I9               0.981      0.014     70.700      0.000
    I10I11             0.738      0.048     15.446      0.000
    I10I12             0.970      0.017     56.515      0.000
    I11I12             0.755      0.044     17.203      0.000
    I13I14             0.698      0.053     13.193      0.000
    I13I15             0.673      0.059     11.441      0.000
    I14I15             0.872      0.034     25.527      0.000
    I16I17             0.925      0.027     33.901      0.000
    I16I18             0.879      0.034     25.751      0.000
    I17I18             0.818      0.045     18.338      0.000
    I19I20             0.920      0.028     32.858      0.000
    I19I21             0.715      0.052     13.637      0.000
    I20I21             0.866      0.039     22.013      0.000
    I22I23             0.933      0.024     39.165      0.000
    I22I24             1.000      0.001   1177.831      0.000
    I23I24             0.916      0.027     33.375      0.000
    I25I26             0.649      0.051     12.796      0.000
    I25I27             0.629      0.055     11.408      0.000
    I26I27             0.915      0.031     29.488      0.000


STDY Standardization

                                                    Two-Tailed
                    Estimate       S.E.  Est./S.E.    P-Value

 NAR      BY
    I1I2              -0.025      0.083     -0.307      0.759
    I1I3              -0.026      0.086     -0.307      0.759
    I4I5              -1.410      0.284     -4.975      0.000
    I4I6              -1.428      0.283     -5.049      0.000
    I7I8               0.010      0.099      0.105      0.916
    I7I9               0.011      0.105      0.105      0.916
    I10I12            -0.139      0.097     -1.434      0.152
    I11I12            -0.108      0.075     -1.430      0.153
    I13I14            -0.551      0.077     -7.171      0.000
    I14I15             0.276      0.091      3.043      0.002
    I16I17             0.035      0.094      0.366      0.714
    I17I18            -0.807      0.099     -8.145      0.000
    I19I21            -0.355      0.092     -3.867      0.000
    I20I21            -0.426      0.107     -3.993      0.000
    I22I23            -0.248      0.043     -5.722      0.000
    I23I24             0.295      0.052      5.640      0.000
    I25I27             0.421      0.092      4.602      0.000
    I26I27             0.550      0.115      4.793      0.000

 PUM      BY
    I1I2              -0.296      0.080     -3.710      0.000
    I1I3              -0.127      0.088     -1.454      0.146
    I2I3              -0.180      0.029     -6.131      0.000
    I4I5               1.182      0.290      4.077      0.000
    I4I6               1.085      0.292      3.710      0.000
    I5I6               0.155      0.035      4.441      0.000
    I7I8              -0.600      0.097     -6.212      0.000
    I7I9              -0.558      0.102     -5.457      0.000
    I8I9              -0.138      0.050     -2.751      0.006
    I10I11            -0.512      0.047    -10.992      0.000
    I10I12             0.275      0.098      2.819      0.005
    I11I12             0.583      0.078      7.503      0.000
    I13I14             0.002      0.070      0.032      0.974
    I13I15            -0.572      0.051    -11.114      0.000
    I14I15            -0.562      0.079     -7.147      0.000
    I16I17             0.244      0.085      2.869      0.004
    I16I18             0.348      0.049      7.112      0.000
    I17I18             0.721      0.105      6.850      0.000
    I19I20            -0.282      0.050     -5.686      0.000
    I19I21            -0.198      0.091     -2.179      0.029
    I20I21             0.072      0.111      0.643      0.520
    I22I23            -0.013      0.024     -0.524      0.600
    I22I24             0.009      0.048      0.187      0.852
    I23I24            -0.006      0.050     -0.114      0.909
    I25I26            -0.593      0.043    -13.860      0.000
    I25I27            -0.925      0.090    -10.303      0.000
    I26I27            -0.499      0.115     -4.358      0.000

 NAR      WITH
    PUM                0.850      0.043     19.612      0.000

 I1I2     WITH
    I1I3               0.500      0.000    999.000    999.000
    I2I3              -0.500      0.000    999.000    999.000

 I1I3     WITH
    I2I3               0.500      0.000    999.000    999.000

 I4I5     WITH
    I4I6               0.410      0.170      2.403      0.016
    I5I6              -0.574      0.090     -6.385      0.000

 I4I6     WITH
    I5I6               0.512      0.095      5.372      0.000

 I7I8     WITH
    I7I9               0.766      0.036     21.277      0.000
    I8I9              -0.378      0.064     -5.956      0.000

 I7I9     WITH
    I8I9               0.306      0.062      4.907      0.000

 I10I11   WITH
    I10I12             0.224      0.052      4.281      0.000
    I11I12            -0.514      0.049    -10.511      0.000

 I10I12   WITH
    I11I12             0.721      0.037     19.348      0.000

 I13I14   WITH
    I13I15             0.540      0.064      8.453      0.000
    I14I15            -0.683      0.060    -11.360      0.000

 I13I15   WITH
    I14I15             0.246      0.070      3.526      0.000

 I16I17   WITH
    I16I18             0.694      0.038     18.486      0.000
    I17I18            -0.208      0.057     -3.641      0.000

 I16I18   WITH
    I17I18             0.560      0.048     11.750      0.000

 I19I20   WITH
    I19I21             0.594      0.058     10.282      0.000
    I20I21            -0.483      0.056     -8.615      0.000

 I19I21   WITH
    I20I21             0.417      0.068      6.101      0.000

 I22I23   WITH
    I22I24             0.629      0.033     18.834      0.000
    I23I24            -0.507      0.040    -12.650      0.000

 I22I24   WITH
    I23I24             0.352      0.046      7.666      0.000

 I25I26   WITH
    I25I27             0.544      0.058      9.332      0.000
    I26I27            -0.418      0.060     -6.929      0.000

 I25I27   WITH
    I26I27             0.535      0.055      9.677      0.000

 Means
    NAR                0.000      0.000    999.000    999.000
    PUM                0.000      0.000    999.000    999.000

 Thresholds
    I1I2$1             0.068      0.037      1.819      0.069
    I1I3$1            -1.126      0.047    -23.743      0.000
    I2I3$1            -1.062      0.046    -23.011      0.000
    I4I5$1            -0.712      0.041    -17.386      0.000
    I4I6$1            -0.362      0.038     -9.464      0.000
    I5I6$1             0.624      0.040     15.569      0.000
    I7I8$1            -0.652      0.040    -16.175      0.000
    I7I9$1            -0.917      0.044    -20.996      0.000
    I8I9$1            -0.501      0.039    -12.800      0.000
    I10I11$1          -0.683      0.041    -16.825      0.000
    I10I12$1           0.151      0.037      4.020      0.000
    I11I12$1           0.637      0.040     15.835      0.000
    I13I14$1          -0.729      0.041    -17.753      0.000
    I13I15$1          -1.139      0.048    -23.964      0.000
    I14I15$1          -0.585      0.040    -14.725      0.000
    I16I17$1           0.690      0.041     16.953      0.000
    I16I18$1           0.711      0.041     17.336      0.000
    I17I18$1           0.183      0.038      4.861      0.000
    I19I20$1          -0.496      0.039    -12.709      0.000
    I19I21$1          -1.284      0.051    -25.149      0.000
    I20I21$1          -0.941      0.044    -21.365      0.000
    I22I23$1          -0.225      0.038     -5.982      0.000
    I22I24$1          -0.228      0.038     -6.026      0.000
    I23I24$1           0.094      0.037      2.507      0.012
    I25I26$1          -0.531      0.039    -13.538      0.000
    I25I27$1          -0.975      0.045    -21.904      0.000
    I26I27$1          -0.573      0.040    -14.480      0.000

 Variances
    NAR                1.000      0.000    999.000    999.000
    PUM                1.000      0.000    999.000    999.000

 Residual Variances
    I1I2               0.899      0.025     35.803      0.000
    I1I3               0.977      0.014     71.775      0.000
    I2I3               0.967      0.011     91.043      0.000
    I4I5               0.446      0.119      3.752      0.000
    I4I6               0.416      0.121      3.447      0.001
    I5I6               0.976      0.011     90.813      0.000
    I7I8               0.651      0.046     14.104      0.000
    I7I9               0.699      0.048     14.615      0.000
    I8I9               0.981      0.014     70.700      0.000
    I10I11             0.738      0.048     15.446      0.000
    I10I12             0.970      0.017     56.515      0.000
    I11I12             0.755      0.044     17.203      0.000
    I13I14             0.698      0.053     13.193      0.000
    I13I15             0.673      0.059     11.441      0.000
    I14I15             0.872      0.034     25.527      0.000
    I16I17             0.925      0.027     33.901      0.000
    I16I18             0.879      0.034     25.751      0.000
    I17I18             0.818      0.045     18.338      0.000
    I19I20             0.920      0.028     32.858      0.000
    I19I21             0.715      0.052     13.637      0.000
    I20I21             0.866      0.039     22.013      0.000
    I22I23             0.933      0.024     39.165      0.000
    I22I24             1.000      0.001   1177.831      0.000
    I23I24             0.916      0.027     33.375      0.000
    I25I26             0.649      0.051     12.796      0.000
    I25I27             0.629      0.055     11.408      0.000
    I26I27             0.915      0.031     29.488      0.000


STD Standardization

                                                    Two-Tailed
                    Estimate       S.E.  Est./S.E.    P-Value

 NAR      BY
    I1I2              -0.038      0.123     -0.307      0.759
    I1I3              -0.038      0.123     -0.307      0.759
    I4I5              -3.377      1.720     -1.963      0.050
    I4I6              -3.377      1.720     -1.963      0.050
    I7I8               0.015      0.142      0.105      0.916
    I7I9               0.015      0.142      0.105      0.916
    I10I12            -0.331      0.235     -1.410      0.159
    I11I12            -0.331      0.235     -1.410      0.159
    I13I14            -1.035      0.183     -5.642      0.000
    I14I15             0.403      0.141      2.851      0.004
    I16I17             0.040      0.108      0.366      0.714
    I17I18            -0.856      0.146     -5.875      0.000
    I19I21            -0.535      0.153     -3.504      0.000
    I20I21            -0.535      0.153     -3.504      0.000
    I22I23            -0.337      0.063     -5.348      0.000
    I23I24             0.337      0.063      5.348      0.000
    I25I27             0.747      0.173      4.322      0.000
    I26I27             0.747      0.173      4.322      0.000

 PUM      BY
    I1I2              -0.442      0.122     -3.624      0.000
    I1I3              -0.182      0.126     -1.447      0.148
    I2I3              -0.260      0.044     -5.931      0.000
    I4I5               2.831      1.537      1.842      0.065
    I4I6               2.565      1.450      1.769      0.077
    I5I6               0.266      0.111      2.389      0.017
    I7I8              -0.861      0.160     -5.367      0.000
    I7I9              -0.752      0.157     -4.780      0.000
    I8I9              -0.109      0.043     -2.566      0.010
    I10I11            -1.133      0.185     -6.119      0.000
    I10I12             0.657      0.245      2.679      0.007
    I11I12             1.790      0.328      5.454      0.000
    I13I14             0.004      0.132      0.032      0.974
    I13I15            -0.824      0.122     -6.723      0.000
    I14I15            -0.819      0.165     -4.952      0.000
    I16I17             0.280      0.101      2.763      0.006
    I16I18             0.485      0.083      5.816      0.000
    I17I18             0.765      0.139      5.520      0.000
    I19I20            -0.389      0.079     -4.915      0.000
    I19I21            -0.299      0.140     -2.139      0.032
    I20I21             0.090      0.141      0.641      0.522
    I22I23            -0.017      0.033     -0.524      0.600
    I22I24             0.011      0.058      0.187      0.852
    I23I24            -0.006      0.057     -0.114      0.909
    I25I26            -0.962      0.132     -7.271      0.000
    I25I27            -1.640      0.234     -6.994      0.000
    I26I27            -0.678      0.172     -3.949      0.000

 NAR      WITH
    PUM                0.850      0.043     19.612      0.000

 I1I2     WITH
    I1I3               1.000      0.000    999.000    999.000
    I2I3              -1.000      0.000    999.000    999.000

 I1I3     WITH
    I2I3               1.000      0.000    999.000    999.000

 I4I5     WITH
    I4I6               1.000      0.000    999.000    999.000
    I5I6              -1.559      1.104     -1.412      0.158

 I4I6     WITH
    I5I6               1.328      0.965      1.376      0.169

 I7I8     WITH
    I7I9               1.000      0.000    999.000    999.000
    I8I9              -0.343      0.092     -3.732      0.000

 I7I9     WITH
    I8I9               0.270      0.078      3.485      0.000

 I10I11   WITH
    I10I12             1.000      0.000    999.000    999.000
    I11I12            -2.607      0.868     -3.002      0.003

 I10I12   WITH
    I11I12             4.522      1.395      3.242      0.001

 I13I14   WITH
    I13I15             1.000      0.000    999.000    999.000
    I14I15            -1.459      0.431     -3.381      0.001

 I13I15   WITH
    I14I15             0.396      0.157      2.520      0.012

 I16I17   WITH
    I16I18             1.000      0.000    999.000    999.000
    I17I18            -0.221      0.077     -2.872      0.004

 I16I18   WITH
    I17I18             0.700      0.136      5.166      0.000

 I19I20   WITH
    I19I21             1.000      0.000    999.000    999.000
    I20I21            -0.747      0.188     -3.970      0.000

 I19I21   WITH
    I20I21             0.621      0.195      3.178      0.001

 I22I23   WITH
    I22I24             1.000      0.000    999.000    999.000
    I23I24            -0.727      0.118     -6.146      0.000

 I22I24   WITH
    I23I24             0.465      0.096      4.830      0.000

 I25I26   WITH
    I25I27             1.000      0.000    999.000    999.000
    I26I27            -0.709      0.203     -3.488      0.000

 I25I27   WITH
    I26I27             0.978      0.253      3.864      0.000

 Means
    NAR                0.000      0.000    999.000    999.000
    PUM                0.000      0.000    999.000    999.000

 Thresholds
    I1I2$1             0.101      0.056      1.818      0.069
    I1I3$1            -1.611      0.068    -23.763      0.000
    I2I3$1            -1.527      0.067    -22.716      0.000
    I4I5$1            -1.704      0.578     -2.948      0.003
    I4I6$1            -0.857      0.299     -2.868      0.004
    I5I6$1             1.074      0.383      2.801      0.005
    I7I8$1            -0.936      0.079    -11.866      0.000
    I7I9$1            -1.236      0.085    -14.589      0.000
    I8I9$1            -0.396      0.049     -8.020      0.000
    I10I11$1          -1.510      0.207     -7.305      0.000
    I10I12$1           0.360      0.100      3.606      0.000
    I11I12$1           1.957      0.291      6.715      0.000
    I13I14$1          -1.368      0.161     -8.523      0.000
    I13I15$1          -1.641      0.138    -11.911      0.000
    I14I15$1          -0.853      0.127     -6.708      0.000
    I16I17$1           0.793      0.055     14.512      0.000
    I16I18$1           0.990      0.073     13.648      0.000
    I17I18$1           0.194      0.044      4.394      0.000
    I19I20$1          -0.683      0.067    -10.224      0.000
    I19I21$1          -1.933      0.157    -12.276      0.000
    I20I21$1          -1.183      0.145     -8.143      0.000
    I22I23$1          -0.307      0.052     -5.856      0.000
    I22I24$1          -0.276      0.047     -5.915      0.000
    I23I24$1           0.107      0.043      2.476      0.013
    I25I26$1          -0.862      0.093     -9.262      0.000
    I25I27$1          -1.729      0.159    -10.857      0.000
    I26I27$1          -0.779      0.103     -7.567      0.000

 Variances
    NAR                1.000      0.000    999.000    999.000
    PUM                1.000      0.000    999.000    999.000

 Residual Variances
    I1I2               2.000      0.000    999.000    999.000
    I1I3               2.000      0.000    999.000    999.000
    I2I3               2.000      0.000    999.000    999.000
    I4I5               2.559      1.104      2.318      0.020
    I4I6               2.328      0.965      2.412      0.016
    I5I6               2.887      2.036      1.418      0.156
    I7I8               1.343      0.092     14.597      0.000
    I7I9               1.270      0.078     16.382      0.000
    I8I9               0.614      0.123      4.978      0.000
    I10I11             3.607      0.868      4.153      0.000
    I10I12             5.522      1.395      3.959      0.000
    I11I12             7.129      2.150      3.316      0.001
    I13I14             2.459      0.431      5.699      0.000
    I13I15             1.396      0.157      8.879      0.000
    I14I15             1.855      0.504      3.682      0.000
    I16I17             1.221      0.077     15.874      0.000
    I16I18             1.700      0.136     12.543      0.000
    I17I18             0.921      0.165      5.590      0.000
    I19I20             1.747      0.188      9.284      0.000
    I19I21             1.621      0.195      8.298      0.000
    I20I21             1.368      0.327      4.187      0.000
    I22I23             1.727      0.118     14.602      0.000
    I22I24             1.465      0.096     15.212      0.000
    I23I24             1.192      0.170      7.001      0.000
    I25I26             1.709      0.203      8.407      0.000
    I25I27             1.978      0.253      7.815      0.000
    I26I27             1.687      0.397      4.251      0.000


R-SQUARE

    Observed                                        Two-Tailed     Scale
    Variable        Estimate       S.E.  Est./S.E.    P-Value     Factors

    I1I2               0.101      0.025      4.028      0.000      0.670
    I1I3               0.023      0.014      1.665      0.096      0.699
    I2I3               0.033      0.011      3.065      0.002      0.695
    I4I5               0.554      0.119      4.652      0.000      0.418
    I4I6               0.584      0.121      4.832      0.000      0.423
    I5I6               0.024      0.011      2.221      0.026      0.581
    I7I8               0.349      0.046      7.560      0.000      0.696
    I7I9               0.301      0.048      6.290      0.000      0.742
    I8I9               0.019      0.014      1.375      0.169      1.264
    I10I11             0.262      0.048      5.496      0.000      0.452
    I10I12             0.030      0.017      1.759      0.079      0.419
    I11I12             0.245      0.044      5.567      0.000      0.326
    I13I14             0.302      0.053      5.704      0.000      0.533
    I13I15             0.327      0.059      5.557      0.000      0.694
    I14I15             0.128      0.034      3.749      0.000      0.686
    I16I17             0.075      0.027      2.751      0.006      0.870
    I16I18             0.121      0.034      3.556      0.000      0.719
    I17I18             0.182      0.045      4.088      0.000      0.942
    I19I20             0.080      0.028      2.843      0.004      0.726
    I19I21             0.285      0.052      5.443      0.000      0.664
    I20I21             0.134      0.039      3.417      0.001      0.796
    I22I23             0.067      0.024      2.805      0.005      0.735
    I22I24             0.000      0.001      0.093      0.926      0.826
    I23I24             0.084      0.027      3.075      0.002      0.876
    I25I26             0.351      0.051      6.930      0.000      0.616
    I25I27             0.371      0.055      6.723      0.000      0.564
    I26I27             0.085      0.031      2.743      0.006      0.736


QUALITY OF NUMERICAL RESULTS

     Condition Number for the Information Matrix              0.130E-04
       (ratio of smallest to largest eigenvalue)


SAMPLE STATISTICS FOR ESTIMATED FACTOR SCORES


     SAMPLE STATISTICS


           Means
              NAR           NAR_SE        PUM           PUM_SE
              ________      ________      ________      ________
                0.042         0.594         0.028         0.588


           Covariances
              NAR           NAR_SE        PUM           PUM_SE
              ________      ________      ________      ________
 NAR            0.615
 NAR_SE        -0.038         0.004
 PUM            0.555        -0.035         0.650
 PUM_SE        -0.040         0.004        -0.047         0.005


           Correlations
              NAR           NAR_SE        PUM           PUM_SE
              ________      ________      ________      ________
 NAR            1.000
 NAR_SE        -0.804         1.000
 PUM            0.878        -0.728         1.000
 PUM_SE        -0.745         0.890        -0.850         1.000


SAVEDATA INFORMATION


  Save file
    fscores_sd_all.dat

  Order and format of variables

    I1I2           F10.3
    I1I3           F10.3
    I2I3           F10.3
    I4I5           F10.3
    I4I6           F10.3
    I5I6           F10.3
    I7I8           F10.3
    I7I9           F10.3
    I8I9           F10.3
    I10I11         F10.3
    I10I12         F10.3
    I11I12         F10.3
    I13I14         F10.3
    I13I15         F10.3
    I14I15         F10.3
    I16I17         F10.3
    I16I18         F10.3
    I17I18         F10.3
    I19I20         F10.3
    I19I21         F10.3
    I20I21         F10.3
    I22I23         F10.3
    I22I24         F10.3
    I23I24         F10.3
    I25I26         F10.3
    I25I27         F10.3
    I26I27         F10.3
    NAR            F10.3
    NAR_SE         F10.3
    PUM            F10.3
    PUM_SE         F10.3
    ID             I5

  Save file format
    31F10.3 I5

  Save file record length    10000

  Save missing symbol        *


     Beginning Time:  19:02:39
        Ending Time:  19:02:40
       Elapsed Time:  00:00:01



MUTHEN & MUTHEN
3463 Stoner Ave.
Los Angeles, CA  90066

Tel: (310) 391-9971
Fax: (310) 391-8971
Web: www.StatModel.com
Support: Support@StatModel.com

Copyright (c) 1998-2020 Muthen & Muthen
