Mplus VERSION 8.5 (Mac)
MUTHEN & MUTHEN
12/23/2021   7:01 PM

INPUT INSTRUCTIONS

  TITLE: 06_SD3_two-latent-vars

  DATA:    FILE IS 'datTIRT_sd.dat';

  VARIABLE:
  Names ARE
  ID
  critA
  critB
  age
  gender
  i1i2
  i1i3
  i2i3
  i4i5
  i4i6
  i5i6
  i7i8
  i7i9
  i8i9
  i10i11
  i10i12
  i11i12
  i13i14
  i13i15
  i14i15
  i16i17
  i16i18
  i17i18
  i19i20
  i19i21
  i20i21
  i22i23
  i22i24
  i23i24
  i25i26
  i25i27
  i26i27;
  USEVARIABLES ARE i1i2-i26i27;
  USEOBSERVATIONS = critA EQ 0;
  CATEGORICAL ARE ALL;
  IDVARIABLE = ID;
  MISSING ARE ALL (-99);

  ANALYSIS:
  ESTIMATOR = ulsmv;
  PARAMETERIZATION = theta;

  MODEL:

  Nar  BY
  i1i2*1  (L1)
  i1i3*1  (L1)

  i4i5*-1  (L4)
  i4i6*-1  (L4)

  i7i8*1  (L7)
  i7i9*1  (L7)

  i10i12*-1  (L12_n)
  i11i12*-1  (L12_n)

  i13i14*-1  (L14_n)
  i14i15*1  (L14)

  i16i17*1  (L17_n)
  i17i18*-1  (L17)

  i19i21*1  (L21_n)
  i20i21*1  (L21_n)

  i22i23*-1  (L23_n)
  i23i24*1  (L23)

  i25i27*-1  (L27_n)
  i26i27*-1  (L27_n);

  PuM  BY
  i1i2*-1  (L2_n)
  i1i3*-1  (L3_n)
  i2i3*0  (L2u3)   !PuM items - both positive

  i4i5*-1  (L5_n)
  i4i6*-1  (L6_n)
  i5i6*0  (L5u6)   !PuM items - both positive

  i7i8*-1  (L8_n)
  i7i9*-1  (L9_n)
  i8i9*0  (L8u9)     !PuM items - both positive

  i10i11*-2  (L10u11)  !PuM items - i10 negative, i11 postive
  i10i12*-1  (L10)
  i11i12*1  (L11)

  i13i14*1  (L13)
  i13i15*0  (L13u15) !PuM items - both positive
  i14i15*-1  (L15_n)

  i16i17*1  (L16)
  i16i18*0  (L16u18) !PuM items - both positive
  i17i18*-1  (L18_n)

  i19i20*0  (L19u20) !PuM items - both positive
  i19i21*1  (L19)
  i20i21*1  (L20)

  i22i23*1  (L22)
  i22i24*0  (L22u24) !PuM items - both positive
  i23i24*-1  (L24_n)

  i25i26*-2  (L25u26) !PuM items - i25 negative, i26 postive
  i25i27*-1  (L25)
  i26i27*1  (L26);

  ! means are set to 0
  [Nar@0];
  [PuM@0];

  ! variances for all traits are set to 1
  Nar@1;
  PuM@1;

  ! starting values for correlations between traits
  Nar WITH  PuM*0;

  ! declare uniquenesses and set their starting values
  i1i2*2 (e1e2);
  i1i3*2 (e1e3);
  i2i3*2 (e2e3);
  i4i5*2 (e4e5);
  i4i6*2 (e4e6);
  i5i6*2 (e5e6);
  i7i8*2 (e7e8);
  i7i9*2 (e7e9);
  i8i9*2 (e8e9);
  i10i11*2 (e10e11);
  i10i12*2 (e10e12);
  i11i12*2 (e11e12);
  i13i14*2 (e13e14);
  i13i15*2 (e13e15);
  i14i15*2 (e14e15);
  i16i17*2 (e16e17);
  i16i18*2 (e16e18);
  i17i18*2 (e17e18);
  i19i20*2 (e19e20);
  i19i21*2 (e19e21);
  i20i21*2 (e20e21);
  i22i23*2 (e22e23);
  i22i24*2 (e22e24);
  i23i24*2 (e23e24);
  i25i26*2 (e25e26);
  i25i27*2 (e25e27);
  i26i27*2 (e26e27);

  ! declare correlated uniqunesses and set their starting values
  i1i2 WITH i1i3*1 (e1);
  i1i2 WITH i2i3*-1 (e2_n);
  i1i3 WITH i2i3*1 (e3);

  i4i5 WITH i4i6*1 (e4);
  i4i5 WITH i5i6*-1 (e5_n);
  i4i6 WITH i5i6*1 (e6);

  i7i8 WITH i7i9*1 (e7);
  i7i8 WITH i8i9*-1 (e8_n);
  i7i9 WITH i8i9*1 (e9);

  i10i11 WITH i10i12*1 (e10);
  i10i11 WITH i11i12*-1 (e11_n);
  i10i12 WITH i11i12*1 (e12);

  i13i14 WITH i13i15*1 (e13);
  i13i14 WITH i14i15*-1 (e14_n);
  i13i15 WITH i14i15*1 (e15);

  i16i17 WITH i16i18*1 (e16);
  i16i17 WITH i17i18*-1 (e17_n);
  i16i18 WITH i17i18*1 (e18);

  i19i20 WITH i19i21*1 (e19);
  i19i20 WITH i20i21*-1 (e20_n);
  i19i21 WITH i20i21*1 (e21);

  i22i23 WITH i22i24*1 (e22);
  i22i23 WITH i23i24*-1 (e23_n);
  i22i24 WITH i23i24*1 (e24);

  i25i26 WITH i25i27*1 (e25);
  i25i26 WITH i26i27*-1 (e26_n);
  i25i27 WITH i26i27*1 (e27);


  MODEL CONSTRAINT:

  !factor loadings relating to the same item are equal in absolute value
  L23 = -L23_n;

  ! PuM loadings
  L2u3 = L2_n - L3_n;
  L5u6 = L5_n - L6_n;
  L8u9 = L8_n - L9_n;
  L10u11 = L10 - L11;
  L13u15 = L15_n - L13;
  L16u18 = L18_n - L16;
  L19u20 = L19 - L20;
  L22u24 = L24_n - L22;
  L25u26 = L25 - L26;



  ! pair's uniqueness is equal to sum of 2 utility uniqunesses
  e1e2 = e1 - e2_n;
  e1e3 = e1 + e3;
  e2e3 = -e2_n + e3;
  e4e5 = e4 - e5_n;
  e4e6 = e4 + e6;
  e5e6 = -e5_n + e6;
  e7e8 = e7 - e8_n;
  e7e9 = e7 + e9;
  e8e9 = -e8_n + e9;
  e10e11 = e10 - e11_n;
  e10e12 = e10 + e12;
  e11e12 = -e11_n + e12;
  e13e14 = e13 - e14_n;
  e13e15 = e13 + e15;
  e14e15 = -e14_n + e15;
  e16e17 = e16 - e17_n;
  e16e18 = e16 + e18;
  e17e18 = -e17_n + e18;
  e19e20 = e19 - e20_n;
  e19e21 = e19 + e21;
  e20e21 = -e20_n + e21;
  e22e23 = e22 - e23_n;
  e22e24 = e22 + e24;
  e23e24 = -e23_n + e24;
  e25e26 = e25 - e26_n;
  e25e27 = e25 + e27;
  e26e27 = -e26_n + e27;

  ! fix one uniqueness per block for identification
  e1=1;
  e2_n=-1;
  e3=1;

  e4=1;
  e7=1;
  e10=1;
  e13=1;
  e16=1;
  e19=1;
  e22=1;
  e25=1;

  OUTPUT:
  sampstat standardized;

  SAVEDATA:
  FILE IS 'fscores_sd_critA.dat';
  SAVE = FSCORES;



INPUT READING TERMINATED NORMALLY



06_SD3_two-latent-vars

SUMMARY OF ANALYSIS

Number of groups                                                 1
Number of observations                                         902

Number of dependent variables                                   27
Number of independent variables                                  0
Number of continuous latent variables                            2

Observed dependent variables

  Binary and ordered categorical (ordinal)
   I1I2        I1I3        I2I3        I4I5        I4I6        I5I6
   I7I8        I7I9        I8I9        I10I11      I10I12      I11I12
   I13I14      I13I15      I14I15      I16I17      I16I18      I17I18
   I19I20      I19I21      I20I21      I22I23      I22I24      I23I24
   I25I26      I25I27      I26I27

Continuous latent variables
   NAR         PUM

Variables with special functions

  ID variable           ID

Estimator                                                    ULSMV
Maximum number of iterations                                  1000
Convergence criterion                                    0.500D-04
Maximum number of steepest descent iterations                   20
Maximum number of iterations for H1                           2000
Convergence criterion for H1                             0.100D-03
Parameterization                                             THETA
Link                                                        PROBIT

Input data file(s)
  datTIRT_sd.dat

Input data format  FREE


SUMMARY OF DATA

     Number of missing data patterns            17


COVARIANCE COVERAGE OF DATA

Minimum covariance coverage value   0.100


     PROPORTION OF DATA PRESENT


           Covariance Coverage
              I1I2          I1I3          I2I3          I4I5          I4I6
              ________      ________      ________      ________      ________
 I1I2           0.999
 I1I3           0.999         1.000
 I2I3           0.999         0.999         0.999
 I4I5           0.997         0.998         0.997         0.998
 I4I6           0.996         0.997         0.996         0.997         0.997
 I5I6           0.996         0.997         0.996         0.997         0.997
 I7I8           0.997         0.998         0.997         0.996         0.994
 I7I9           0.997         0.998         0.997         0.996         0.994
 I8I9           0.996         0.997         0.996         0.994         0.993
 I10I11         0.998         0.999         0.998         0.997         0.996
 I10I12         0.998         0.999         0.998         0.997         0.996
 I11I12         0.998         0.999         0.998         0.997         0.996
 I13I14         0.998         0.999         0.998         0.997         0.996
 I13I15         0.998         0.999         0.998         0.997         0.996
 I14I15         0.998         0.999         0.998         0.997         0.996
 I16I17         0.994         0.996         0.994         0.994         0.993
 I16I18         0.994         0.996         0.994         0.993         0.992
 I17I18         0.993         0.994         0.993         0.993         0.992
 I19I20         0.996         0.997         0.996         0.996         0.994
 I19I21         0.996         0.997         0.996         0.996         0.994
 I20I21         0.997         0.998         0.997         0.996         0.994
 I22I23         0.996         0.997         0.996         0.994         0.993
 I22I24         0.996         0.997         0.996         0.994         0.993
 I23I24         0.996         0.997         0.996         0.994         0.993
 I25I26         0.997         0.998         0.997         0.996         0.994
 I25I27         0.997         0.998         0.997         0.996         0.994
 I26I27         0.996         0.997         0.996         0.994         0.993


           Covariance Coverage
              I5I6          I7I8          I7I9          I8I9          I10I11
              ________      ________      ________      ________      ________
 I5I6           0.997
 I7I8           0.994         0.998
 I7I9           0.994         0.997         0.998
 I8I9           0.993         0.997         0.997         0.997
 I10I11         0.996         0.997         0.997         0.996         0.999
 I10I12         0.996         0.997         0.997         0.996         0.999
 I11I12         0.996         0.997         0.997         0.996         0.999
 I13I14         0.996         0.997         0.997         0.996         0.998
 I13I15         0.996         0.997         0.997         0.996         0.998
 I14I15         0.996         0.997         0.997         0.996         0.998
 I16I17         0.993         0.993         0.993         0.992         0.994
 I16I18         0.992         0.993         0.993         0.992         0.994
 I17I18         0.992         0.992         0.992         0.991         0.993
 I19I20         0.994         0.994         0.994         0.993         0.996
 I19I21         0.994         0.994         0.994         0.993         0.996
 I20I21         0.994         0.996         0.996         0.994         0.997
 I22I23         0.993         0.994         0.994         0.993         0.996
 I22I24         0.993         0.994         0.994         0.993         0.996
 I23I24         0.993         0.994         0.994         0.993         0.996
 I25I26         0.994         0.996         0.996         0.994         0.997
 I25I27         0.994         0.996         0.996         0.994         0.997
 I26I27         0.993         0.994         0.994         0.993         0.996


           Covariance Coverage
              I10I12        I11I12        I13I14        I13I15        I14I15
              ________      ________      ________      ________      ________
 I10I12         0.999
 I11I12         0.999         0.999
 I13I14         0.998         0.998         0.999
 I13I15         0.998         0.998         0.999         0.999
 I14I15         0.998         0.998         0.999         0.999         0.999
 I16I17         0.994         0.994         0.994         0.994         0.994
 I16I18         0.994         0.994         0.994         0.994         0.994
 I17I18         0.993         0.993         0.993         0.993         0.993
 I19I20         0.996         0.996         0.996         0.996         0.996
 I19I21         0.996         0.996         0.996         0.996         0.996
 I20I21         0.997         0.997         0.997         0.997         0.997
 I22I23         0.996         0.996         0.996         0.996         0.996
 I22I24         0.996         0.996         0.996         0.996         0.996
 I23I24         0.996         0.996         0.996         0.996         0.996
 I25I26         0.997         0.997         0.997         0.997         0.997
 I25I27         0.997         0.997         0.997         0.997         0.997
 I26I27         0.996         0.996         0.996         0.996         0.996


           Covariance Coverage
              I16I17        I16I18        I17I18        I19I20        I19I21
              ________      ________      ________      ________      ________
 I16I17         0.996
 I16I18         0.994         0.996
 I17I18         0.994         0.994         0.994
 I19I20         0.993         0.992         0.992         0.997
 I19I21         0.993         0.992         0.992         0.997         0.997
 I20I21         0.993         0.993         0.992         0.997         0.997
 I22I23         0.992         0.992         0.991         0.993         0.993
 I22I24         0.992         0.992         0.991         0.993         0.993
 I23I24         0.992         0.992         0.991         0.993         0.993
 I25I26         0.993         0.993         0.992         0.996         0.996
 I25I27         0.993         0.993         0.992         0.996         0.996
 I26I27         0.992         0.992         0.991         0.994         0.994


           Covariance Coverage
              I20I21        I22I23        I22I24        I23I24        I25I26
              ________      ________      ________      ________      ________
 I20I21         0.998
 I22I23         0.994         0.997
 I22I24         0.994         0.997         0.997
 I23I24         0.994         0.997         0.997         0.997
 I25I26         0.997         0.994         0.994         0.994         0.998
 I25I27         0.997         0.994         0.994         0.994         0.997
 I26I27         0.996         0.993         0.993         0.993         0.997


           Covariance Coverage
              I25I27        I26I27
              ________      ________
 I25I27         0.998
 I26I27         0.997         0.997


UNIVARIATE PROPORTIONS AND COUNTS FOR CATEGORICAL VARIABLES

    I1I2
      Category 1    0.521          469.000
      Category 2    0.479          432.000
    I1I3
      Category 1    0.103           93.000
      Category 2    0.897          809.000
    I2I3
      Category 1    0.130          117.000
      Category 2    0.870          784.000
    I4I5
      Category 1    0.210          189.000
      Category 2    0.790          711.000
    I4I6
      Category 1    0.373          335.000
      Category 2    0.627          564.000
    I5I6
      Category 1    0.798          717.000
      Category 2    0.202          182.000
    I7I8
      Category 1    0.224          202.000
      Category 2    0.776          698.000
    I7I9
      Category 1    0.181          163.000
      Category 2    0.819          737.000
    I8I9
      Category 1    0.334          300.000
      Category 2    0.666          599.000
    I10I11
      Category 1    0.223          201.000
      Category 2    0.777          700.000
    I10I12
      Category 1    0.603          543.000
      Category 2    0.397          358.000
    I11I12
      Category 1    0.797          718.000
      Category 2    0.203          183.000
    I13I14
      Category 1    0.203          183.000
      Category 2    0.797          718.000
    I13I15
      Category 1    0.112          101.000
      Category 2    0.888          800.000
    I14I15
      Category 1    0.277          250.000
      Category 2    0.723          651.000
    I16I17
      Category 1    0.783          703.000
      Category 2    0.217          195.000
    I16I18
      Category 1    0.815          732.000
      Category 2    0.185          166.000
    I17I18
      Category 1    0.610          547.000
      Category 2    0.390          350.000
    I19I20
      Category 1    0.285          256.000
      Category 2    0.715          643.000
    I19I21
      Category 1    0.077           69.000
      Category 2    0.923          830.000
    I20I21
      Category 1    0.171          154.000
      Category 2    0.829          746.000
    I22I23
      Category 1    0.413          371.000
      Category 2    0.587          528.000
    I22I24
      Category 1    0.436          392.000
      Category 2    0.564          507.000
    I23I24
      Category 1    0.571          513.000
      Category 2    0.429          386.000
    I25I26
      Category 1    0.259          233.000
      Category 2    0.741          667.000
    I25I27
      Category 1    0.146          131.000
      Category 2    0.854          769.000
    I26I27
      Category 1    0.296          266.000
      Category 2    0.704          633.000


SAMPLE STATISTICS


     ESTIMATED SAMPLE STATISTICS


           MEANS/INTERCEPTS/THRESHOLDS
              I1I2$1        I1I3$1        I2I3$1        I4I5$1        I4I6$1
              ________      ________      ________      ________      ________
                0.051        -1.264        -1.127        -0.806        -0.325


           MEANS/INTERCEPTS/THRESHOLDS
              I5I6$1        I7I8$1        I7I9$1        I8I9$1        I10I11$1
              ________      ________      ________      ________      ________
                0.833        -0.757        -0.911        -0.430        -0.762


           MEANS/INTERCEPTS/THRESHOLDS
              I10I12$1      I11I12$1      I13I14$1      I13I15$1      I14I15$1
              ________      ________      ________      ________      ________
                0.260         0.831        -0.831        -1.215        -0.590


           MEANS/INTERCEPTS/THRESHOLDS
              I16I17$1      I16I18$1      I17I18$1      I19I20$1      I19I21$1
              ________      ________      ________      ________      ________
                0.782         0.897         0.279        -0.569        -1.427


           MEANS/INTERCEPTS/THRESHOLDS
              I20I21$1      I22I23$1      I22I24$1      I23I24$1      I25I26$1
              ________      ________      ________      ________      ________
               -0.950        -0.221        -0.161         0.178        -0.647


           MEANS/INTERCEPTS/THRESHOLDS
              I25I27$1      I26I27$1
              ________      ________
               -1.056        -0.536


           CORRELATION MATRIX (WITH VARIANCES ON THE DIAGONAL)
              I1I2          I1I3          I2I3          I4I5          I4I6
              ________      ________      ________      ________      ________
 I1I2
 I1I3           0.411
 I2I3          -0.655         0.420
 I4I5          -0.089         0.010        -0.048
 I4I6          -0.039        -0.011         0.089         0.769
 I5I6           0.123         0.088         0.092        -0.402         0.279
 I7I8          -0.122         0.308         0.305        -0.059        -0.142
 I7I9          -0.095         0.302         0.279        -0.080        -0.166
 I8I9           0.124         0.050         0.034        -0.119        -0.156
 I10I11        -0.181         0.194         0.349         0.121        -0.084
 I10I12         0.134        -0.126        -0.333         0.081        -0.040
 I11I12         0.227        -0.287        -0.552         0.020         0.064
 I13I14        -0.267         0.236         0.506         0.128         0.211
 I13I15        -0.252         0.161         0.456         0.037         0.067
 I14I15         0.044         0.004        -0.087        -0.026        -0.205
 I16I17         0.055        -0.171        -0.146         0.038        -0.073
 I16I18        -0.001        -0.165        -0.103         0.167         0.190
 I17I18        -0.102         0.005        -0.018         0.381         0.330
 I19I20         0.059         0.164         0.129        -0.188        -0.143
 I19I21         0.121         0.421         0.190        -0.070         0.047
 I20I21        -0.049         0.236         0.155         0.231         0.225
 I22I23        -0.061         0.057         0.022         0.371         0.307
 I22I24        -0.084         0.007         0.080         0.373         0.303
 I23I24         0.016        -0.064         0.031        -0.166        -0.100
 I25I26        -0.208         0.194         0.522        -0.037         0.000
 I25I27        -0.171         0.222         0.402        -0.194        -0.104
 I26I27         0.107        -0.027        -0.152        -0.309        -0.243


           CORRELATION MATRIX (WITH VARIANCES ON THE DIAGONAL)
              I5I6          I7I8          I7I9          I8I9          I10I11
              ________      ________      ________      ________      ________
 I7I8          -0.102
 I7I9          -0.117         0.894
 I8I9          -0.132        -0.202         0.260
 I10I11        -0.295         0.164         0.253         0.170
 I10I12        -0.118        -0.112        -0.098        -0.017         0.235
 I11I12         0.170        -0.137        -0.192        -0.117        -0.662
 I13I14        -0.053         0.318         0.267        -0.078         0.234
 I13I15         0.010         0.341         0.376         0.128         0.343
 I14I15        -0.107         0.085         0.082         0.190         0.175
 I16I17         0.083        -0.236        -0.144         0.060        -0.093
 I16I18         0.089        -0.250        -0.132        -0.065        -0.085
 I17I18        -0.157         0.000         0.039        -0.136         0.119
 I19I20        -0.001         0.141         0.126        -0.001         0.216
 I19I21        -0.027         0.239         0.325         0.084         0.228
 I20I21        -0.075         0.147         0.213         0.141         0.150
 I22I23        -0.113         0.077         0.091         0.078         0.212
 I22I24        -0.068        -0.051        -0.078         0.018         0.101
 I23I24         0.154        -0.099        -0.181        -0.078        -0.153
 I25I26         0.053         0.273         0.330         0.018         0.386
 I25I27        -0.090         0.257         0.349         0.122         0.236
 I26I27        -0.069        -0.018         0.020         0.164        -0.035


           CORRELATION MATRIX (WITH VARIANCES ON THE DIAGONAL)
              I10I12        I11I12        I13I14        I13I15        I14I15
              ________      ________      ________      ________      ________
 I11I12         0.573
 I13I14        -0.315        -0.375
 I13I15        -0.288        -0.400         0.737
 I14I15         0.052        -0.051        -0.402         0.327
 I16I17         0.015         0.058        -0.055        -0.216        -0.162
 I16I18        -0.018        -0.037         0.028        -0.220        -0.177
 I17I18         0.012        -0.169         0.151        -0.023        -0.067
 I19I20        -0.067        -0.176         0.072         0.198         0.118
 I19I21        -0.018        -0.031         0.151         0.182         0.149
 I20I21         0.022        -0.013         0.087         0.102         0.069
 I22I23         0.191        -0.010         0.030         0.050         0.155
 I22I24         0.164        -0.016         0.085         0.028        -0.031
 I23I24        -0.034         0.090         0.010        -0.040        -0.103
 I25I26        -0.198        -0.300         0.266         0.366         0.098
 I25I27        -0.301        -0.210         0.075         0.285         0.227
 I26I27        -0.074         0.014        -0.126        -0.043         0.140


           CORRELATION MATRIX (WITH VARIANCES ON THE DIAGONAL)
              I16I17        I16I18        I17I18        I19I20        I19I21
              ________      ________      ________      ________      ________
 I16I18         0.744
 I17I18        -0.251         0.460
 I19I20         0.109         0.066        -0.209
 I19I21        -0.051        -0.113         0.017         0.557
 I20I21        -0.263        -0.086         0.247        -0.460         0.481
 I22I23        -0.138         0.039         0.277        -0.088         0.128
 I22I24        -0.015         0.145         0.226        -0.056         0.037
 I23I24         0.175         0.049        -0.111         0.098        -0.086
 I25I26        -0.192        -0.086         0.089         0.026         0.071
 I25I27        -0.148        -0.180        -0.062         0.185         0.203
 I26I27         0.017        -0.127        -0.174         0.190         0.241


           CORRELATION MATRIX (WITH VARIANCES ON THE DIAGONAL)
              I20I21        I22I23        I22I24        I23I24        I25I26
              ________      ________      ________      ________      ________
 I22I23         0.182
 I22I24         0.152         0.676
 I23I24        -0.153        -0.556         0.238
 I25I26         0.216         0.121         0.013        -0.162
 I25I27         0.029        -0.071        -0.122        -0.026         0.655
 I26I27        -0.124        -0.230        -0.203         0.135        -0.392


           CORRELATION MATRIX (WITH VARIANCES ON THE DIAGONAL)
              I25I27        I26I27
              ________      ________
 I26I27         0.438


     THIS ANALYSIS MAY HAVE MULTIPLE SOLUTIONS.  EXPLORE THIS USING RANDOM STARTS,
     FOR EXAMPLE, STARTS = 20.  USE A LARGE ENOUGH NUMBER OF STARTS SO THAT THE
     BEST FIT FUNCTION VALUE IS REPLICATED SEVERAL TIMES.


THE MODEL ESTIMATION TERMINATED NORMALLY

     WARNING:  THE RESIDUAL COVARIANCE MATRIX (THETA) IS NOT POSITIVE DEFINITE.
     THIS COULD INDICATE A NEGATIVE VARIANCE/RESIDUAL VARIANCE FOR AN OBSERVED
     VARIABLE, A CORRELATION GREATER OR EQUAL TO ONE BETWEEN TWO OBSERVED
     VARIABLES, OR A LINEAR DEPENDENCY AMONG MORE THAN TWO OBSERVED VARIABLES.
     CHECK THE RESULTS SECTION FOR MORE INFORMATION.
     PROBLEM INVOLVING VARIABLE I2I3.


     THE MODEL CONTAINS A NON-ZERO CORRELATION BETWEEN DEPENDENT VARIABLES.
     SUCH CORRELATIONS ARE IGNORED IN THE COMPUTATION OF THE FACTOR SCORES.



MODEL FIT INFORMATION

Number of Free Parameters                       73

Chi-Square Test of Model Fit

          Value                           1105.225*
          Degrees of Freedom                   305
          P-Value                           0.0000

*   The chi-square value for MLM, MLMV, MLR, ULSMV, WLSM and WLSMV cannot be used
    for chi-square difference testing in the regular way.  MLM, MLR and WLSM
    chi-square difference testing is described on the Mplus website.  MLMV, WLSMV,
    and ULSMV difference testing is done using the DIFFTEST option.

RMSEA (Root Mean Square Error Of Approximation)

          Estimate                           0.054
          90 Percent C.I.                    0.051  0.057
          Probability RMSEA <= .05           0.029

CFI/TLI

          CFI                                0.651
          TLI                                0.599

Chi-Square Test of Model Fit for the Baseline Model

          Value                           2647.066
          Degrees of Freedom                   351
          P-Value                           0.0000

SRMR (Standardized Root Mean Square Residual)

          Value                              0.115

Optimum Function Value for Weighted Least-Squares Estimator

          Value                     0.26852017D+01



MODEL RESULTS

                                                    Two-Tailed
                    Estimate       S.E.  Est./S.E.    P-Value

 NAR      BY
    I1I2               0.070      0.122      0.570      0.569
    I1I3               0.070      0.122      0.570      0.569
    I4I5              -2.639      1.115     -2.366      0.018
    I4I6              -2.639      1.115     -2.366      0.018
    I7I8               0.114      0.142      0.804      0.421
    I7I9               0.114      0.142      0.804      0.421
    I10I12            -0.037      0.172     -0.218      0.828
    I11I12            -0.037      0.172     -0.218      0.828
    I13I14            -0.904      0.194     -4.670      0.000
    I14I15             0.465      0.156      2.988      0.003
    I16I17             0.103      0.110      0.933      0.351
    I17I18            -0.865      0.177     -4.897      0.000
    I19I21            -0.310      0.130     -2.389      0.017
    I20I21            -0.310      0.130     -2.389      0.017
    I22I23            -0.369      0.075     -4.910      0.000
    I23I24             0.369      0.075      4.910      0.000
    I25I27             0.726      0.168      4.310      0.000
    I26I27             0.726      0.168      4.310      0.000

 PUM      BY
    I1I2              -0.337      0.121     -2.785      0.005
    I1I3              -0.074      0.127     -0.577      0.564
    I2I3              -0.264      0.051     -5.209      0.000
    I4I5               2.279      1.016      2.242      0.025
    I4I6               2.074      0.965      2.150      0.032
    I5I6               0.205      0.090      2.268      0.023
    I7I8              -0.876      0.160     -5.485      0.000
    I7I9              -0.756      0.154     -4.918      0.000
    I8I9              -0.121      0.043     -2.780      0.005
    I10I11            -0.911      0.158     -5.763      0.000
    I10I12             0.399      0.176      2.273      0.023
    I11I12             1.309      0.234      5.586      0.000
    I13I14            -0.068      0.147     -0.463      0.644
    I13I15            -0.785      0.129     -6.098      0.000
    I14I15            -0.853      0.192     -4.449      0.000
    I16I17             0.260      0.096      2.722      0.006
    I16I18             0.310      0.092      3.366      0.001
    I17I18             0.571      0.146      3.913      0.000
    I19I20            -0.251      0.087     -2.886      0.004
    I19I21            -0.314      0.128     -2.458      0.014
    I20I21            -0.063      0.118     -0.538      0.590
    I22I23             0.022      0.037      0.615      0.538
    I22I24            -0.040      0.062     -0.654      0.513
    I23I24            -0.018      0.062     -0.285      0.776
    I25I26            -0.842      0.134     -6.288      0.000
    I25I27            -1.439      0.224     -6.411      0.000
    I26I27            -0.597      0.162     -3.694      0.000

 NAR      WITH
    PUM                0.785      0.059     13.350      0.000

 I1I2     WITH
    I1I3               1.000      0.000    999.000    999.000
    I2I3              -1.000      0.000    999.000    999.000

 I1I3     WITH
    I2I3               1.000      0.000    999.000    999.000

 I4I5     WITH
    I4I6               1.000      0.000    999.000    999.000
    I5I6              -1.271      0.762     -1.668      0.095

 I4I6     WITH
    I5I6               0.812      0.513      1.583      0.113

 I7I8     WITH
    I7I9               1.000      0.000    999.000    999.000
    I8I9              -0.275      0.085     -3.223      0.001

 I7I9     WITH
    I8I9               0.101      0.052      1.944      0.052

 I10I11   WITH
    I10I12             1.000      0.000    999.000    999.000
    I11I12            -2.002      0.589     -3.400      0.001

 I10I12   WITH
    I11I12             2.338      0.690      3.389      0.001

 I13I14   WITH
    I13I15             1.000      0.000    999.000    999.000
    I14I15            -1.469      0.580     -2.534      0.011

 I13I15   WITH
    I14I15             0.214      0.145      1.473      0.141

 I16I17   WITH
    I16I18             1.000      0.000    999.000    999.000
    I17I18            -0.220      0.090     -2.450      0.014

 I16I18   WITH
    I17I18             0.665      0.162      4.102      0.000

 I19I20   WITH
    I19I21             1.000      0.000    999.000    999.000
    I20I21            -0.739      0.212     -3.486      0.000

 I19I21   WITH
    I20I21             0.600      0.220      2.724      0.006

 I22I23   WITH
    I22I24             1.000      0.000    999.000    999.000
    I23I24            -0.713      0.124     -5.758      0.000

 I22I24   WITH
    I23I24             0.349      0.091      3.858      0.000

 I25I26   WITH
    I25I27             1.000      0.000    999.000    999.000
    I26I27            -0.760      0.232     -3.276      0.001

 I25I27   WITH
    I26I27             0.732      0.230      3.183      0.001

 Means
    NAR                0.000      0.000    999.000    999.000
    PUM                0.000      0.000    999.000    999.000

 Thresholds
    I1I2$1             0.074      0.060      1.232      0.218
    I1I3$1            -1.789      0.080    -22.395      0.000
    I2I3$1            -1.621      0.078    -20.859      0.000
    I4I5$1            -1.800      0.498     -3.613      0.000
    I4I6$1            -0.688      0.203     -3.388      0.001
    I5I6$1             1.214      0.363      3.348      0.001
    I7I8$1            -1.044      0.089    -11.750      0.000
    I7I9$1            -1.134      0.080    -14.195      0.000
    I8I9$1            -0.269      0.042     -6.372      0.000
    I10I11$1          -1.491      0.176     -8.461      0.000
    I10I12$1           0.485      0.092      5.255      0.000
    I11I12$1           2.031      0.259      7.831      0.000
    I13I14$1          -1.529      0.226     -6.749      0.000
    I13I15$1          -1.645      0.144    -11.419      0.000
    I14I15$1          -0.836      0.162     -5.144      0.000
    I16I17$1           0.905      0.065     13.987      0.000
    I16I18$1           1.191      0.090     13.298      0.000
    I17I18$1           0.303      0.059      5.177      0.000
    I19I20$1          -0.763      0.076     -9.987      0.000
    I19I21$1          -1.992      0.178    -11.192      0.000
    I20I21$1          -1.152      0.164     -7.003      0.000
    I22I23$1          -0.299      0.058     -5.138      0.000
    I22I24$1          -0.187      0.049     -3.802      0.000
    I23I24$1           0.194      0.048      4.075      0.000
    I25I26$1          -1.016      0.110     -9.197      0.000
    I25I27$1          -1.731      0.165    -10.487      0.000
    I26I27$1          -0.698      0.105     -6.623      0.000

 Variances
    NAR                1.000      0.000    999.000    999.000
    PUM                1.000      0.000    999.000    999.000

 Residual Variances
    I1I2               2.000      0.000    999.000    999.000
    I1I3               2.000      0.000    999.000    999.000
    I2I3               2.000      0.000    999.000    999.000
    I4I5               2.271      0.762      2.981      0.003
    I4I6               1.812      0.513      3.533      0.000
    I5I6               2.083      1.222      1.704      0.088
    I7I8               1.275      0.085     14.925      0.000
    I7I9               1.101      0.052     21.240      0.000
    I8I9               0.376      0.092      4.067      0.000
    I10I11             3.002      0.589      5.098      0.000
    I10I12             3.338      0.690      4.839      0.000
    I11I12             4.340      1.156      3.754      0.000
    I13I14             2.469      0.580      4.260      0.000
    I13I15             1.214      0.145      8.352      0.000
    I14I15             1.683      0.604      2.788      0.005
    I16I17             1.220      0.090     13.567      0.000
    I16I18             1.665      0.162     10.267      0.000
    I17I18             0.886      0.191      4.645      0.000
    I19I20             1.739      0.212      8.205      0.000
    I19I21             1.600      0.220      7.262      0.000
    I20I21             1.339      0.370      3.615      0.000
    I22I23             1.713      0.124     13.836      0.000
    I22I24             1.349      0.091     14.906      0.000
    I23I24             1.062      0.166      6.407      0.000
    I25I26             1.760      0.232      7.586      0.000
    I25I27             1.732      0.230      7.533      0.000
    I26I27             1.492      0.392      3.806      0.000


STANDARDIZED MODEL RESULTS


STDYX Standardization

                                                    Two-Tailed
                    Estimate       S.E.  Est./S.E.    P-Value

 NAR      BY
    I1I2               0.048      0.085      0.570      0.568
    I1I3               0.049      0.086      0.571      0.568
    I4I5              -1.182      0.214     -5.525      0.000
    I4I6              -1.246      0.222     -5.606      0.000
    I7I8               0.083      0.103      0.805      0.421
    I7I9               0.092      0.113      0.808      0.419
    I10I12            -0.020      0.092     -0.218      0.828
    I11I12            -0.015      0.070     -0.218      0.828
    I13I14            -0.491      0.081     -6.082      0.000
    I14I15             0.328      0.098      3.363      0.001
    I16I17             0.089      0.095      0.934      0.350
    I17I18            -0.795      0.102     -7.813      0.000
    I19I21            -0.222      0.087     -2.559      0.011
    I20I21            -0.256      0.095     -2.703      0.007
    I22I23            -0.272      0.052     -5.257      0.000
    I23I24             0.339      0.064      5.264      0.000
    I25I27             0.443      0.093      4.780      0.000
    I26I27             0.558      0.109      5.111      0.000

 PUM      BY
    I1I2              -0.234      0.082     -2.843      0.004
    I1I3              -0.052      0.090     -0.578      0.563
    I2I3              -0.183      0.034     -5.391      0.000
    I4I5               1.021      0.221      4.618      0.000
    I4I6               0.980      0.234      4.190      0.000
    I5I6               0.140      0.046      3.028      0.002
    I7I8              -0.636      0.095     -6.722      0.000
    I7I9              -0.607      0.104     -5.815      0.000
    I8I9              -0.193      0.059     -3.292      0.001
    I10I11            -0.465      0.056     -8.240      0.000
    I10I12             0.214      0.093      2.299      0.022
    I11I12             0.536      0.076      7.071      0.000
    I13I14            -0.037      0.077     -0.481      0.631
    I13I15            -0.580      0.061     -9.540      0.000
    I14I15            -0.603      0.078     -7.741      0.000
    I16I17             0.225      0.079      2.837      0.005
    I16I18             0.234      0.062      3.779      0.000
    I17I18             0.524      0.109      4.809      0.000
    I19I20            -0.187      0.060     -3.094      0.002
    I19I21            -0.225      0.087     -2.571      0.010
    I20I21            -0.052      0.097     -0.536      0.592
    I22I23             0.017      0.027      0.615      0.539
    I22I24            -0.035      0.053     -0.656      0.512
    I23I24            -0.016      0.057     -0.284      0.776
    I25I26            -0.536      0.051    -10.527      0.000
    I25I27            -0.878      0.093     -9.395      0.000
    I26I27            -0.459      0.110     -4.173      0.000

 NAR      WITH
    PUM                0.785      0.059     13.350      0.000

 I1I2     WITH
    I1I3               0.500      0.000    999.000    999.000
    I2I3              -0.500      0.000    999.000    999.000

 I1I3     WITH
    I2I3               0.500      0.000    999.000    999.000

 I4I5     WITH
    I4I6               0.493      0.146      3.377      0.001
    I5I6              -0.584      0.094     -6.189      0.000

 I4I6     WITH
    I5I6               0.418      0.099      4.209      0.000

 I7I8     WITH
    I7I9               0.844      0.032     26.527      0.000
    I8I9              -0.398      0.074     -5.344      0.000

 I7I9     WITH
    I8I9               0.157      0.071      2.201      0.028

 I10I11   WITH
    I10I12             0.316      0.057      5.495      0.000
    I11I12            -0.555      0.055    -10.070      0.000

 I10I12   WITH
    I11I12             0.614      0.053     11.497      0.000

 I13I14   WITH
    I13I15             0.578      0.077      7.459      0.000
    I14I15            -0.721      0.081     -8.944      0.000

 I13I15   WITH
    I14I15             0.150      0.089      1.684      0.092

 I16I17   WITH
    I16I18             0.701      0.044     15.867      0.000
    I17I18            -0.212      0.069     -3.055      0.002

 I16I18   WITH
    I17I18             0.548      0.061      8.914      0.000

 I19I20   WITH
    I19I21             0.599      0.067      8.987      0.000
    I20I21            -0.484      0.063     -7.667      0.000

 I19I21   WITH
    I20I21             0.410      0.079      5.206      0.000

 I22I23   WITH
    I22I24             0.658      0.035     18.701      0.000
    I23I24            -0.528      0.044    -12.034      0.000

 I22I24   WITH
    I23I24             0.292      0.053      5.494      0.000

 I25I26   WITH
    I25I27             0.573      0.064      8.908      0.000
    I26I27            -0.469      0.068     -6.888      0.000

 I25I27   WITH
    I26I27             0.455      0.070      6.520      0.000

 Means
    NAR                0.000      0.000    999.000    999.000
    PUM                0.000      0.000    999.000    999.000

 Thresholds
    I1I2$1             0.051      0.042      1.233      0.218
    I1I3$1            -1.264      0.056    -22.403      0.000
    I2I3$1            -1.127      0.053    -21.275      0.000
    I4I5$1            -0.806      0.047    -17.118      0.000
    I4I6$1            -0.325      0.043     -7.623      0.000
    I5I6$1             0.833      0.048     17.526      0.000
    I7I8$1            -0.757      0.046    -16.308      0.000
    I7I9$1            -0.911      0.049    -18.697      0.000
    I8I9$1            -0.430      0.043     -9.939      0.000
    I10I11$1          -0.762      0.046    -16.393      0.000
    I10I12$1           0.260      0.042      6.156      0.000
    I11I12$1           0.831      0.047     17.510      0.000
    I13I14$1          -0.831      0.047    -17.510      0.000
    I13I15$1          -1.215      0.055    -22.042      0.000
    I14I15$1          -0.590      0.045    -13.264      0.000
    I16I17$1           0.782      0.047     16.700      0.000
    I16I18$1           0.897      0.049     18.475      0.000
    I17I18$1           0.279      0.042      6.570      0.000
    I19I20$1          -0.569      0.044    -12.824      0.000
    I19I21$1          -1.427      0.062    -23.160      0.000
    I20I21$1          -0.950      0.049    -19.226      0.000
    I22I23$1          -0.221      0.042     -5.232      0.000
    I22I24$1          -0.161      0.042     -3.834      0.000
    I23I24$1           0.178      0.042      4.234      0.000
    I25I26$1          -0.647      0.045    -14.337      0.000
    I25I27$1          -1.056      0.051    -20.522      0.000
    I26I27$1          -0.536      0.044    -12.172      0.000

 Variances
    NAR                1.000      0.000    999.000    999.000
    PUM                1.000      0.000    999.000    999.000

 Residual Variances
    I1I2               0.961      0.020     48.580      0.000
    I1I3               0.999      0.004    278.369      0.000
    I2I3               0.966      0.012     77.543      0.000
    I4I5               0.456      0.111      4.099      0.000
    I4I6               0.404      0.122      3.302      0.001
    I5I6               0.980      0.013     75.274      0.000
    I7I8               0.671      0.055     12.255      0.000
    I7I9               0.710      0.060     11.841      0.000
    I8I9               0.963      0.023     42.437      0.000
    I10I11             0.784      0.053     14.918      0.000
    I10I12             0.961      0.023     41.969      0.000
    I11I12             0.726      0.053     13.822      0.000
    I13I14             0.729      0.062     11.726      0.000
    I13I15             0.663      0.071      9.393      0.000
    I14I15             0.840      0.042     19.963      0.000
    I16I17             0.910      0.036     25.033      0.000
    I16I18             0.945      0.029     32.689      0.000
    I17I18             0.748      0.061     12.273      0.000
    I19I20             0.965      0.023     42.811      0.000
    I19I21             0.822      0.056     14.606      0.000
    I20I21             0.911      0.038     23.913      0.000
    I22I23             0.933      0.027     33.945      0.000
    I22I24             0.999      0.004    273.646      0.000
    I23I24             0.894      0.036     24.532      0.000
    I25I26             0.713      0.055     13.082      0.000
    I25I27             0.644      0.063     10.179      0.000
    I26I27             0.880      0.039     22.694      0.000


STDY Standardization

                                                    Two-Tailed
                    Estimate       S.E.  Est./S.E.    P-Value

 NAR      BY
    I1I2               0.048      0.085      0.570      0.568
    I1I3               0.049      0.086      0.571      0.568
    I4I5              -1.182      0.214     -5.525      0.000
    I4I6              -1.246      0.222     -5.606      0.000
    I7I8               0.083      0.103      0.805      0.421
    I7I9               0.092      0.113      0.808      0.419
    I10I12            -0.020      0.092     -0.218      0.828
    I11I12            -0.015      0.070     -0.218      0.828
    I13I14            -0.491      0.081     -6.082      0.000
    I14I15             0.328      0.098      3.363      0.001
    I16I17             0.089      0.095      0.934      0.350
    I17I18            -0.795      0.102     -7.813      0.000
    I19I21            -0.222      0.087     -2.559      0.011
    I20I21            -0.256      0.095     -2.703      0.007
    I22I23            -0.272      0.052     -5.257      0.000
    I23I24             0.339      0.064      5.264      0.000
    I25I27             0.443      0.093      4.780      0.000
    I26I27             0.558      0.109      5.111      0.000

 PUM      BY
    I1I2              -0.234      0.082     -2.843      0.004
    I1I3              -0.052      0.090     -0.578      0.563
    I2I3              -0.183      0.034     -5.391      0.000
    I4I5               1.021      0.221      4.618      0.000
    I4I6               0.980      0.234      4.190      0.000
    I5I6               0.140      0.046      3.028      0.002
    I7I8              -0.636      0.095     -6.722      0.000
    I7I9              -0.607      0.104     -5.815      0.000
    I8I9              -0.193      0.059     -3.292      0.001
    I10I11            -0.465      0.056     -8.240      0.000
    I10I12             0.214      0.093      2.299      0.022
    I11I12             0.536      0.076      7.071      0.000
    I13I14            -0.037      0.077     -0.481      0.631
    I13I15            -0.580      0.061     -9.540      0.000
    I14I15            -0.603      0.078     -7.741      0.000
    I16I17             0.225      0.079      2.837      0.005
    I16I18             0.234      0.062      3.779      0.000
    I17I18             0.524      0.109      4.809      0.000
    I19I20            -0.187      0.060     -3.094      0.002
    I19I21            -0.225      0.087     -2.571      0.010
    I20I21            -0.052      0.097     -0.536      0.592
    I22I23             0.017      0.027      0.615      0.539
    I22I24            -0.035      0.053     -0.656      0.512
    I23I24            -0.016      0.057     -0.284      0.776
    I25I26            -0.536      0.051    -10.527      0.000
    I25I27            -0.878      0.093     -9.395      0.000
    I26I27            -0.459      0.110     -4.173      0.000

 NAR      WITH
    PUM                0.785      0.059     13.350      0.000

 I1I2     WITH
    I1I3               0.500      0.000    999.000    999.000
    I2I3              -0.500      0.000    999.000    999.000

 I1I3     WITH
    I2I3               0.500      0.000    999.000    999.000

 I4I5     WITH
    I4I6               0.493      0.146      3.377      0.001
    I5I6              -0.584      0.094     -6.189      0.000

 I4I6     WITH
    I5I6               0.418      0.099      4.209      0.000

 I7I8     WITH
    I7I9               0.844      0.032     26.527      0.000
    I8I9              -0.398      0.074     -5.344      0.000

 I7I9     WITH
    I8I9               0.157      0.071      2.201      0.028

 I10I11   WITH
    I10I12             0.316      0.057      5.495      0.000
    I11I12            -0.555      0.055    -10.070      0.000

 I10I12   WITH
    I11I12             0.614      0.053     11.497      0.000

 I13I14   WITH
    I13I15             0.578      0.077      7.459      0.000
    I14I15            -0.721      0.081     -8.944      0.000

 I13I15   WITH
    I14I15             0.150      0.089      1.684      0.092

 I16I17   WITH
    I16I18             0.701      0.044     15.867      0.000
    I17I18            -0.212      0.069     -3.055      0.002

 I16I18   WITH
    I17I18             0.548      0.061      8.914      0.000

 I19I20   WITH
    I19I21             0.599      0.067      8.987      0.000
    I20I21            -0.484      0.063     -7.667      0.000

 I19I21   WITH
    I20I21             0.410      0.079      5.206      0.000

 I22I23   WITH
    I22I24             0.658      0.035     18.701      0.000
    I23I24            -0.528      0.044    -12.034      0.000

 I22I24   WITH
    I23I24             0.292      0.053      5.494      0.000

 I25I26   WITH
    I25I27             0.573      0.064      8.908      0.000
    I26I27            -0.469      0.068     -6.888      0.000

 I25I27   WITH
    I26I27             0.455      0.070      6.520      0.000

 Means
    NAR                0.000      0.000    999.000    999.000
    PUM                0.000      0.000    999.000    999.000

 Thresholds
    I1I2$1             0.051      0.042      1.233      0.218
    I1I3$1            -1.264      0.056    -22.403      0.000
    I2I3$1            -1.127      0.053    -21.275      0.000
    I4I5$1            -0.806      0.047    -17.118      0.000
    I4I6$1            -0.325      0.043     -7.623      0.000
    I5I6$1             0.833      0.048     17.526      0.000
    I7I8$1            -0.757      0.046    -16.308      0.000
    I7I9$1            -0.911      0.049    -18.697      0.000
    I8I9$1            -0.430      0.043     -9.939      0.000
    I10I11$1          -0.762      0.046    -16.393      0.000
    I10I12$1           0.260      0.042      6.156      0.000
    I11I12$1           0.831      0.047     17.510      0.000
    I13I14$1          -0.831      0.047    -17.510      0.000
    I13I15$1          -1.215      0.055    -22.042      0.000
    I14I15$1          -0.590      0.045    -13.264      0.000
    I16I17$1           0.782      0.047     16.700      0.000
    I16I18$1           0.897      0.049     18.475      0.000
    I17I18$1           0.279      0.042      6.570      0.000
    I19I20$1          -0.569      0.044    -12.824      0.000
    I19I21$1          -1.427      0.062    -23.160      0.000
    I20I21$1          -0.950      0.049    -19.226      0.000
    I22I23$1          -0.221      0.042     -5.232      0.000
    I22I24$1          -0.161      0.042     -3.834      0.000
    I23I24$1           0.178      0.042      4.234      0.000
    I25I26$1          -0.647      0.045    -14.337      0.000
    I25I27$1          -1.056      0.051    -20.522      0.000
    I26I27$1          -0.536      0.044    -12.172      0.000

 Variances
    NAR                1.000      0.000    999.000    999.000
    PUM                1.000      0.000    999.000    999.000

 Residual Variances
    I1I2               0.961      0.020     48.580      0.000
    I1I3               0.999      0.004    278.369      0.000
    I2I3               0.966      0.012     77.543      0.000
    I4I5               0.456      0.111      4.099      0.000
    I4I6               0.404      0.122      3.302      0.001
    I5I6               0.980      0.013     75.274      0.000
    I7I8               0.671      0.055     12.255      0.000
    I7I9               0.710      0.060     11.841      0.000
    I8I9               0.963      0.023     42.437      0.000
    I10I11             0.784      0.053     14.918      0.000
    I10I12             0.961      0.023     41.969      0.000
    I11I12             0.726      0.053     13.822      0.000
    I13I14             0.729      0.062     11.726      0.000
    I13I15             0.663      0.071      9.393      0.000
    I14I15             0.840      0.042     19.963      0.000
    I16I17             0.910      0.036     25.033      0.000
    I16I18             0.945      0.029     32.689      0.000
    I17I18             0.748      0.061     12.273      0.000
    I19I20             0.965      0.023     42.811      0.000
    I19I21             0.822      0.056     14.606      0.000
    I20I21             0.911      0.038     23.913      0.000
    I22I23             0.933      0.027     33.945      0.000
    I22I24             0.999      0.004    273.646      0.000
    I23I24             0.894      0.036     24.532      0.000
    I25I26             0.713      0.055     13.082      0.000
    I25I27             0.644      0.063     10.179      0.000
    I26I27             0.880      0.039     22.694      0.000


STD Standardization

                                                    Two-Tailed
                    Estimate       S.E.  Est./S.E.    P-Value

 NAR      BY
    I1I2               0.070      0.122      0.570      0.569
    I1I3               0.070      0.122      0.570      0.569
    I4I5              -2.639      1.115     -2.366      0.018
    I4I6              -2.639      1.115     -2.366      0.018
    I7I8               0.114      0.142      0.804      0.421
    I7I9               0.114      0.142      0.804      0.421
    I10I12            -0.037      0.172     -0.218      0.828
    I11I12            -0.037      0.172     -0.218      0.828
    I13I14            -0.904      0.194     -4.670      0.000
    I14I15             0.465      0.156      2.988      0.003
    I16I17             0.103      0.110      0.933      0.351
    I17I18            -0.865      0.177     -4.897      0.000
    I19I21            -0.310      0.130     -2.389      0.017
    I20I21            -0.310      0.130     -2.389      0.017
    I22I23            -0.369      0.075     -4.910      0.000
    I23I24             0.369      0.075      4.910      0.000
    I25I27             0.726      0.168      4.310      0.000
    I26I27             0.726      0.168      4.310      0.000

 PUM      BY
    I1I2              -0.337      0.121     -2.785      0.005
    I1I3              -0.074      0.127     -0.577      0.564
    I2I3              -0.264      0.051     -5.209      0.000
    I4I5               2.279      1.016      2.242      0.025
    I4I6               2.074      0.965      2.150      0.032
    I5I6               0.205      0.090      2.268      0.023
    I7I8              -0.876      0.160     -5.485      0.000
    I7I9              -0.756      0.154     -4.918      0.000
    I8I9              -0.121      0.043     -2.780      0.005
    I10I11            -0.911      0.158     -5.763      0.000
    I10I12             0.399      0.176      2.273      0.023
    I11I12             1.309      0.234      5.586      0.000
    I13I14            -0.068      0.147     -0.463      0.644
    I13I15            -0.785      0.129     -6.098      0.000
    I14I15            -0.853      0.192     -4.449      0.000
    I16I17             0.260      0.096      2.722      0.006
    I16I18             0.310      0.092      3.366      0.001
    I17I18             0.571      0.146      3.913      0.000
    I19I20            -0.251      0.087     -2.886      0.004
    I19I21            -0.314      0.128     -2.458      0.014
    I20I21            -0.063      0.118     -0.538      0.590
    I22I23             0.022      0.037      0.615      0.538
    I22I24            -0.040      0.062     -0.654      0.513
    I23I24            -0.018      0.062     -0.285      0.776
    I25I26            -0.842      0.134     -6.288      0.000
    I25I27            -1.439      0.224     -6.411      0.000
    I26I27            -0.597      0.162     -3.694      0.000

 NAR      WITH
    PUM                0.785      0.059     13.350      0.000

 I1I2     WITH
    I1I3               1.000      0.000    999.000    999.000
    I2I3              -1.000      0.000    999.000    999.000

 I1I3     WITH
    I2I3               1.000      0.000    999.000    999.000

 I4I5     WITH
    I4I6               1.000      0.000    999.000    999.000
    I5I6              -1.271      0.762     -1.668      0.095

 I4I6     WITH
    I5I6               0.812      0.513      1.583      0.113

 I7I8     WITH
    I7I9               1.000      0.000    999.000    999.000
    I8I9              -0.275      0.085     -3.223      0.001

 I7I9     WITH
    I8I9               0.101      0.052      1.944      0.052

 I10I11   WITH
    I10I12             1.000      0.000    999.000    999.000
    I11I12            -2.002      0.589     -3.400      0.001

 I10I12   WITH
    I11I12             2.338      0.690      3.389      0.001

 I13I14   WITH
    I13I15             1.000      0.000    999.000    999.000
    I14I15            -1.469      0.580     -2.534      0.011

 I13I15   WITH
    I14I15             0.214      0.145      1.473      0.141

 I16I17   WITH
    I16I18             1.000      0.000    999.000    999.000
    I17I18            -0.220      0.090     -2.450      0.014

 I16I18   WITH
    I17I18             0.665      0.162      4.102      0.000

 I19I20   WITH
    I19I21             1.000      0.000    999.000    999.000
    I20I21            -0.739      0.212     -3.486      0.000

 I19I21   WITH
    I20I21             0.600      0.220      2.724      0.006

 I22I23   WITH
    I22I24             1.000      0.000    999.000    999.000
    I23I24            -0.713      0.124     -5.758      0.000

 I22I24   WITH
    I23I24             0.349      0.091      3.858      0.000

 I25I26   WITH
    I25I27             1.000      0.000    999.000    999.000
    I26I27            -0.760      0.232     -3.276      0.001

 I25I27   WITH
    I26I27             0.732      0.230      3.183      0.001

 Means
    NAR                0.000      0.000    999.000    999.000
    PUM                0.000      0.000    999.000    999.000

 Thresholds
    I1I2$1             0.074      0.060      1.232      0.218
    I1I3$1            -1.789      0.080    -22.395      0.000
    I2I3$1            -1.621      0.078    -20.859      0.000
    I4I5$1            -1.800      0.498     -3.613      0.000
    I4I6$1            -0.688      0.203     -3.388      0.001
    I5I6$1             1.214      0.363      3.348      0.001
    I7I8$1            -1.044      0.089    -11.750      0.000
    I7I9$1            -1.134      0.080    -14.195      0.000
    I8I9$1            -0.269      0.042     -6.372      0.000
    I10I11$1          -1.491      0.176     -8.461      0.000
    I10I12$1           0.485      0.092      5.255      0.000
    I11I12$1           2.031      0.259      7.831      0.000
    I13I14$1          -1.529      0.226     -6.749      0.000
    I13I15$1          -1.645      0.144    -11.419      0.000
    I14I15$1          -0.836      0.162     -5.144      0.000
    I16I17$1           0.905      0.065     13.987      0.000
    I16I18$1           1.191      0.090     13.298      0.000
    I17I18$1           0.303      0.059      5.177      0.000
    I19I20$1          -0.763      0.076     -9.987      0.000
    I19I21$1          -1.992      0.178    -11.192      0.000
    I20I21$1          -1.152      0.164     -7.003      0.000
    I22I23$1          -0.299      0.058     -5.138      0.000
    I22I24$1          -0.187      0.049     -3.802      0.000
    I23I24$1           0.194      0.048      4.075      0.000
    I25I26$1          -1.016      0.110     -9.197      0.000
    I25I27$1          -1.731      0.165    -10.487      0.000
    I26I27$1          -0.698      0.105     -6.623      0.000

 Variances
    NAR                1.000      0.000    999.000    999.000
    PUM                1.000      0.000    999.000    999.000

 Residual Variances
    I1I2               2.000      0.000    999.000    999.000
    I1I3               2.000      0.000    999.000    999.000
    I2I3               2.000      0.000    999.000    999.000
    I4I5               2.271      0.762      2.981      0.003
    I4I6               1.812      0.513      3.533      0.000
    I5I6               2.083      1.222      1.704      0.088
    I7I8               1.275      0.085     14.925      0.000
    I7I9               1.101      0.052     21.240      0.000
    I8I9               0.376      0.092      4.067      0.000
    I10I11             3.002      0.589      5.098      0.000
    I10I12             3.338      0.690      4.839      0.000
    I11I12             4.340      1.156      3.754      0.000
    I13I14             2.469      0.580      4.260      0.000
    I13I15             1.214      0.145      8.352      0.000
    I14I15             1.683      0.604      2.788      0.005
    I16I17             1.220      0.090     13.567      0.000
    I16I18             1.665      0.162     10.267      0.000
    I17I18             0.886      0.191      4.645      0.000
    I19I20             1.739      0.212      8.205      0.000
    I19I21             1.600      0.220      7.262      0.000
    I20I21             1.339      0.370      3.615      0.000
    I22I23             1.713      0.124     13.836      0.000
    I22I24             1.349      0.091     14.906      0.000
    I23I24             1.062      0.166      6.407      0.000
    I25I26             1.760      0.232      7.586      0.000
    I25I27             1.732      0.230      7.533      0.000
    I26I27             1.492      0.392      3.806      0.000


R-SQUARE

    Observed                                        Two-Tailed     Scale
    Variable        Estimate       S.E.  Est./S.E.    P-Value     Factors

    I1I2               0.039      0.020      1.986      0.047      0.693
    I1I3               0.001      0.004      0.308      0.758      0.707
    I2I3               0.034      0.012      2.695      0.007      0.695
    I4I5               0.544      0.111      4.895      0.000      0.448
    I4I6               0.596      0.122      4.864      0.000      0.472
    I5I6               0.020      0.013      1.514      0.130      0.686
    I7I8               0.329      0.055      5.998      0.000      0.726
    I7I9               0.290      0.060      4.827      0.000      0.803
    I8I9               0.037      0.023      1.646      0.100      1.600
    I10I11             0.216      0.053      4.120      0.000      0.511
    I10I12             0.039      0.023      1.723      0.085      0.536
    I11I12             0.274      0.053      5.219      0.000      0.409
    I13I14             0.271      0.062      4.363      0.000      0.543
    I13I15             0.337      0.071      4.770      0.000      0.739
    I14I15             0.160      0.042      3.813      0.000      0.706
    I16I17             0.090      0.036      2.469      0.014      0.864
    I16I18             0.055      0.029      1.889      0.059      0.753
    I17I18             0.252      0.061      4.137      0.000      0.919
    I19I20             0.035      0.023      1.547      0.122      0.745
    I19I21             0.178      0.056      3.174      0.002      0.716
    I20I21             0.089      0.038      2.340      0.019      0.825
    I22I23             0.067      0.027      2.451      0.014      0.738
    I22I24             0.001      0.004      0.328      0.743      0.860
    I23I24             0.106      0.036      2.917      0.004      0.917
    I25I26             0.287      0.055      5.263      0.000      0.636
    I25I27             0.356      0.063      5.624      0.000      0.610
    I26I27             0.120      0.039      3.085      0.002      0.768


QUALITY OF NUMERICAL RESULTS

     Condition Number for the Information Matrix              0.453E-04
       (ratio of smallest to largest eigenvalue)


SAMPLE STATISTICS FOR ESTIMATED FACTOR SCORES


     SAMPLE STATISTICS


           Means
              NAR           NAR_SE        PUM           PUM_SE
              ________      ________      ________      ________
                0.038         0.634         0.027         0.624


           Covariances
              NAR           NAR_SE        PUM           PUM_SE
              ________      ________      ________      ________
 NAR            0.597
 NAR_SE        -0.031         0.002
 PUM            0.489        -0.029         0.619
 PUM_SE        -0.037         0.003        -0.047         0.004


           Correlations
              NAR           NAR_SE        PUM           PUM_SE
              ________      ________      ________      ________
 NAR            1.000
 NAR_SE        -0.873         1.000
 PUM            0.805        -0.785         1.000
 PUM_SE        -0.741         0.838        -0.931         1.000


SAVEDATA INFORMATION


  Save file
    fscores_sd_critA.dat

  Order and format of variables

    I1I2           F10.3
    I1I3           F10.3
    I2I3           F10.3
    I4I5           F10.3
    I4I6           F10.3
    I5I6           F10.3
    I7I8           F10.3
    I7I9           F10.3
    I8I9           F10.3
    I10I11         F10.3
    I10I12         F10.3
    I11I12         F10.3
    I13I14         F10.3
    I13I15         F10.3
    I14I15         F10.3
    I16I17         F10.3
    I16I18         F10.3
    I17I18         F10.3
    I19I20         F10.3
    I19I21         F10.3
    I20I21         F10.3
    I22I23         F10.3
    I22I24         F10.3
    I23I24         F10.3
    I25I26         F10.3
    I25I27         F10.3
    I26I27         F10.3
    NAR            F10.3
    NAR_SE         F10.3
    PUM            F10.3
    PUM_SE         F10.3
    ID             I5

  Save file format
    31F10.3 I5

  Save file record length    10000

  Save missing symbol        *


     Beginning Time:  19:01:43
        Ending Time:  19:01:44
       Elapsed Time:  00:00:01



MUTHEN & MUTHEN
3463 Stoner Ave.
Los Angeles, CA  90066

Tel: (310) 391-9971
Fax: (310) 391-8971
Web: www.StatModel.com
Support: Support@StatModel.com

Copyright (c) 1998-2020 Muthen & Muthen
